[0.208s] DEBUG:colcon:Command line arguments: ['/usr/bin/colcon', 'build', '--symlink-install']
[0.208s] DEBUG:colcon:Parsed command line arguments: Namespace(allow_overriding=[], ament_cmake_args=None, base_paths=['.'], build_base='build', catkin_cmake_args=None, catkin_skip_building_tests=False, cmake_args=None, cmake_clean_cache=False, cmake_clean_first=False, cmake_force_configure=False, cmake_target=None, cmake_target_skip_unavailable=False, continue_on_error=False, event_handlers=None, executor='parallel', ignore_user_meta=False, install_base='install', log_base=None, log_level=None, main=<bound method BuildVerb.main of <colcon_core.verb.build.BuildVerb object at 0x7f5beb5ea310>>, merge_install=False, metas=['./colcon.meta'], mixin=None, mixin_files=None, mixin_verb=('build',), packages_above=None, packages_above_and_dependencies=None, packages_above_depth=None, packages_end=None, packages_ignore=None, packages_ignore_regex=None, packages_select=None, packages_select_build_failed=False, packages_select_by_dep=None, packages_select_regex=None, packages_select_test_failures=False, packages_skip=None, packages_skip_build_finished=False, packages_skip_by_dep=None, packages_skip_regex=None, packages_skip_test_passed=False, packages_skip_up_to=None, packages_start=None, packages_up_to=None, packages_up_to_regex=None, parallel_workers=8, paths=None, symlink_install=True, test_result_base=None, verb_extension=<colcon_core.verb.build.BuildVerb object at 0x7f5beb5ea310>, verb_name='build', verb_parser=<colcon_mixin.mixin.mixin_argument.MixinArgumentDecorator object at 0x7f5beb54c790>)
[0.363s] Level 1:colcon.colcon_core.package_discovery:discover_packages(colcon_meta) check parameters
[0.364s] Level 1:colcon.colcon_core.package_discovery:discover_packages(recursive) check parameters
[0.364s] Level 1:colcon.colcon_core.package_discovery:discover_packages(ignore) check parameters
[0.364s] Level 1:colcon.colcon_core.package_discovery:discover_packages(path) check parameters
[0.364s] Level 1:colcon.colcon_core.package_discovery:discover_packages(colcon_meta) discover
[0.364s] Level 1:colcon.colcon_core.package_discovery:discover_packages(recursive) discover
[0.364s] INFO:colcon.colcon_core.package_discovery:Crawling recursively for packages in '/home/xk/go2_slam_nav'
[0.364s] Level 1:colcon.colcon_core.package_identification:_identify(.) by extensions ['ignore', 'ignore_ament_install']
[0.364s] Level 1:colcon.colcon_core.package_identification:_identify(.) by extension 'ignore'
[0.364s] Level 1:colcon.colcon_core.package_identification:_identify(.) by extension 'ignore_ament_install'
[0.364s] Level 1:colcon.colcon_core.package_identification:_identify(.) by extensions ['colcon_pkg']
[0.364s] Level 1:colcon.colcon_core.package_identification:_identify(.) by extension 'colcon_pkg'
[0.364s] Level 1:colcon.colcon_core.package_identification:_identify(.) by extensions ['colcon_meta']
[0.364s] Level 1:colcon.colcon_core.package_identification:_identify(.) by extension 'colcon_meta'
[0.364s] Level 1:colcon.colcon_core.package_identification:_identify(.) by extensions ['ros']
[0.364s] Level 1:colcon.colcon_core.package_identification:_identify(.) by extension 'ros'
[0.375s] Level 1:colcon.colcon_core.package_identification:_identify(.) by extensions ['cmake', 'python']
[0.375s] Level 1:colcon.colcon_core.package_identification:_identify(.) by extension 'cmake'
[0.375s] Level 1:colcon.colcon_core.package_identification:_identify(.) by extension 'python'
[0.375s] Level 1:colcon.colcon_core.package_identification:_identify(.) by extensions ['python_setup_py']
[0.375s] Level 1:colcon.colcon_core.package_identification:_identify(.) by extension 'python_setup_py'
[0.375s] Level 1:colcon.colcon_core.package_identification:_identify(build) by extensions ['ignore', 'ignore_ament_install']
[0.375s] Level 1:colcon.colcon_core.package_identification:_identify(build) by extension 'ignore'
[0.375s] Level 1:colcon.colcon_core.package_identification:_identify(build) ignored
[0.375s] Level 1:colcon.colcon_core.package_identification:_identify(install) by extensions ['ignore', 'ignore_ament_install']
[0.375s] Level 1:colcon.colcon_core.package_identification:_identify(install) by extension 'ignore'
[0.375s] Level 1:colcon.colcon_core.package_identification:_identify(install) ignored
[0.376s] Level 1:colcon.colcon_core.package_identification:_identify(log) by extensions ['ignore', 'ignore_ament_install']
[0.376s] Level 1:colcon.colcon_core.package_identification:_identify(log) by extension 'ignore'
[0.376s] Level 1:colcon.colcon_core.package_identification:_identify(log) ignored
[0.376s] Level 1:colcon.colcon_core.package_identification:_identify(src) by extensions ['ignore', 'ignore_ament_install']
[0.376s] Level 1:colcon.colcon_core.package_identification:_identify(src) by extension 'ignore'
[0.376s] Level 1:colcon.colcon_core.package_identification:_identify(src) by extension 'ignore_ament_install'
[0.376s] Level 1:colcon.colcon_core.package_identification:_identify(src) by extensions ['colcon_pkg']
[0.376s] Level 1:colcon.colcon_core.package_identification:_identify(src) by extension 'colcon_pkg'
[0.376s] Level 1:colcon.colcon_core.package_identification:_identify(src) by extensions ['colcon_meta']
[0.376s] Level 1:colcon.colcon_core.package_identification:_identify(src) by extension 'colcon_meta'
[0.376s] Level 1:colcon.colcon_core.package_identification:_identify(src) by extensions ['ros']
[0.376s] Level 1:colcon.colcon_core.package_identification:_identify(src) by extension 'ros'
[0.376s] Level 1:colcon.colcon_core.package_identification:_identify(src) by extensions ['cmake', 'python']
[0.376s] Level 1:colcon.colcon_core.package_identification:_identify(src) by extension 'cmake'
[0.376s] Level 1:colcon.colcon_core.package_identification:_identify(src) by extension 'python'
[0.376s] Level 1:colcon.colcon_core.package_identification:_identify(src) by extensions ['python_setup_py']
[0.376s] Level 1:colcon.colcon_core.package_identification:_identify(src) by extension 'python_setup_py'
[0.376s] Level 1:colcon.colcon_core.package_identification:_identify(src/build) by extensions ['ignore', 'ignore_ament_install']
[0.376s] Level 1:colcon.colcon_core.package_identification:_identify(src/build) by extension 'ignore'
[0.377s] Level 1:colcon.colcon_core.package_identification:_identify(src/build) ignored
[0.377s] Level 1:colcon.colcon_core.package_identification:_identify(src/go2_nav2) by extensions ['ignore', 'ignore_ament_install']
[0.377s] Level 1:colcon.colcon_core.package_identification:_identify(src/go2_nav2) by extension 'ignore'
[0.377s] Level 1:colcon.colcon_core.package_identification:_identify(src/go2_nav2) by extension 'ignore_ament_install'
[0.377s] Level 1:colcon.colcon_core.package_identification:_identify(src/go2_nav2) by extensions ['colcon_pkg']
[0.377s] Level 1:colcon.colcon_core.package_identification:_identify(src/go2_nav2) by extension 'colcon_pkg'
[0.377s] Level 1:colcon.colcon_core.package_identification:_identify(src/go2_nav2) by extensions ['colcon_meta']
[0.377s] Level 1:colcon.colcon_core.package_identification:_identify(src/go2_nav2) by extension 'colcon_meta'
[0.377s] Level 1:colcon.colcon_core.package_identification:_identify(src/go2_nav2) by extensions ['ros']
[0.377s] Level 1:colcon.colcon_core.package_identification:_identify(src/go2_nav2) by extension 'ros'
[0.379s] DEBUG:colcon.colcon_core.package_identification:Package 'src/go2_nav2' with type 'ros.ament_python' and name 'go2_nav2'
[0.379s] Level 1:colcon.colcon_core.package_identification:_identify(src/go2_rtabmap) by extensions ['ignore', 'ignore_ament_install']
[0.380s] Level 1:colcon.colcon_core.package_identification:_identify(src/go2_rtabmap) by extension 'ignore'
[0.380s] Level 1:colcon.colcon_core.package_identification:_identify(src/go2_rtabmap) by extension 'ignore_ament_install'
[0.380s] Level 1:colcon.colcon_core.package_identification:_identify(src/go2_rtabmap) by extensions ['colcon_pkg']
[0.380s] Level 1:colcon.colcon_core.package_identification:_identify(src/go2_rtabmap) by extension 'colcon_pkg'
[0.380s] Level 1:colcon.colcon_core.package_identification:_identify(src/go2_rtabmap) by extensions ['colcon_meta']
[0.380s] Level 1:colcon.colcon_core.package_identification:_identify(src/go2_rtabmap) by extension 'colcon_meta'
[0.380s] Level 1:colcon.colcon_core.package_identification:_identify(src/go2_rtabmap) by extensions ['ros']
[0.380s] Level 1:colcon.colcon_core.package_identification:_identify(src/go2_rtabmap) by extension 'ros'
[0.380s] DEBUG:colcon.colcon_core.package_identification:Package 'src/go2_rtabmap' with type 'ros.ament_python' and name 'go2_rtabmap'
[0.380s] Level 1:colcon.colcon_core.package_identification:_identify(src/imu_tools) by extensions ['ignore', 'ignore_ament_install']
[0.381s] Level 1:colcon.colcon_core.package_identification:_identify(src/imu_tools) by extension 'ignore'
[0.381s] Level 1:colcon.colcon_core.package_identification:_identify(src/imu_tools) by extension 'ignore_ament_install'
[0.381s] Level 1:colcon.colcon_core.package_identification:_identify(src/imu_tools) by extensions ['colcon_pkg']
[0.381s] Level 1:colcon.colcon_core.package_identification:_identify(src/imu_tools) by extension 'colcon_pkg'
[0.381s] Level 1:colcon.colcon_core.package_identification:_identify(src/imu_tools) by extensions ['colcon_meta']
[0.381s] Level 1:colcon.colcon_core.package_identification:_identify(src/imu_tools) by extension 'colcon_meta'
[0.381s] Level 1:colcon.colcon_core.package_identification:_identify(src/imu_tools) by extensions ['ros']
[0.381s] Level 1:colcon.colcon_core.package_identification:_identify(src/imu_tools) by extension 'ros'
[0.381s] Level 1:colcon.colcon_core.package_identification:_identify(src/imu_tools) by extensions ['cmake', 'python']
[0.381s] Level 1:colcon.colcon_core.package_identification:_identify(src/imu_tools) by extension 'cmake'
[0.381s] Level 1:colcon.colcon_core.package_identification:_identify(src/imu_tools) by extension 'python'
[0.381s] Level 1:colcon.colcon_core.package_identification:_identify(src/imu_tools) by extensions ['python_setup_py']
[0.381s] Level 1:colcon.colcon_core.package_identification:_identify(src/imu_tools) by extension 'python_setup_py'
[0.381s] Level 1:colcon.colcon_core.package_identification:_identify(src/imu_tools/imu_complementary_filter) by extensions ['ignore', 'ignore_ament_install']
[0.381s] Level 1:colcon.colcon_core.package_identification:_identify(src/imu_tools/imu_complementary_filter) by extension 'ignore'
[0.381s] Level 1:colcon.colcon_core.package_identification:_identify(src/imu_tools/imu_complementary_filter) by extension 'ignore_ament_install'
[0.381s] Level 1:colcon.colcon_core.package_identification:_identify(src/imu_tools/imu_complementary_filter) by extensions ['colcon_pkg']
[0.381s] Level 1:colcon.colcon_core.package_identification:_identify(src/imu_tools/imu_complementary_filter) by extension 'colcon_pkg'
[0.381s] Level 1:colcon.colcon_core.package_identification:_identify(src/imu_tools/imu_complementary_filter) by extensions ['colcon_meta']
[0.382s] Level 1:colcon.colcon_core.package_identification:_identify(src/imu_tools/imu_complementary_filter) by extension 'colcon_meta'
[0.382s] Level 1:colcon.colcon_core.package_identification:_identify(src/imu_tools/imu_complementary_filter) by extensions ['ros']
[0.382s] Level 1:colcon.colcon_core.package_identification:_identify(src/imu_tools/imu_complementary_filter) by extension 'ros'
[0.382s] DEBUG:colcon.colcon_core.package_identification:Package 'src/imu_tools/imu_complementary_filter' with type 'ros.ament_cmake' and name 'imu_complementary_filter'
[0.382s] Level 1:colcon.colcon_core.package_identification:_identify(src/imu_tools/imu_filter_madgwick) by extensions ['ignore', 'ignore_ament_install']
[0.382s] Level 1:colcon.colcon_core.package_identification:_identify(src/imu_tools/imu_filter_madgwick) by extension 'ignore'
[0.382s] Level 1:colcon.colcon_core.package_identification:_identify(src/imu_tools/imu_filter_madgwick) by extension 'ignore_ament_install'
[0.382s] Level 1:colcon.colcon_core.package_identification:_identify(src/imu_tools/imu_filter_madgwick) by extensions ['colcon_pkg']
[0.383s] Level 1:colcon.colcon_core.package_identification:_identify(src/imu_tools/imu_filter_madgwick) by extension 'colcon_pkg'
[0.383s] Level 1:colcon.colcon_core.package_identification:_identify(src/imu_tools/imu_filter_madgwick) by extensions ['colcon_meta']
[0.383s] Level 1:colcon.colcon_core.package_identification:_identify(src/imu_tools/imu_filter_madgwick) by extension 'colcon_meta'
[0.383s] Level 1:colcon.colcon_core.package_identification:_identify(src/imu_tools/imu_filter_madgwick) by extensions ['ros']
[0.383s] Level 1:colcon.colcon_core.package_identification:_identify(src/imu_tools/imu_filter_madgwick) by extension 'ros'
[0.384s] DEBUG:colcon.colcon_core.package_identification:Package 'src/imu_tools/imu_filter_madgwick' with type 'ros.ament_cmake' and name 'imu_filter_madgwick'
[0.384s] Level 1:colcon.colcon_core.package_identification:_identify(src/imu_tools/imu_tools) by extensions ['ignore', 'ignore_ament_install']
[0.384s] Level 1:colcon.colcon_core.package_identification:_identify(src/imu_tools/imu_tools) by extension 'ignore'
[0.384s] Level 1:colcon.colcon_core.package_identification:_identify(src/imu_tools/imu_tools) by extension 'ignore_ament_install'
[0.384s] Level 1:colcon.colcon_core.package_identification:_identify(src/imu_tools/imu_tools) by extensions ['colcon_pkg']
[0.384s] Level 1:colcon.colcon_core.package_identification:_identify(src/imu_tools/imu_tools) by extension 'colcon_pkg'
[0.384s] Level 1:colcon.colcon_core.package_identification:_identify(src/imu_tools/imu_tools) by extensions ['colcon_meta']
[0.384s] Level 1:colcon.colcon_core.package_identification:_identify(src/imu_tools/imu_tools) by extension 'colcon_meta'
[0.384s] Level 1:colcon.colcon_core.package_identification:_identify(src/imu_tools/imu_tools) by extensions ['ros']
[0.384s] Level 1:colcon.colcon_core.package_identification:_identify(src/imu_tools/imu_tools) by extension 'ros'
[0.385s] DEBUG:colcon.colcon_core.package_identification:Package 'src/imu_tools/imu_tools' with type 'ros.ament_cmake' and name 'imu_tools'
[0.385s] Level 1:colcon.colcon_core.package_identification:_identify(src/imu_tools/rviz_imu_plugin) by extensions ['ignore', 'ignore_ament_install']
[0.385s] Level 1:colcon.colcon_core.package_identification:_identify(src/imu_tools/rviz_imu_plugin) by extension 'ignore'
[0.385s] Level 1:colcon.colcon_core.package_identification:_identify(src/imu_tools/rviz_imu_plugin) by extension 'ignore_ament_install'
[0.385s] Level 1:colcon.colcon_core.package_identification:_identify(src/imu_tools/rviz_imu_plugin) by extensions ['colcon_pkg']
[0.385s] Level 1:colcon.colcon_core.package_identification:_identify(src/imu_tools/rviz_imu_plugin) by extension 'colcon_pkg'
[0.385s] Level 1:colcon.colcon_core.package_identification:_identify(src/imu_tools/rviz_imu_plugin) by extensions ['colcon_meta']
[0.385s] Level 1:colcon.colcon_core.package_identification:_identify(src/imu_tools/rviz_imu_plugin) by extension 'colcon_meta'
[0.385s] Level 1:colcon.colcon_core.package_identification:_identify(src/imu_tools/rviz_imu_plugin) by extensions ['ros']
[0.385s] Level 1:colcon.colcon_core.package_identification:_identify(src/imu_tools/rviz_imu_plugin) by extension 'ros'
[0.387s] DEBUG:colcon.colcon_core.package_identification:Package 'src/imu_tools/rviz_imu_plugin' with type 'ros.ament_cmake' and name 'rviz_imu_plugin'
[0.387s] Level 1:colcon.colcon_core.package_identification:_identify(src/install) by extensions ['ignore', 'ignore_ament_install']
[0.387s] Level 1:colcon.colcon_core.package_identification:_identify(src/install) by extension 'ignore'
[0.387s] Level 1:colcon.colcon_core.package_identification:_identify(src/install) ignored
[0.387s] Level 1:colcon.colcon_core.package_identification:_identify(src/log) by extensions ['ignore', 'ignore_ament_install']
[0.387s] Level 1:colcon.colcon_core.package_identification:_identify(src/log) by extension 'ignore'
[0.387s] Level 1:colcon.colcon_core.package_identification:_identify(src/log) ignored
[0.387s] Level 1:colcon.colcon_core.package_identification:_identify(src/my_unitree_controller) by extensions ['ignore', 'ignore_ament_install']
[0.387s] Level 1:colcon.colcon_core.package_identification:_identify(src/my_unitree_controller) by extension 'ignore'
[0.387s] Level 1:colcon.colcon_core.package_identification:_identify(src/my_unitree_controller) by extension 'ignore_ament_install'
[0.387s] Level 1:colcon.colcon_core.package_identification:_identify(src/my_unitree_controller) by extensions ['colcon_pkg']
[0.387s] Level 1:colcon.colcon_core.package_identification:_identify(src/my_unitree_controller) by extension 'colcon_pkg'
[0.387s] Level 1:colcon.colcon_core.package_identification:_identify(src/my_unitree_controller) by extensions ['colcon_meta']
[0.387s] Level 1:colcon.colcon_core.package_identification:_identify(src/my_unitree_controller) by extension 'colcon_meta'
[0.388s] Level 1:colcon.colcon_core.package_identification:_identify(src/my_unitree_controller) by extensions ['ros']
[0.388s] Level 1:colcon.colcon_core.package_identification:_identify(src/my_unitree_controller) by extension 'ros'
[0.388s] DEBUG:colcon.colcon_core.package_identification:Package 'src/my_unitree_controller' with type 'ros.ament_python' and name 'my_unitree_controller'
[0.388s] Level 1:colcon.colcon_core.package_discovery:discover_packages(recursive) using defaults
[0.388s] Level 1:colcon.colcon_core.package_discovery:discover_packages(ignore) discover
[0.388s] Level 1:colcon.colcon_core.package_discovery:discover_packages(ignore) using defaults
[0.388s] Level 1:colcon.colcon_core.package_discovery:discover_packages(path) discover
[0.389s] Level 1:colcon.colcon_core.package_discovery:discover_packages(path) using defaults
[0.414s] Level 1:colcon.colcon_core.package_discovery:discover_packages(prefix_path) check parameters
[0.414s] Level 1:colcon.colcon_core.package_discovery:discover_packages(prefix_path) discover
[0.416s] DEBUG:colcon.colcon_installed_package_information.package_discovery:Found 5 installed packages in /home/xk/unitree_ros2/cyclonedds_ws/install
[0.417s] DEBUG:colcon.colcon_installed_package_information.package_discovery:Found 381 installed packages in /opt/ros/foxy
[0.419s] Level 1:colcon.colcon_core.package_discovery:discover_packages(prefix_path) using defaults
[0.493s] Level 5:colcon.colcon_core.verb:set package 'go2_nav2' build argument 'cmake_args' from command line to 'None'
[0.493s] Level 5:colcon.colcon_core.verb:set package 'go2_nav2' build argument 'cmake_target' from command line to 'None'
[0.493s] Level 5:colcon.colcon_core.verb:set package 'go2_nav2' build argument 'cmake_target_skip_unavailable' from command line to 'False'
[0.493s] Level 5:colcon.colcon_core.verb:set package 'go2_nav2' build argument 'cmake_clean_cache' from command line to 'False'
[0.493s] Level 5:colcon.colcon_core.verb:set package 'go2_nav2' build argument 'cmake_clean_first' from command line to 'False'
[0.493s] Level 5:colcon.colcon_core.verb:set package 'go2_nav2' build argument 'cmake_force_configure' from command line to 'False'
[0.493s] Level 5:colcon.colcon_core.verb:set package 'go2_nav2' build argument 'ament_cmake_args' from command line to 'None'
[0.493s] Level 5:colcon.colcon_core.verb:set package 'go2_nav2' build argument 'catkin_cmake_args' from command line to 'None'
[0.493s] Level 5:colcon.colcon_core.verb:set package 'go2_nav2' build argument 'catkin_skip_building_tests' from command line to 'False'
[0.493s] DEBUG:colcon.colcon_core.verb:Building package 'go2_nav2' with the following arguments: {'ament_cmake_args': None, 'build_base': '/home/xk/go2_slam_nav/build/go2_nav2', 'catkin_cmake_args': None, 'catkin_skip_building_tests': False, 'cmake_args': None, 'cmake_clean_cache': False, 'cmake_clean_first': False, 'cmake_force_configure': False, 'cmake_target': None, 'cmake_target_skip_unavailable': False, 'install_base': '/home/xk/go2_slam_nav/install/go2_nav2', 'merge_install': False, 'path': '/home/xk/go2_slam_nav/src/go2_nav2', 'symlink_install': True, 'test_result_base': None}
[0.494s] Level 5:colcon.colcon_core.verb:set package 'go2_rtabmap' build argument 'cmake_args' from command line to 'None'
[0.494s] Level 5:colcon.colcon_core.verb:set package 'go2_rtabmap' build argument 'cmake_target' from command line to 'None'
[0.494s] Level 5:colcon.colcon_core.verb:set package 'go2_rtabmap' build argument 'cmake_target_skip_unavailable' from command line to 'False'
[0.494s] Level 5:colcon.colcon_core.verb:set package 'go2_rtabmap' build argument 'cmake_clean_cache' from command line to 'False'
[0.494s] Level 5:colcon.colcon_core.verb:set package 'go2_rtabmap' build argument 'cmake_clean_first' from command line to 'False'
[0.494s] Level 5:colcon.colcon_core.verb:set package 'go2_rtabmap' build argument 'cmake_force_configure' from command line to 'False'
[0.494s] Level 5:colcon.colcon_core.verb:set package 'go2_rtabmap' build argument 'ament_cmake_args' from command line to 'None'
[0.494s] Level 5:colcon.colcon_core.verb:set package 'go2_rtabmap' build argument 'catkin_cmake_args' from command line to 'None'
[0.494s] Level 5:colcon.colcon_core.verb:set package 'go2_rtabmap' build argument 'catkin_skip_building_tests' from command line to 'False'
[0.494s] DEBUG:colcon.colcon_core.verb:Building package 'go2_rtabmap' with the following arguments: {'ament_cmake_args': None, 'build_base': '/home/xk/go2_slam_nav/build/go2_rtabmap', 'catkin_cmake_args': None, 'catkin_skip_building_tests': False, 'cmake_args': None, 'cmake_clean_cache': False, 'cmake_clean_first': False, 'cmake_force_configure': False, 'cmake_target': None, 'cmake_target_skip_unavailable': False, 'install_base': '/home/xk/go2_slam_nav/install/go2_rtabmap', 'merge_install': False, 'path': '/home/xk/go2_slam_nav/src/go2_rtabmap', 'symlink_install': True, 'test_result_base': None}
[0.494s] Level 5:colcon.colcon_core.verb:set package 'imu_complementary_filter' build argument 'cmake_args' from command line to 'None'
[0.494s] Level 5:colcon.colcon_core.verb:set package 'imu_complementary_filter' build argument 'cmake_target' from command line to 'None'
[0.494s] Level 5:colcon.colcon_core.verb:set package 'imu_complementary_filter' build argument 'cmake_target_skip_unavailable' from command line to 'False'
[0.494s] Level 5:colcon.colcon_core.verb:set package 'imu_complementary_filter' build argument 'cmake_clean_cache' from command line to 'False'
[0.494s] Level 5:colcon.colcon_core.verb:set package 'imu_complementary_filter' build argument 'cmake_clean_first' from command line to 'False'
[0.494s] Level 5:colcon.colcon_core.verb:set package 'imu_complementary_filter' build argument 'cmake_force_configure' from command line to 'False'
[0.494s] Level 5:colcon.colcon_core.verb:set package 'imu_complementary_filter' build argument 'ament_cmake_args' from command line to 'None'
[0.494s] Level 5:colcon.colcon_core.verb:set package 'imu_complementary_filter' build argument 'catkin_cmake_args' from command line to 'None'
[0.494s] Level 5:colcon.colcon_core.verb:set package 'imu_complementary_filter' build argument 'catkin_skip_building_tests' from command line to 'False'
[0.494s] DEBUG:colcon.colcon_core.verb:Building package 'imu_complementary_filter' with the following arguments: {'ament_cmake_args': None, 'build_base': '/home/xk/go2_slam_nav/build/imu_complementary_filter', 'catkin_cmake_args': None, 'catkin_skip_building_tests': False, 'cmake_args': None, 'cmake_clean_cache': False, 'cmake_clean_first': False, 'cmake_force_configure': False, 'cmake_target': None, 'cmake_target_skip_unavailable': False, 'install_base': '/home/xk/go2_slam_nav/install/imu_complementary_filter', 'merge_install': False, 'path': '/home/xk/go2_slam_nav/src/imu_tools/imu_complementary_filter', 'symlink_install': True, 'test_result_base': None}
[0.495s] Level 5:colcon.colcon_core.verb:set package 'imu_filter_madgwick' build argument 'cmake_args' from command line to 'None'
[0.495s] Level 5:colcon.colcon_core.verb:set package 'imu_filter_madgwick' build argument 'cmake_target' from command line to 'None'
[0.495s] Level 5:colcon.colcon_core.verb:set package 'imu_filter_madgwick' build argument 'cmake_target_skip_unavailable' from command line to 'False'
[0.495s] Level 5:colcon.colcon_core.verb:set package 'imu_filter_madgwick' build argument 'cmake_clean_cache' from command line to 'False'
[0.495s] Level 5:colcon.colcon_core.verb:set package 'imu_filter_madgwick' build argument 'cmake_clean_first' from command line to 'False'
[0.495s] Level 5:colcon.colcon_core.verb:set package 'imu_filter_madgwick' build argument 'cmake_force_configure' from command line to 'False'
[0.495s] Level 5:colcon.colcon_core.verb:set package 'imu_filter_madgwick' build argument 'ament_cmake_args' from command line to 'None'
[0.495s] Level 5:colcon.colcon_core.verb:set package 'imu_filter_madgwick' build argument 'catkin_cmake_args' from command line to 'None'
[0.495s] Level 5:colcon.colcon_core.verb:set package 'imu_filter_madgwick' build argument 'catkin_skip_building_tests' from command line to 'False'
[0.495s] DEBUG:colcon.colcon_core.verb:Building package 'imu_filter_madgwick' with the following arguments: {'ament_cmake_args': None, 'build_base': '/home/xk/go2_slam_nav/build/imu_filter_madgwick', 'catkin_cmake_args': None, 'catkin_skip_building_tests': False, 'cmake_args': None, 'cmake_clean_cache': False, 'cmake_clean_first': False, 'cmake_force_configure': False, 'cmake_target': None, 'cmake_target_skip_unavailable': False, 'install_base': '/home/xk/go2_slam_nav/install/imu_filter_madgwick', 'merge_install': False, 'path': '/home/xk/go2_slam_nav/src/imu_tools/imu_filter_madgwick', 'symlink_install': True, 'test_result_base': None}
[0.495s] Level 5:colcon.colcon_core.verb:set package 'my_unitree_controller' build argument 'cmake_args' from command line to 'None'
[0.495s] Level 5:colcon.colcon_core.verb:set package 'my_unitree_controller' build argument 'cmake_target' from command line to 'None'
[0.495s] Level 5:colcon.colcon_core.verb:set package 'my_unitree_controller' build argument 'cmake_target_skip_unavailable' from command line to 'False'
[0.495s] Level 5:colcon.colcon_core.verb:set package 'my_unitree_controller' build argument 'cmake_clean_cache' from command line to 'False'
[0.495s] Level 5:colcon.colcon_core.verb:set package 'my_unitree_controller' build argument 'cmake_clean_first' from command line to 'False'
[0.495s] Level 5:colcon.colcon_core.verb:set package 'my_unitree_controller' build argument 'cmake_force_configure' from command line to 'False'
[0.495s] Level 5:colcon.colcon_core.verb:set package 'my_unitree_controller' build argument 'ament_cmake_args' from command line to 'None'
[0.495s] Level 5:colcon.colcon_core.verb:set package 'my_unitree_controller' build argument 'catkin_cmake_args' from command line to 'None'
[0.495s] Level 5:colcon.colcon_core.verb:set package 'my_unitree_controller' build argument 'catkin_skip_building_tests' from command line to 'False'
[0.496s] DEBUG:colcon.colcon_core.verb:Building package 'my_unitree_controller' with the following arguments: {'ament_cmake_args': None, 'build_base': '/home/xk/go2_slam_nav/build/my_unitree_controller', 'catkin_cmake_args': None, 'catkin_skip_building_tests': False, 'cmake_args': None, 'cmake_clean_cache': False, 'cmake_clean_first': False, 'cmake_force_configure': False, 'cmake_target': None, 'cmake_target_skip_unavailable': False, 'install_base': '/home/xk/go2_slam_nav/install/my_unitree_controller', 'merge_install': False, 'path': '/home/xk/go2_slam_nav/src/my_unitree_controller', 'symlink_install': True, 'test_result_base': None}
[0.496s] Level 5:colcon.colcon_core.verb:set package 'rviz_imu_plugin' build argument 'cmake_args' from command line to 'None'
[0.496s] Level 5:colcon.colcon_core.verb:set package 'rviz_imu_plugin' build argument 'cmake_target' from command line to 'None'
[0.496s] Level 5:colcon.colcon_core.verb:set package 'rviz_imu_plugin' build argument 'cmake_target_skip_unavailable' from command line to 'False'
[0.496s] Level 5:colcon.colcon_core.verb:set package 'rviz_imu_plugin' build argument 'cmake_clean_cache' from command line to 'False'
[0.496s] Level 5:colcon.colcon_core.verb:set package 'rviz_imu_plugin' build argument 'cmake_clean_first' from command line to 'False'
[0.496s] Level 5:colcon.colcon_core.verb:set package 'rviz_imu_plugin' build argument 'cmake_force_configure' from command line to 'False'
[0.496s] Level 5:colcon.colcon_core.verb:set package 'rviz_imu_plugin' build argument 'ament_cmake_args' from command line to 'None'
[0.496s] Level 5:colcon.colcon_core.verb:set package 'rviz_imu_plugin' build argument 'catkin_cmake_args' from command line to 'None'
[0.496s] Level 5:colcon.colcon_core.verb:set package 'rviz_imu_plugin' build argument 'catkin_skip_building_tests' from command line to 'False'
[0.496s] DEBUG:colcon.colcon_core.verb:Building package 'rviz_imu_plugin' with the following arguments: {'ament_cmake_args': None, 'build_base': '/home/xk/go2_slam_nav/build/rviz_imu_plugin', 'catkin_cmake_args': None, 'catkin_skip_building_tests': False, 'cmake_args': None, 'cmake_clean_cache': False, 'cmake_clean_first': False, 'cmake_force_configure': False, 'cmake_target': None, 'cmake_target_skip_unavailable': False, 'install_base': '/home/xk/go2_slam_nav/install/rviz_imu_plugin', 'merge_install': False, 'path': '/home/xk/go2_slam_nav/src/imu_tools/rviz_imu_plugin', 'symlink_install': True, 'test_result_base': None}
[0.496s] Level 5:colcon.colcon_core.verb:set package 'imu_tools' build argument 'cmake_args' from command line to 'None'
[0.496s] Level 5:colcon.colcon_core.verb:set package 'imu_tools' build argument 'cmake_target' from command line to 'None'
[0.496s] Level 5:colcon.colcon_core.verb:set package 'imu_tools' build argument 'cmake_target_skip_unavailable' from command line to 'False'
[0.496s] Level 5:colcon.colcon_core.verb:set package 'imu_tools' build argument 'cmake_clean_cache' from command line to 'False'
[0.497s] Level 5:colcon.colcon_core.verb:set package 'imu_tools' build argument 'cmake_clean_first' from command line to 'False'
[0.497s] Level 5:colcon.colcon_core.verb:set package 'imu_tools' build argument 'cmake_force_configure' from command line to 'False'
[0.497s] Level 5:colcon.colcon_core.verb:set package 'imu_tools' build argument 'ament_cmake_args' from command line to 'None'
[0.497s] Level 5:colcon.colcon_core.verb:set package 'imu_tools' build argument 'catkin_cmake_args' from command line to 'None'
[0.497s] Level 5:colcon.colcon_core.verb:set package 'imu_tools' build argument 'catkin_skip_building_tests' from command line to 'False'
[0.497s] DEBUG:colcon.colcon_core.verb:Building package 'imu_tools' with the following arguments: {'ament_cmake_args': None, 'build_base': '/home/xk/go2_slam_nav/build/imu_tools', 'catkin_cmake_args': None, 'catkin_skip_building_tests': False, 'cmake_args': None, 'cmake_clean_cache': False, 'cmake_clean_first': False, 'cmake_force_configure': False, 'cmake_target': None, 'cmake_target_skip_unavailable': False, 'install_base': '/home/xk/go2_slam_nav/install/imu_tools', 'merge_install': False, 'path': '/home/xk/go2_slam_nav/src/imu_tools/imu_tools', 'symlink_install': True, 'test_result_base': None}
[0.497s] INFO:colcon.colcon_core.executor:Executing jobs using 'parallel' executor
[0.498s] DEBUG:colcon.colcon_parallel_executor.executor.parallel:run_until_complete
[0.498s] INFO:colcon.colcon_ros.task.ament_cmake.build:Building ROS package in '/home/xk/go2_slam_nav/src/imu_tools/imu_complementary_filter' with build type 'ament_cmake'
[0.498s] INFO:colcon.colcon_cmake.task.cmake.build:Building CMake package in '/home/xk/go2_slam_nav/src/imu_tools/imu_complementary_filter'
[0.500s] INFO:colcon.colcon_core.plugin_system:Skipping extension 'colcon_core.shell.bat': Not used on non-Windows systems
[0.500s] INFO:colcon.colcon_core.shell:Skip shell extension 'powershell' for command environment: Not usable outside of PowerShell
[0.500s] DEBUG:colcon.colcon_core.shell:Skip shell extension 'dsv' for command environment
[0.505s] INFO:colcon.colcon_ros.task.ament_cmake.build:Building ROS package in '/home/xk/go2_slam_nav/src/imu_tools/imu_filter_madgwick' with build type 'ament_cmake'
[0.505s] INFO:colcon.colcon_cmake.task.cmake.build:Building CMake package in '/home/xk/go2_slam_nav/src/imu_tools/imu_filter_madgwick'
[0.506s] INFO:colcon.colcon_core.shell:Skip shell extension 'powershell' for command environment: Not usable outside of PowerShell
[0.506s] DEBUG:colcon.colcon_core.shell:Skip shell extension 'dsv' for command environment
[0.511s] INFO:colcon.colcon_ros.task.ament_cmake.build:Building ROS package in '/home/xk/go2_slam_nav/src/imu_tools/rviz_imu_plugin' with build type 'ament_cmake'
[0.512s] INFO:colcon.colcon_cmake.task.cmake.build:Building CMake package in '/home/xk/go2_slam_nav/src/imu_tools/rviz_imu_plugin'
[0.512s] INFO:colcon.colcon_core.shell:Skip shell extension 'powershell' for command environment: Not usable outside of PowerShell
[0.512s] DEBUG:colcon.colcon_core.shell:Skip shell extension 'dsv' for command environment
[0.518s] INFO:colcon.colcon_ros.task.ament_python.build:Building ROS package in '/home/xk/go2_slam_nav/src/go2_nav2' with build type 'ament_python'
[0.518s] Level 1:colcon.colcon_core.shell:create_environment_hook('go2_nav2', 'ament_prefix_path')
[0.518s] INFO:colcon.colcon_core.shell:Creating environment hook '/home/xk/go2_slam_nav/install/go2_nav2/share/go2_nav2/hook/ament_prefix_path.ps1'
[0.519s] INFO:colcon.colcon_core.shell:Creating environment descriptor '/home/xk/go2_slam_nav/install/go2_nav2/share/go2_nav2/hook/ament_prefix_path.dsv'
[0.520s] INFO:colcon.colcon_core.shell:Creating environment hook '/home/xk/go2_slam_nav/install/go2_nav2/share/go2_nav2/hook/ament_prefix_path.sh'
[0.520s] INFO:colcon.colcon_core.shell:Skip shell extension 'powershell' for command environment: Not usable outside of PowerShell
[0.520s] DEBUG:colcon.colcon_core.shell:Skip shell extension 'dsv' for command environment
[0.525s] INFO:colcon.colcon_ros.task.ament_python.build:Building ROS package in '/home/xk/go2_slam_nav/src/go2_rtabmap' with build type 'ament_python'
[0.525s] Level 1:colcon.colcon_core.shell:create_environment_hook('go2_rtabmap', 'ament_prefix_path')
[0.526s] INFO:colcon.colcon_core.shell:Creating environment hook '/home/xk/go2_slam_nav/install/go2_rtabmap/share/go2_rtabmap/hook/ament_prefix_path.ps1'
[0.527s] INFO:colcon.colcon_core.shell:Creating environment descriptor '/home/xk/go2_slam_nav/install/go2_rtabmap/share/go2_rtabmap/hook/ament_prefix_path.dsv'
[0.527s] INFO:colcon.colcon_core.shell:Creating environment hook '/home/xk/go2_slam_nav/install/go2_rtabmap/share/go2_rtabmap/hook/ament_prefix_path.sh'
[0.527s] INFO:colcon.colcon_core.shell:Skip shell extension 'powershell' for command environment: Not usable outside of PowerShell
[0.527s] DEBUG:colcon.colcon_core.shell:Skip shell extension 'dsv' for command environment
[0.532s] INFO:colcon.colcon_ros.task.ament_python.build:Building ROS package in '/home/xk/go2_slam_nav/src/my_unitree_controller' with build type 'ament_python'
[0.533s] Level 1:colcon.colcon_core.shell:create_environment_hook('my_unitree_controller', 'ament_prefix_path')
[0.533s] INFO:colcon.colcon_core.shell:Creating environment hook '/home/xk/go2_slam_nav/install/my_unitree_controller/share/my_unitree_controller/hook/ament_prefix_path.ps1'
[0.534s] INFO:colcon.colcon_core.shell:Creating environment descriptor '/home/xk/go2_slam_nav/install/my_unitree_controller/share/my_unitree_controller/hook/ament_prefix_path.dsv'
[0.534s] INFO:colcon.colcon_core.shell:Creating environment hook '/home/xk/go2_slam_nav/install/my_unitree_controller/share/my_unitree_controller/hook/ament_prefix_path.sh'
[0.535s] INFO:colcon.colcon_core.shell:Skip shell extension 'powershell' for command environment: Not usable outside of PowerShell
[0.535s] DEBUG:colcon.colcon_core.shell:Skip shell extension 'dsv' for command environment
[0.545s] DEBUG:colcon.colcon_core.event_handler.log_command:Invoking command in '/home/xk/go2_slam_nav/build/imu_complementary_filter': CMAKE_PREFIX_PATH=${CMAKE_PREFIX_PATH}:/opt/ros/foxy /usr/bin/cmake /home/xk/go2_slam_nav/src/imu_tools/imu_complementary_filter -DAMENT_CMAKE_SYMLINK_INSTALL=1 -DCMAKE_INSTALL_PREFIX=/home/xk/go2_slam_nav/install/imu_complementary_filter
[0.548s] DEBUG:colcon.colcon_core.event_handler.log_command:Invoking command in '/home/xk/go2_slam_nav/build/imu_filter_madgwick': CMAKE_PREFIX_PATH=${CMAKE_PREFIX_PATH}:/opt/ros/foxy /usr/bin/cmake /home/xk/go2_slam_nav/src/imu_tools/imu_filter_madgwick -DAMENT_CMAKE_SYMLINK_INSTALL=1 -DCMAKE_INSTALL_PREFIX=/home/xk/go2_slam_nav/install/imu_filter_madgwick
[0.553s] DEBUG:colcon.colcon_core.event_handler.log_command:Invoking command in '/home/xk/go2_slam_nav/build/rviz_imu_plugin': CMAKE_PREFIX_PATH=${CMAKE_PREFIX_PATH}:/opt/ros/foxy /usr/bin/cmake /home/xk/go2_slam_nav/src/imu_tools/rviz_imu_plugin -DAMENT_CMAKE_SYMLINK_INSTALL=1 -DCMAKE_INSTALL_PREFIX=/home/xk/go2_slam_nav/install/rviz_imu_plugin
[0.815s] INFO:colcon.colcon_core.task.python.build:Building Python package in '/home/xk/go2_slam_nav/src/go2_nav2'
[0.816s] INFO:colcon.colcon_core.shell:Skip shell extension 'powershell' for command environment: Not usable outside of PowerShell
[0.816s] DEBUG:colcon.colcon_core.shell:Skip shell extension 'dsv' for command environment
[1.080s] INFO:colcon.colcon_core.task.python.build:Building Python package in '/home/xk/go2_slam_nav/src/go2_rtabmap'
[1.080s] INFO:colcon.colcon_core.shell:Skip shell extension 'powershell' for command environment: Not usable outside of PowerShell
[1.080s] DEBUG:colcon.colcon_core.shell:Skip shell extension 'dsv' for command environment
[1.428s] INFO:colcon.colcon_core.task.python.build:Building Python package in '/home/xk/go2_slam_nav/src/my_unitree_controller'
[1.429s] INFO:colcon.colcon_core.shell:Skip shell extension 'powershell' for command environment: Not usable outside of PowerShell
[1.429s] DEBUG:colcon.colcon_core.shell:Skip shell extension 'dsv' for command environment
[2.831s] DEBUG:colcon.colcon_core.event_handler.log_command:Invoking command in '/home/xk/go2_slam_nav/build/go2_rtabmap': PYTHONPATH=/home/xk/go2_slam_nav/build/go2_rtabmap/prefix_override:/usr/lib/python3/dist-packages/colcon_core/task/python/colcon_distutils_commands:/home/xk/go2_slam_nav/install/go2_rtabmap/lib/python3.8/site-packages:${PYTHONPATH} /usr/bin/python3 -W ignore:setup.py install is deprecated -W ignore:easy_install command is deprecated setup.py develop --editable --build-directory /home/xk/go2_slam_nav/build/go2_rtabmap/build --no-deps symlink_data
[3.780s] DEBUG:colcon.colcon_core.event_handler.log_command:Invoking command in '/home/xk/go2_slam_nav/build/my_unitree_controller': PYTHONPATH=/home/xk/go2_slam_nav/build/my_unitree_controller/prefix_override:/usr/lib/python3/dist-packages/colcon_core/task/python/colcon_distutils_commands:/home/xk/go2_slam_nav/install/my_unitree_controller/lib/python3.8/site-packages:${PYTHONPATH} /usr/bin/python3 -W ignore:setup.py install is deprecated -W ignore:easy_install command is deprecated setup.py develop --editable --build-directory /home/xk/go2_slam_nav/build/my_unitree_controller/build --no-deps symlink_data
[4.329s] DEBUG:colcon.colcon_core.event_handler.log_command:Invoking command in '/home/xk/go2_slam_nav/build/go2_nav2': PYTHONPATH=/home/xk/go2_slam_nav/build/go2_nav2/prefix_override:/usr/lib/python3/dist-packages/colcon_core/task/python/colcon_distutils_commands:/home/xk/go2_slam_nav/install/go2_nav2/lib/python3.8/site-packages:${PYTHONPATH} /usr/bin/python3 -W ignore:setup.py install is deprecated -W ignore:easy_install command is deprecated setup.py develop --editable --build-directory /home/xk/go2_slam_nav/build/go2_nav2/build --no-deps symlink_data
[6.909s] Level 1:colcon.colcon_core.shell:create_environment_hook('my_unitree_controller', 'pythonpath_develop')
[6.912s] INFO:colcon.colcon_core.shell:Creating environment hook '/home/xk/go2_slam_nav/build/my_unitree_controller/share/my_unitree_controller/hook/pythonpath_develop.ps1'
[6.917s] INFO:colcon.colcon_core.shell:Creating environment descriptor '/home/xk/go2_slam_nav/build/my_unitree_controller/share/my_unitree_controller/hook/pythonpath_develop.dsv'
[6.919s] INFO:colcon.colcon_core.shell:Creating environment hook '/home/xk/go2_slam_nav/build/my_unitree_controller/share/my_unitree_controller/hook/pythonpath_develop.sh'
[6.934s] DEBUG:colcon.colcon_core.event_handler.log_command:Invoked command in '/home/xk/go2_slam_nav/build/my_unitree_controller' returned '0': PYTHONPATH=/home/xk/go2_slam_nav/build/my_unitree_controller/prefix_override:/usr/lib/python3/dist-packages/colcon_core/task/python/colcon_distutils_commands:/home/xk/go2_slam_nav/install/my_unitree_controller/lib/python3.8/site-packages:${PYTHONPATH} /usr/bin/python3 -W ignore:setup.py install is deprecated -W ignore:easy_install command is deprecated setup.py develop --editable --build-directory /home/xk/go2_slam_nav/build/my_unitree_controller/build --no-deps symlink_data
[6.944s] Level 1:colcon.colcon_core.environment:checking '/home/xk/go2_slam_nav/install/my_unitree_controller' for CMake module files
[6.947s] Level 1:colcon.colcon_core.environment:checking '/home/xk/go2_slam_nav/install/my_unitree_controller' for CMake config files
[6.952s] Level 1:colcon.colcon_core.environment:checking '/home/xk/go2_slam_nav/install/my_unitree_controller/lib'
[6.953s] Level 1:colcon.colcon_core.environment:checking '/home/xk/go2_slam_nav/install/my_unitree_controller/bin'
[6.954s] Level 1:colcon.colcon_core.environment:checking '/home/xk/go2_slam_nav/install/my_unitree_controller/lib/pkgconfig/my_unitree_controller.pc'
[6.956s] Level 1:colcon.colcon_core.environment:checking '/home/xk/go2_slam_nav/install/my_unitree_controller/lib/python3.8/site-packages'
[6.956s] Level 1:colcon.colcon_core.shell:create_environment_hook('my_unitree_controller', 'pythonpath')
[6.958s] INFO:colcon.colcon_core.shell:Creating environment hook '/home/xk/go2_slam_nav/install/my_unitree_controller/share/my_unitree_controller/hook/pythonpath.ps1'
[6.961s] INFO:colcon.colcon_core.shell:Creating environment descriptor '/home/xk/go2_slam_nav/install/my_unitree_controller/share/my_unitree_controller/hook/pythonpath.dsv'
[6.963s] INFO:colcon.colcon_core.shell:Creating environment hook '/home/xk/go2_slam_nav/install/my_unitree_controller/share/my_unitree_controller/hook/pythonpath.sh'
[6.968s] Level 1:colcon.colcon_core.environment:checking '/home/xk/go2_slam_nav/install/my_unitree_controller/bin'
[6.969s] Level 1:colcon.colcon_core.environment:create_environment_scripts_only(my_unitree_controller)
[6.972s] INFO:colcon.colcon_core.shell:Creating package script '/home/xk/go2_slam_nav/install/my_unitree_controller/share/my_unitree_controller/package.ps1'
[6.979s] INFO:colcon.colcon_core.shell:Creating package descriptor '/home/xk/go2_slam_nav/install/my_unitree_controller/share/my_unitree_controller/package.dsv'
[6.984s] INFO:colcon.colcon_core.shell:Creating package script '/home/xk/go2_slam_nav/install/my_unitree_controller/share/my_unitree_controller/package.sh'
[6.991s] INFO:colcon.colcon_core.shell:Creating package script '/home/xk/go2_slam_nav/install/my_unitree_controller/share/my_unitree_controller/package.bash'
[6.997s] INFO:colcon.colcon_core.shell:Creating package script '/home/xk/go2_slam_nav/install/my_unitree_controller/share/my_unitree_controller/package.zsh'
[7.003s] Level 1:colcon.colcon_core.environment:create_file_with_runtime_dependencies(/home/xk/go2_slam_nav/install/my_unitree_controller/share/colcon-core/packages/my_unitree_controller)
[7.072s] Level 1:colcon.colcon_core.shell:create_environment_hook('go2_rtabmap', 'pythonpath_develop')
[7.074s] INFO:colcon.colcon_core.shell:Creating environment hook '/home/xk/go2_slam_nav/build/go2_rtabmap/share/go2_rtabmap/hook/pythonpath_develop.ps1'
[7.079s] DEBUG:colcon.colcon_core.event_handler.log_command:Invoked command in '/home/xk/go2_slam_nav/build/go2_rtabmap' returned '0': PYTHONPATH=/home/xk/go2_slam_nav/build/go2_rtabmap/prefix_override:/usr/lib/python3/dist-packages/colcon_core/task/python/colcon_distutils_commands:/home/xk/go2_slam_nav/install/go2_rtabmap/lib/python3.8/site-packages:${PYTHONPATH} /usr/bin/python3 -W ignore:setup.py install is deprecated -W ignore:easy_install command is deprecated setup.py develop --editable --build-directory /home/xk/go2_slam_nav/build/go2_rtabmap/build --no-deps symlink_data
[7.081s] INFO:colcon.colcon_core.shell:Creating environment descriptor '/home/xk/go2_slam_nav/build/go2_rtabmap/share/go2_rtabmap/hook/pythonpath_develop.dsv'
[7.084s] INFO:colcon.colcon_core.shell:Creating environment hook '/home/xk/go2_slam_nav/build/go2_rtabmap/share/go2_rtabmap/hook/pythonpath_develop.sh'
[7.088s] Level 1:colcon.colcon_core.environment:checking '/home/xk/go2_slam_nav/install/go2_rtabmap' for CMake module files
[7.091s] Level 1:colcon.colcon_core.environment:checking '/home/xk/go2_slam_nav/install/go2_rtabmap' for CMake config files
[7.094s] Level 1:colcon.colcon_core.environment:checking '/home/xk/go2_slam_nav/install/go2_rtabmap/lib'
[7.095s] Level 1:colcon.colcon_core.environment:checking '/home/xk/go2_slam_nav/install/go2_rtabmap/bin'
[7.096s] Level 1:colcon.colcon_core.environment:checking '/home/xk/go2_slam_nav/install/go2_rtabmap/lib/pkgconfig/go2_rtabmap.pc'
[7.097s] Level 1:colcon.colcon_core.environment:checking '/home/xk/go2_slam_nav/install/go2_rtabmap/lib/python3.8/site-packages'
[7.098s] Level 1:colcon.colcon_core.shell:create_environment_hook('go2_rtabmap', 'pythonpath')
[7.099s] INFO:colcon.colcon_core.shell:Creating environment hook '/home/xk/go2_slam_nav/install/go2_rtabmap/share/go2_rtabmap/hook/pythonpath.ps1'
[7.102s] INFO:colcon.colcon_core.shell:Creating environment descriptor '/home/xk/go2_slam_nav/install/go2_rtabmap/share/go2_rtabmap/hook/pythonpath.dsv'
[7.104s] INFO:colcon.colcon_core.shell:Creating environment hook '/home/xk/go2_slam_nav/install/go2_rtabmap/share/go2_rtabmap/hook/pythonpath.sh'
[7.108s] Level 1:colcon.colcon_core.environment:checking '/home/xk/go2_slam_nav/install/go2_rtabmap/bin'
[7.109s] Level 1:colcon.colcon_core.environment:create_environment_scripts_only(go2_rtabmap)
[7.112s] INFO:colcon.colcon_core.shell:Creating package script '/home/xk/go2_slam_nav/install/go2_rtabmap/share/go2_rtabmap/package.ps1'
[7.116s] INFO:colcon.colcon_core.shell:Creating package descriptor '/home/xk/go2_slam_nav/install/go2_rtabmap/share/go2_rtabmap/package.dsv'
[7.119s] INFO:colcon.colcon_core.shell:Creating package script '/home/xk/go2_slam_nav/install/go2_rtabmap/share/go2_rtabmap/package.sh'
[7.123s] INFO:colcon.colcon_core.shell:Creating package script '/home/xk/go2_slam_nav/install/go2_rtabmap/share/go2_rtabmap/package.bash'
[7.125s] INFO:colcon.colcon_core.shell:Creating package script '/home/xk/go2_slam_nav/install/go2_rtabmap/share/go2_rtabmap/package.zsh'
[7.128s] Level 1:colcon.colcon_core.environment:create_file_with_runtime_dependencies(/home/xk/go2_slam_nav/install/go2_rtabmap/share/colcon-core/packages/go2_rtabmap)
[7.896s] Level 1:colcon.colcon_core.shell:create_environment_hook('go2_nav2', 'pythonpath_develop')
[7.898s] DEBUG:colcon.colcon_core.event_handler.log_command:Invoked command in '/home/xk/go2_slam_nav/build/go2_nav2' returned '0': PYTHONPATH=/home/xk/go2_slam_nav/build/go2_nav2/prefix_override:/usr/lib/python3/dist-packages/colcon_core/task/python/colcon_distutils_commands:/home/xk/go2_slam_nav/install/go2_nav2/lib/python3.8/site-packages:${PYTHONPATH} /usr/bin/python3 -W ignore:setup.py install is deprecated -W ignore:easy_install command is deprecated setup.py develop --editable --build-directory /home/xk/go2_slam_nav/build/go2_nav2/build --no-deps symlink_data
[7.900s] INFO:colcon.colcon_core.shell:Creating environment hook '/home/xk/go2_slam_nav/build/go2_nav2/share/go2_nav2/hook/pythonpath_develop.ps1'
[7.904s] INFO:colcon.colcon_core.shell:Creating environment descriptor '/home/xk/go2_slam_nav/build/go2_nav2/share/go2_nav2/hook/pythonpath_develop.dsv'
[7.906s] INFO:colcon.colcon_core.shell:Creating environment hook '/home/xk/go2_slam_nav/build/go2_nav2/share/go2_nav2/hook/pythonpath_develop.sh'
[7.909s] Level 1:colcon.colcon_core.environment:checking '/home/xk/go2_slam_nav/install/go2_nav2' for CMake module files
[7.911s] Level 1:colcon.colcon_core.environment:checking '/home/xk/go2_slam_nav/install/go2_nav2' for CMake config files
[7.913s] Level 1:colcon.colcon_core.environment:checking '/home/xk/go2_slam_nav/install/go2_nav2/lib'
[7.913s] Level 1:colcon.colcon_core.environment:checking '/home/xk/go2_slam_nav/install/go2_nav2/bin'
[7.914s] Level 1:colcon.colcon_core.environment:checking '/home/xk/go2_slam_nav/install/go2_nav2/lib/pkgconfig/go2_nav2.pc'
[7.915s] Level 1:colcon.colcon_core.environment:checking '/home/xk/go2_slam_nav/install/go2_nav2/lib/python3.8/site-packages'
[7.915s] Level 1:colcon.colcon_core.shell:create_environment_hook('go2_nav2', 'pythonpath')
[7.916s] INFO:colcon.colcon_core.shell:Creating environment hook '/home/xk/go2_slam_nav/install/go2_nav2/share/go2_nav2/hook/pythonpath.ps1'
[7.918s] INFO:colcon.colcon_core.shell:Creating environment descriptor '/home/xk/go2_slam_nav/install/go2_nav2/share/go2_nav2/hook/pythonpath.dsv'
[7.920s] INFO:colcon.colcon_core.shell:Creating environment hook '/home/xk/go2_slam_nav/install/go2_nav2/share/go2_nav2/hook/pythonpath.sh'
[7.922s] Level 1:colcon.colcon_core.environment:checking '/home/xk/go2_slam_nav/install/go2_nav2/bin'
[7.922s] Level 1:colcon.colcon_core.environment:create_environment_scripts_only(go2_nav2)
[7.924s] INFO:colcon.colcon_core.shell:Creating package script '/home/xk/go2_slam_nav/install/go2_nav2/share/go2_nav2/package.ps1'
[7.927s] INFO:colcon.colcon_core.shell:Creating package descriptor '/home/xk/go2_slam_nav/install/go2_nav2/share/go2_nav2/package.dsv'
[7.930s] INFO:colcon.colcon_core.shell:Creating package script '/home/xk/go2_slam_nav/install/go2_nav2/share/go2_nav2/package.sh'
[7.932s] INFO:colcon.colcon_core.shell:Creating package script '/home/xk/go2_slam_nav/install/go2_nav2/share/go2_nav2/package.bash'
[7.933s] INFO:colcon.colcon_core.shell:Creating package script '/home/xk/go2_slam_nav/install/go2_nav2/share/go2_nav2/package.zsh'
[7.935s] Level 1:colcon.colcon_core.environment:create_file_with_runtime_dependencies(/home/xk/go2_slam_nav/install/go2_nav2/share/colcon-core/packages/go2_nav2)
[9.111s] DEBUG:colcon.colcon_core.event_handler.log_command:Invoked command in '/home/xk/go2_slam_nav/build/imu_complementary_filter' returned '0': CMAKE_PREFIX_PATH=${CMAKE_PREFIX_PATH}:/opt/ros/foxy /usr/bin/cmake /home/xk/go2_slam_nav/src/imu_tools/imu_complementary_filter -DAMENT_CMAKE_SYMLINK_INSTALL=1 -DCMAKE_INSTALL_PREFIX=/home/xk/go2_slam_nav/install/imu_complementary_filter
[9.123s] DEBUG:colcon.colcon_core.event_handler.log_command:Invoking command in '/home/xk/go2_slam_nav/build/imu_complementary_filter': CMAKE_PREFIX_PATH=${CMAKE_PREFIX_PATH}:/opt/ros/foxy /usr/bin/cmake --build /home/xk/go2_slam_nav/build/imu_complementary_filter -- -j8 -l8
[9.794s] DEBUG:colcon.colcon_core.event_handler.log_command:Invoked command in '/home/xk/go2_slam_nav/build/imu_filter_madgwick' returned '0': CMAKE_PREFIX_PATH=${CMAKE_PREFIX_PATH}:/opt/ros/foxy /usr/bin/cmake /home/xk/go2_slam_nav/src/imu_tools/imu_filter_madgwick -DAMENT_CMAKE_SYMLINK_INSTALL=1 -DCMAKE_INSTALL_PREFIX=/home/xk/go2_slam_nav/install/imu_filter_madgwick
[9.807s] DEBUG:colcon.colcon_core.event_handler.log_command:Invoking command in '/home/xk/go2_slam_nav/build/imu_filter_madgwick': CMAKE_PREFIX_PATH=${CMAKE_PREFIX_PATH}:/opt/ros/foxy /usr/bin/cmake --build /home/xk/go2_slam_nav/build/imu_filter_madgwick -- -j8 -l8
[13.176s] DEBUG:colcon.colcon_core.event_handler.log_command:Invoked command in '/home/xk/go2_slam_nav/build/rviz_imu_plugin' returned '0': CMAKE_PREFIX_PATH=${CMAKE_PREFIX_PATH}:/opt/ros/foxy /usr/bin/cmake /home/xk/go2_slam_nav/src/imu_tools/rviz_imu_plugin -DAMENT_CMAKE_SYMLINK_INSTALL=1 -DCMAKE_INSTALL_PREFIX=/home/xk/go2_slam_nav/install/rviz_imu_plugin
[13.180s] DEBUG:colcon.colcon_core.event_handler.log_command:Invoking command in '/home/xk/go2_slam_nav/build/rviz_imu_plugin': CMAKE_PREFIX_PATH=${CMAKE_PREFIX_PATH}:/opt/ros/foxy /usr/bin/cmake --build /home/xk/go2_slam_nav/build/rviz_imu_plugin -- -j8 -l8
[66.264s] DEBUG:colcon.colcon_core.event_handler.log_command:Invoked command in '/home/xk/go2_slam_nav/build/rviz_imu_plugin' returned '0': CMAKE_PREFIX_PATH=${CMAKE_PREFIX_PATH}:/opt/ros/foxy /usr/bin/cmake --build /home/xk/go2_slam_nav/build/rviz_imu_plugin -- -j8 -l8
[66.305s] DEBUG:colcon.colcon_core.event_handler.log_command:Invoking command in '/home/xk/go2_slam_nav/build/rviz_imu_plugin': CMAKE_PREFIX_PATH=${CMAKE_PREFIX_PATH}:/opt/ros/foxy /usr/bin/cmake --install /home/xk/go2_slam_nav/build/rviz_imu_plugin
[67.010s] Level 1:colcon.colcon_core.environment:create_environment_scripts_only(rviz_imu_plugin)
[67.011s] Level 1:colcon.colcon_core.environment:checking '/home/xk/go2_slam_nav/install/rviz_imu_plugin' for CMake module files
[67.013s] DEBUG:colcon.colcon_core.event_handler.log_command:Invoked command in '/home/xk/go2_slam_nav/build/rviz_imu_plugin' returned '0': CMAKE_PREFIX_PATH=${CMAKE_PREFIX_PATH}:/opt/ros/foxy /usr/bin/cmake --install /home/xk/go2_slam_nav/build/rviz_imu_plugin
[67.014s] Level 1:colcon.colcon_core.environment:checking '/home/xk/go2_slam_nav/install/rviz_imu_plugin' for CMake config files
[67.016s] Level 1:colcon.colcon_core.shell:create_environment_hook('rviz_imu_plugin', 'cmake_prefix_path')
[67.017s] INFO:colcon.colcon_core.shell:Creating environment hook '/home/xk/go2_slam_nav/install/rviz_imu_plugin/share/rviz_imu_plugin/hook/cmake_prefix_path.ps1'
[67.019s] INFO:colcon.colcon_core.shell:Creating environment descriptor '/home/xk/go2_slam_nav/install/rviz_imu_plugin/share/rviz_imu_plugin/hook/cmake_prefix_path.dsv'
[67.021s] INFO:colcon.colcon_core.shell:Creating environment hook '/home/xk/go2_slam_nav/install/rviz_imu_plugin/share/rviz_imu_plugin/hook/cmake_prefix_path.sh'
[67.023s] Level 1:colcon.colcon_core.environment:checking '/home/xk/go2_slam_nav/install/rviz_imu_plugin/lib'
[67.024s] Level 1:colcon.colcon_core.shell:create_environment_hook('rviz_imu_plugin', 'ld_library_path_lib')
[67.025s] INFO:colcon.colcon_core.shell:Creating environment hook '/home/xk/go2_slam_nav/install/rviz_imu_plugin/share/rviz_imu_plugin/hook/ld_library_path_lib.ps1'
[67.026s] INFO:colcon.colcon_core.shell:Creating environment descriptor '/home/xk/go2_slam_nav/install/rviz_imu_plugin/share/rviz_imu_plugin/hook/ld_library_path_lib.dsv'
[67.028s] INFO:colcon.colcon_core.shell:Creating environment hook '/home/xk/go2_slam_nav/install/rviz_imu_plugin/share/rviz_imu_plugin/hook/ld_library_path_lib.sh'
[67.029s] Level 1:colcon.colcon_core.environment:checking '/home/xk/go2_slam_nav/install/rviz_imu_plugin/bin'
[67.030s] Level 1:colcon.colcon_core.environment:checking '/home/xk/go2_slam_nav/install/rviz_imu_plugin/lib/pkgconfig/rviz_imu_plugin.pc'
[67.031s] Level 1:colcon.colcon_core.environment:checking '/home/xk/go2_slam_nav/install/rviz_imu_plugin/lib/python3.8/site-packages'
[67.032s] Level 1:colcon.colcon_core.environment:checking '/home/xk/go2_slam_nav/install/rviz_imu_plugin/bin'
[67.033s] INFO:colcon.colcon_core.shell:Creating package script '/home/xk/go2_slam_nav/install/rviz_imu_plugin/share/rviz_imu_plugin/package.ps1'
[67.035s] INFO:colcon.colcon_core.shell:Creating package descriptor '/home/xk/go2_slam_nav/install/rviz_imu_plugin/share/rviz_imu_plugin/package.dsv'
[67.038s] INFO:colcon.colcon_core.shell:Creating package script '/home/xk/go2_slam_nav/install/rviz_imu_plugin/share/rviz_imu_plugin/package.sh'
[67.039s] INFO:colcon.colcon_core.shell:Creating package script '/home/xk/go2_slam_nav/install/rviz_imu_plugin/share/rviz_imu_plugin/package.bash'
[67.041s] INFO:colcon.colcon_core.shell:Creating package script '/home/xk/go2_slam_nav/install/rviz_imu_plugin/share/rviz_imu_plugin/package.zsh'
[67.042s] Level 1:colcon.colcon_core.environment:create_file_with_runtime_dependencies(/home/xk/go2_slam_nav/install/rviz_imu_plugin/share/colcon-core/packages/rviz_imu_plugin)
[67.044s] Level 1:colcon.colcon_core.environment:create_environment_scripts_only(rviz_imu_plugin)
[67.045s] Level 1:colcon.colcon_core.environment:checking '/home/xk/go2_slam_nav/install/rviz_imu_plugin' for CMake module files
[67.046s] Level 1:colcon.colcon_core.environment:checking '/home/xk/go2_slam_nav/install/rviz_imu_plugin' for CMake config files
[67.047s] Level 1:colcon.colcon_core.shell:create_environment_hook('rviz_imu_plugin', 'cmake_prefix_path')
[67.048s] INFO:colcon.colcon_core.shell:Creating environment hook '/home/xk/go2_slam_nav/install/rviz_imu_plugin/share/rviz_imu_plugin/hook/cmake_prefix_path.ps1'
[67.049s] INFO:colcon.colcon_core.shell:Creating environment descriptor '/home/xk/go2_slam_nav/install/rviz_imu_plugin/share/rviz_imu_plugin/hook/cmake_prefix_path.dsv'
[67.050s] INFO:colcon.colcon_core.shell:Creating environment hook '/home/xk/go2_slam_nav/install/rviz_imu_plugin/share/rviz_imu_plugin/hook/cmake_prefix_path.sh'
[67.052s] Level 1:colcon.colcon_core.environment:checking '/home/xk/go2_slam_nav/install/rviz_imu_plugin/lib'
[67.052s] Level 1:colcon.colcon_core.shell:create_environment_hook('rviz_imu_plugin', 'ld_library_path_lib')
[67.053s] INFO:colcon.colcon_core.shell:Creating environment hook '/home/xk/go2_slam_nav/install/rviz_imu_plugin/share/rviz_imu_plugin/hook/ld_library_path_lib.ps1'
[67.054s] INFO:colcon.colcon_core.shell:Creating environment descriptor '/home/xk/go2_slam_nav/install/rviz_imu_plugin/share/rviz_imu_plugin/hook/ld_library_path_lib.dsv'
[67.055s] INFO:colcon.colcon_core.shell:Creating environment hook '/home/xk/go2_slam_nav/install/rviz_imu_plugin/share/rviz_imu_plugin/hook/ld_library_path_lib.sh'
[67.056s] Level 1:colcon.colcon_core.environment:checking '/home/xk/go2_slam_nav/install/rviz_imu_plugin/bin'
[67.057s] Level 1:colcon.colcon_core.environment:checking '/home/xk/go2_slam_nav/install/rviz_imu_plugin/lib/pkgconfig/rviz_imu_plugin.pc'
[67.057s] Level 1:colcon.colcon_core.environment:checking '/home/xk/go2_slam_nav/install/rviz_imu_plugin/lib/python3.8/site-packages'
[67.058s] Level 1:colcon.colcon_core.environment:checking '/home/xk/go2_slam_nav/install/rviz_imu_plugin/bin'
[67.059s] INFO:colcon.colcon_core.shell:Creating package script '/home/xk/go2_slam_nav/install/rviz_imu_plugin/share/rviz_imu_plugin/package.ps1'
[67.061s] INFO:colcon.colcon_core.shell:Creating package descriptor '/home/xk/go2_slam_nav/install/rviz_imu_plugin/share/rviz_imu_plugin/package.dsv'
[67.062s] INFO:colcon.colcon_core.shell:Creating package script '/home/xk/go2_slam_nav/install/rviz_imu_plugin/share/rviz_imu_plugin/package.sh'
[67.064s] INFO:colcon.colcon_core.shell:Creating package script '/home/xk/go2_slam_nav/install/rviz_imu_plugin/share/rviz_imu_plugin/package.bash'
[67.065s] INFO:colcon.colcon_core.shell:Creating package script '/home/xk/go2_slam_nav/install/rviz_imu_plugin/share/rviz_imu_plugin/package.zsh'
[67.067s] Level 1:colcon.colcon_core.environment:create_file_with_runtime_dependencies(/home/xk/go2_slam_nav/install/rviz_imu_plugin/share/colcon-core/packages/rviz_imu_plugin)
[67.624s] DEBUG:colcon.colcon_core.event_handler.log_command:Invoked command in '/home/xk/go2_slam_nav/build/imu_complementary_filter' returned '0': CMAKE_PREFIX_PATH=${CMAKE_PREFIX_PATH}:/opt/ros/foxy /usr/bin/cmake --build /home/xk/go2_slam_nav/build/imu_complementary_filter -- -j8 -l8
[67.632s] DEBUG:colcon.colcon_core.event_handler.log_command:Invoking command in '/home/xk/go2_slam_nav/build/imu_complementary_filter': CMAKE_PREFIX_PATH=${CMAKE_PREFIX_PATH}:/opt/ros/foxy /usr/bin/cmake --install /home/xk/go2_slam_nav/build/imu_complementary_filter
[68.162s] Level 1:colcon.colcon_core.environment:create_environment_scripts_only(imu_complementary_filter)
[68.163s] Level 1:colcon.colcon_core.environment:checking '/home/xk/go2_slam_nav/install/imu_complementary_filter' for CMake module files
[68.165s] DEBUG:colcon.colcon_core.event_handler.log_command:Invoked command in '/home/xk/go2_slam_nav/build/imu_complementary_filter' returned '0': CMAKE_PREFIX_PATH=${CMAKE_PREFIX_PATH}:/opt/ros/foxy /usr/bin/cmake --install /home/xk/go2_slam_nav/build/imu_complementary_filter
[68.166s] Level 1:colcon.colcon_core.environment:checking '/home/xk/go2_slam_nav/install/imu_complementary_filter' for CMake config files
[68.167s] Level 1:colcon.colcon_core.shell:create_environment_hook('imu_complementary_filter', 'cmake_prefix_path')
[68.167s] INFO:colcon.colcon_core.shell:Creating environment hook '/home/xk/go2_slam_nav/install/imu_complementary_filter/share/imu_complementary_filter/hook/cmake_prefix_path.ps1'
[68.169s] INFO:colcon.colcon_core.shell:Creating environment descriptor '/home/xk/go2_slam_nav/install/imu_complementary_filter/share/imu_complementary_filter/hook/cmake_prefix_path.dsv'
[68.170s] INFO:colcon.colcon_core.shell:Creating environment hook '/home/xk/go2_slam_nav/install/imu_complementary_filter/share/imu_complementary_filter/hook/cmake_prefix_path.sh'
[68.171s] Level 1:colcon.colcon_core.environment:checking '/home/xk/go2_slam_nav/install/imu_complementary_filter/lib'
[68.171s] Level 1:colcon.colcon_core.environment:checking '/home/xk/go2_slam_nav/install/imu_complementary_filter/bin'
[68.172s] Level 1:colcon.colcon_core.environment:checking '/home/xk/go2_slam_nav/install/imu_complementary_filter/lib/pkgconfig/imu_complementary_filter.pc'
[68.172s] Level 1:colcon.colcon_core.environment:checking '/home/xk/go2_slam_nav/install/imu_complementary_filter/lib/python3.8/site-packages'
[68.173s] Level 1:colcon.colcon_core.environment:checking '/home/xk/go2_slam_nav/install/imu_complementary_filter/bin'
[68.174s] INFO:colcon.colcon_core.shell:Creating package script '/home/xk/go2_slam_nav/install/imu_complementary_filter/share/imu_complementary_filter/package.ps1'
[68.175s] INFO:colcon.colcon_core.shell:Creating package descriptor '/home/xk/go2_slam_nav/install/imu_complementary_filter/share/imu_complementary_filter/package.dsv'
[68.176s] INFO:colcon.colcon_core.shell:Creating package script '/home/xk/go2_slam_nav/install/imu_complementary_filter/share/imu_complementary_filter/package.sh'
[68.177s] INFO:colcon.colcon_core.shell:Creating package script '/home/xk/go2_slam_nav/install/imu_complementary_filter/share/imu_complementary_filter/package.bash'
[68.178s] INFO:colcon.colcon_core.shell:Creating package script '/home/xk/go2_slam_nav/install/imu_complementary_filter/share/imu_complementary_filter/package.zsh'
[68.179s] Level 1:colcon.colcon_core.environment:create_file_with_runtime_dependencies(/home/xk/go2_slam_nav/install/imu_complementary_filter/share/colcon-core/packages/imu_complementary_filter)
[68.180s] Level 1:colcon.colcon_core.environment:create_environment_scripts_only(imu_complementary_filter)
[68.181s] Level 1:colcon.colcon_core.environment:checking '/home/xk/go2_slam_nav/install/imu_complementary_filter' for CMake module files
[68.182s] Level 1:colcon.colcon_core.environment:checking '/home/xk/go2_slam_nav/install/imu_complementary_filter' for CMake config files
[68.183s] Level 1:colcon.colcon_core.shell:create_environment_hook('imu_complementary_filter', 'cmake_prefix_path')
[68.184s] INFO:colcon.colcon_core.shell:Creating environment hook '/home/xk/go2_slam_nav/install/imu_complementary_filter/share/imu_complementary_filter/hook/cmake_prefix_path.ps1'
[68.185s] INFO:colcon.colcon_core.shell:Creating environment descriptor '/home/xk/go2_slam_nav/install/imu_complementary_filter/share/imu_complementary_filter/hook/cmake_prefix_path.dsv'
[68.186s] INFO:colcon.colcon_core.shell:Creating environment hook '/home/xk/go2_slam_nav/install/imu_complementary_filter/share/imu_complementary_filter/hook/cmake_prefix_path.sh'
[68.187s] Level 1:colcon.colcon_core.environment:checking '/home/xk/go2_slam_nav/install/imu_complementary_filter/lib'
[68.187s] Level 1:colcon.colcon_core.environment:checking '/home/xk/go2_slam_nav/install/imu_complementary_filter/bin'
[68.188s] Level 1:colcon.colcon_core.environment:checking '/home/xk/go2_slam_nav/install/imu_complementary_filter/lib/pkgconfig/imu_complementary_filter.pc'
[68.188s] Level 1:colcon.colcon_core.environment:checking '/home/xk/go2_slam_nav/install/imu_complementary_filter/lib/python3.8/site-packages'
[68.189s] Level 1:colcon.colcon_core.environment:checking '/home/xk/go2_slam_nav/install/imu_complementary_filter/bin'
[68.189s] INFO:colcon.colcon_core.shell:Creating package script '/home/xk/go2_slam_nav/install/imu_complementary_filter/share/imu_complementary_filter/package.ps1'
[68.191s] INFO:colcon.colcon_core.shell:Creating package descriptor '/home/xk/go2_slam_nav/install/imu_complementary_filter/share/imu_complementary_filter/package.dsv'
[68.193s] INFO:colcon.colcon_core.shell:Creating package script '/home/xk/go2_slam_nav/install/imu_complementary_filter/share/imu_complementary_filter/package.sh'
[68.194s] INFO:colcon.colcon_core.shell:Creating package script '/home/xk/go2_slam_nav/install/imu_complementary_filter/share/imu_complementary_filter/package.bash'
[68.195s] INFO:colcon.colcon_core.shell:Creating package script '/home/xk/go2_slam_nav/install/imu_complementary_filter/share/imu_complementary_filter/package.zsh'
[68.196s] Level 1:colcon.colcon_core.environment:create_file_with_runtime_dependencies(/home/xk/go2_slam_nav/install/imu_complementary_filter/share/colcon-core/packages/imu_complementary_filter)
[73.470s] DEBUG:colcon.colcon_core.event_handler.log_command:Invoked command in '/home/xk/go2_slam_nav/build/imu_filter_madgwick' returned '0': CMAKE_PREFIX_PATH=${CMAKE_PREFIX_PATH}:/opt/ros/foxy /usr/bin/cmake --build /home/xk/go2_slam_nav/build/imu_filter_madgwick -- -j8 -l8
[73.475s] DEBUG:colcon.colcon_core.event_handler.log_command:Invoking command in '/home/xk/go2_slam_nav/build/imu_filter_madgwick': CMAKE_PREFIX_PATH=${CMAKE_PREFIX_PATH}:/opt/ros/foxy /usr/bin/cmake --install /home/xk/go2_slam_nav/build/imu_filter_madgwick
[74.004s] Level 1:colcon.colcon_core.environment:create_environment_scripts_only(imu_filter_madgwick)
[74.004s] Level 1:colcon.colcon_core.environment:checking '/home/xk/go2_slam_nav/install/imu_filter_madgwick' for CMake module files
[74.006s] DEBUG:colcon.colcon_core.event_handler.log_command:Invoked command in '/home/xk/go2_slam_nav/build/imu_filter_madgwick' returned '0': CMAKE_PREFIX_PATH=${CMAKE_PREFIX_PATH}:/opt/ros/foxy /usr/bin/cmake --install /home/xk/go2_slam_nav/build/imu_filter_madgwick
[74.006s] Level 1:colcon.colcon_core.environment:checking '/home/xk/go2_slam_nav/install/imu_filter_madgwick' for CMake config files
[74.007s] Level 1:colcon.colcon_core.shell:create_environment_hook('imu_filter_madgwick', 'cmake_prefix_path')
[74.008s] INFO:colcon.colcon_core.shell:Creating environment hook '/home/xk/go2_slam_nav/install/imu_filter_madgwick/share/imu_filter_madgwick/hook/cmake_prefix_path.ps1'
[74.009s] INFO:colcon.colcon_core.shell:Creating environment descriptor '/home/xk/go2_slam_nav/install/imu_filter_madgwick/share/imu_filter_madgwick/hook/cmake_prefix_path.dsv'
[74.009s] INFO:colcon.colcon_core.shell:Creating environment hook '/home/xk/go2_slam_nav/install/imu_filter_madgwick/share/imu_filter_madgwick/hook/cmake_prefix_path.sh'
[74.010s] Level 1:colcon.colcon_core.environment:checking '/home/xk/go2_slam_nav/install/imu_filter_madgwick/lib'
[74.010s] Level 1:colcon.colcon_core.shell:create_environment_hook('imu_filter_madgwick', 'ld_library_path_lib')
[74.011s] INFO:colcon.colcon_core.shell:Creating environment hook '/home/xk/go2_slam_nav/install/imu_filter_madgwick/share/imu_filter_madgwick/hook/ld_library_path_lib.ps1'
[74.011s] INFO:colcon.colcon_core.shell:Creating environment descriptor '/home/xk/go2_slam_nav/install/imu_filter_madgwick/share/imu_filter_madgwick/hook/ld_library_path_lib.dsv'
[74.012s] INFO:colcon.colcon_core.shell:Creating environment hook '/home/xk/go2_slam_nav/install/imu_filter_madgwick/share/imu_filter_madgwick/hook/ld_library_path_lib.sh'
[74.013s] Level 1:colcon.colcon_core.environment:checking '/home/xk/go2_slam_nav/install/imu_filter_madgwick/bin'
[74.013s] Level 1:colcon.colcon_core.environment:checking '/home/xk/go2_slam_nav/install/imu_filter_madgwick/lib/pkgconfig/imu_filter_madgwick.pc'
[74.013s] Level 1:colcon.colcon_core.environment:checking '/home/xk/go2_slam_nav/install/imu_filter_madgwick/lib/python3.8/site-packages'
[74.014s] Level 1:colcon.colcon_core.environment:checking '/home/xk/go2_slam_nav/install/imu_filter_madgwick/bin'
[74.014s] INFO:colcon.colcon_core.shell:Creating package script '/home/xk/go2_slam_nav/install/imu_filter_madgwick/share/imu_filter_madgwick/package.ps1'
[74.015s] INFO:colcon.colcon_core.shell:Creating package descriptor '/home/xk/go2_slam_nav/install/imu_filter_madgwick/share/imu_filter_madgwick/package.dsv'
[74.016s] INFO:colcon.colcon_core.shell:Creating package script '/home/xk/go2_slam_nav/install/imu_filter_madgwick/share/imu_filter_madgwick/package.sh'
[74.017s] INFO:colcon.colcon_core.shell:Creating package script '/home/xk/go2_slam_nav/install/imu_filter_madgwick/share/imu_filter_madgwick/package.bash'
[74.018s] INFO:colcon.colcon_core.shell:Creating package script '/home/xk/go2_slam_nav/install/imu_filter_madgwick/share/imu_filter_madgwick/package.zsh'
[74.018s] Level 1:colcon.colcon_core.environment:create_file_with_runtime_dependencies(/home/xk/go2_slam_nav/install/imu_filter_madgwick/share/colcon-core/packages/imu_filter_madgwick)
[74.019s] Level 1:colcon.colcon_core.environment:create_environment_scripts_only(imu_filter_madgwick)
[74.020s] Level 1:colcon.colcon_core.environment:checking '/home/xk/go2_slam_nav/install/imu_filter_madgwick' for CMake module files
[74.021s] Level 1:colcon.colcon_core.environment:checking '/home/xk/go2_slam_nav/install/imu_filter_madgwick' for CMake config files
[74.021s] Level 1:colcon.colcon_core.shell:create_environment_hook('imu_filter_madgwick', 'cmake_prefix_path')
[74.022s] INFO:colcon.colcon_core.shell:Creating environment hook '/home/xk/go2_slam_nav/install/imu_filter_madgwick/share/imu_filter_madgwick/hook/cmake_prefix_path.ps1'
[74.022s] INFO:colcon.colcon_core.shell:Creating environment descriptor '/home/xk/go2_slam_nav/install/imu_filter_madgwick/share/imu_filter_madgwick/hook/cmake_prefix_path.dsv'
[74.023s] INFO:colcon.colcon_core.shell:Creating environment hook '/home/xk/go2_slam_nav/install/imu_filter_madgwick/share/imu_filter_madgwick/hook/cmake_prefix_path.sh'
[74.024s] Level 1:colcon.colcon_core.environment:checking '/home/xk/go2_slam_nav/install/imu_filter_madgwick/lib'
[74.024s] Level 1:colcon.colcon_core.shell:create_environment_hook('imu_filter_madgwick', 'ld_library_path_lib')
[74.024s] INFO:colcon.colcon_core.shell:Creating environment hook '/home/xk/go2_slam_nav/install/imu_filter_madgwick/share/imu_filter_madgwick/hook/ld_library_path_lib.ps1'
[74.025s] INFO:colcon.colcon_core.shell:Creating environment descriptor '/home/xk/go2_slam_nav/install/imu_filter_madgwick/share/imu_filter_madgwick/hook/ld_library_path_lib.dsv'
[74.025s] INFO:colcon.colcon_core.shell:Creating environment hook '/home/xk/go2_slam_nav/install/imu_filter_madgwick/share/imu_filter_madgwick/hook/ld_library_path_lib.sh'
[74.026s] Level 1:colcon.colcon_core.environment:checking '/home/xk/go2_slam_nav/install/imu_filter_madgwick/bin'
[74.026s] Level 1:colcon.colcon_core.environment:checking '/home/xk/go2_slam_nav/install/imu_filter_madgwick/lib/pkgconfig/imu_filter_madgwick.pc'
[74.027s] Level 1:colcon.colcon_core.environment:checking '/home/xk/go2_slam_nav/install/imu_filter_madgwick/lib/python3.8/site-packages'
[74.027s] Level 1:colcon.colcon_core.environment:checking '/home/xk/go2_slam_nav/install/imu_filter_madgwick/bin'
[74.027s] INFO:colcon.colcon_core.shell:Creating package script '/home/xk/go2_slam_nav/install/imu_filter_madgwick/share/imu_filter_madgwick/package.ps1'
[74.029s] INFO:colcon.colcon_core.shell:Creating package descriptor '/home/xk/go2_slam_nav/install/imu_filter_madgwick/share/imu_filter_madgwick/package.dsv'
[74.030s] INFO:colcon.colcon_core.shell:Creating package script '/home/xk/go2_slam_nav/install/imu_filter_madgwick/share/imu_filter_madgwick/package.sh'
[74.031s] INFO:colcon.colcon_core.shell:Creating package script '/home/xk/go2_slam_nav/install/imu_filter_madgwick/share/imu_filter_madgwick/package.bash'
[74.031s] INFO:colcon.colcon_core.shell:Creating package script '/home/xk/go2_slam_nav/install/imu_filter_madgwick/share/imu_filter_madgwick/package.zsh'
[74.032s] Level 1:colcon.colcon_core.environment:create_file_with_runtime_dependencies(/home/xk/go2_slam_nav/install/imu_filter_madgwick/share/colcon-core/packages/imu_filter_madgwick)
[74.033s] INFO:colcon.colcon_ros.task.ament_cmake.build:Building ROS package in '/home/xk/go2_slam_nav/src/imu_tools/imu_tools' with build type 'ament_cmake'
[74.033s] INFO:colcon.colcon_cmake.task.cmake.build:Building CMake package in '/home/xk/go2_slam_nav/src/imu_tools/imu_tools'
[74.033s] INFO:colcon.colcon_core.shell:Skip shell extension 'powershell' for command environment: Not usable outside of PowerShell
[74.033s] DEBUG:colcon.colcon_core.shell:Skip shell extension 'dsv' for command environment
[74.058s] DEBUG:colcon.colcon_core.event_handler.log_command:Invoking command in '/home/xk/go2_slam_nav/build/imu_tools': AMENT_PREFIX_PATH=/home/xk/go2_slam_nav/install/rviz_imu_plugin:/home/xk/go2_slam_nav/install/imu_filter_madgwick:/home/xk/go2_slam_nav/install/imu_complementary_filter:${AMENT_PREFIX_PATH} CMAKE_PREFIX_PATH=/home/xk/go2_slam_nav/install/rviz_imu_plugin:/home/xk/go2_slam_nav/install/imu_filter_madgwick:/home/xk/go2_slam_nav/install/imu_complementary_filter:/home/xk/unitree_ros2/cyclonedds_ws/install/unitree_hg:/home/xk/unitree_ros2/cyclonedds_ws/install/unitree_go:/home/xk/unitree_ros2/cyclonedds_ws/install/unitree_api:/home/xk/unitree_ros2/cyclonedds_ws/install/rmw_cyclonedds_cpp:/home/xk/unitree_ros2/cyclonedds_ws/install/cyclonedds:/opt/ros/foxy LD_LIBRARY_PATH=/home/xk/go2_slam_nav/install/rviz_imu_plugin/lib:/home/xk/go2_slam_nav/install/imu_filter_madgwick/lib:/home/xk/unitree_ros2/cyclonedds_ws/install/unitree_hg/lib:/home/xk/unitree_ros2/cyclonedds_ws/install/unitree_go/lib:/home/xk/unitree_ros2/cyclonedds_ws/install/unitree_api/lib:/home/xk/unitree_ros2/cyclonedds_ws/install/rmw_cyclonedds_cpp/lib:/home/xk/unitree_ros2/cyclonedds_ws/install/cyclonedds/lib:/usr/lib/x86_64-linux-gnu/gazebo-11/plugins:/opt/ros/foxy/opt/yaml_cpp_vendor/lib:/opt/ros/foxy/opt/rviz_ogre_vendor/lib:/opt/ros/foxy/lib/x86_64-linux-gnu:/opt/ros/foxy/lib:/usr/local/lib /usr/bin/cmake /home/xk/go2_slam_nav/src/imu_tools/imu_tools -DAMENT_CMAKE_SYMLINK_INSTALL=1 -DCMAKE_INSTALL_PREFIX=/home/xk/go2_slam_nav/install/imu_tools
[75.282s] DEBUG:colcon.colcon_core.event_handler.log_command:Invoked command in '/home/xk/go2_slam_nav/build/imu_tools' returned '0': AMENT_PREFIX_PATH=/home/xk/go2_slam_nav/install/rviz_imu_plugin:/home/xk/go2_slam_nav/install/imu_filter_madgwick:/home/xk/go2_slam_nav/install/imu_complementary_filter:${AMENT_PREFIX_PATH} CMAKE_PREFIX_PATH=/home/xk/go2_slam_nav/install/rviz_imu_plugin:/home/xk/go2_slam_nav/install/imu_filter_madgwick:/home/xk/go2_slam_nav/install/imu_complementary_filter:/home/xk/unitree_ros2/cyclonedds_ws/install/unitree_hg:/home/xk/unitree_ros2/cyclonedds_ws/install/unitree_go:/home/xk/unitree_ros2/cyclonedds_ws/install/unitree_api:/home/xk/unitree_ros2/cyclonedds_ws/install/rmw_cyclonedds_cpp:/home/xk/unitree_ros2/cyclonedds_ws/install/cyclonedds:/opt/ros/foxy LD_LIBRARY_PATH=/home/xk/go2_slam_nav/install/rviz_imu_plugin/lib:/home/xk/go2_slam_nav/install/imu_filter_madgwick/lib:/home/xk/unitree_ros2/cyclonedds_ws/install/unitree_hg/lib:/home/xk/unitree_ros2/cyclonedds_ws/install/unitree_go/lib:/home/xk/unitree_ros2/cyclonedds_ws/install/unitree_api/lib:/home/xk/unitree_ros2/cyclonedds_ws/install/rmw_cyclonedds_cpp/lib:/home/xk/unitree_ros2/cyclonedds_ws/install/cyclonedds/lib:/usr/lib/x86_64-linux-gnu/gazebo-11/plugins:/opt/ros/foxy/opt/yaml_cpp_vendor/lib:/opt/ros/foxy/opt/rviz_ogre_vendor/lib:/opt/ros/foxy/lib/x86_64-linux-gnu:/opt/ros/foxy/lib:/usr/local/lib /usr/bin/cmake /home/xk/go2_slam_nav/src/imu_tools/imu_tools -DAMENT_CMAKE_SYMLINK_INSTALL=1 -DCMAKE_INSTALL_PREFIX=/home/xk/go2_slam_nav/install/imu_tools
[75.286s] DEBUG:colcon.colcon_core.event_handler.log_command:Invoking command in '/home/xk/go2_slam_nav/build/imu_tools': AMENT_PREFIX_PATH=/home/xk/go2_slam_nav/install/rviz_imu_plugin:/home/xk/go2_slam_nav/install/imu_filter_madgwick:/home/xk/go2_slam_nav/install/imu_complementary_filter:${AMENT_PREFIX_PATH} CMAKE_PREFIX_PATH=/home/xk/go2_slam_nav/install/rviz_imu_plugin:/home/xk/go2_slam_nav/install/imu_filter_madgwick:/home/xk/go2_slam_nav/install/imu_complementary_filter:/home/xk/unitree_ros2/cyclonedds_ws/install/unitree_hg:/home/xk/unitree_ros2/cyclonedds_ws/install/unitree_go:/home/xk/unitree_ros2/cyclonedds_ws/install/unitree_api:/home/xk/unitree_ros2/cyclonedds_ws/install/rmw_cyclonedds_cpp:/home/xk/unitree_ros2/cyclonedds_ws/install/cyclonedds:/opt/ros/foxy LD_LIBRARY_PATH=/home/xk/go2_slam_nav/install/rviz_imu_plugin/lib:/home/xk/go2_slam_nav/install/imu_filter_madgwick/lib:/home/xk/unitree_ros2/cyclonedds_ws/install/unitree_hg/lib:/home/xk/unitree_ros2/cyclonedds_ws/install/unitree_go/lib:/home/xk/unitree_ros2/cyclonedds_ws/install/unitree_api/lib:/home/xk/unitree_ros2/cyclonedds_ws/install/rmw_cyclonedds_cpp/lib:/home/xk/unitree_ros2/cyclonedds_ws/install/cyclonedds/lib:/usr/lib/x86_64-linux-gnu/gazebo-11/plugins:/opt/ros/foxy/opt/yaml_cpp_vendor/lib:/opt/ros/foxy/opt/rviz_ogre_vendor/lib:/opt/ros/foxy/lib/x86_64-linux-gnu:/opt/ros/foxy/lib:/usr/local/lib /usr/bin/cmake --build /home/xk/go2_slam_nav/build/imu_tools -- -j8 -l8
[75.345s] DEBUG:colcon.colcon_core.event_handler.log_command:Invoked command in '/home/xk/go2_slam_nav/build/imu_tools' returned '0': AMENT_PREFIX_PATH=/home/xk/go2_slam_nav/install/rviz_imu_plugin:/home/xk/go2_slam_nav/install/imu_filter_madgwick:/home/xk/go2_slam_nav/install/imu_complementary_filter:${AMENT_PREFIX_PATH} CMAKE_PREFIX_PATH=/home/xk/go2_slam_nav/install/rviz_imu_plugin:/home/xk/go2_slam_nav/install/imu_filter_madgwick:/home/xk/go2_slam_nav/install/imu_complementary_filter:/home/xk/unitree_ros2/cyclonedds_ws/install/unitree_hg:/home/xk/unitree_ros2/cyclonedds_ws/install/unitree_go:/home/xk/unitree_ros2/cyclonedds_ws/install/unitree_api:/home/xk/unitree_ros2/cyclonedds_ws/install/rmw_cyclonedds_cpp:/home/xk/unitree_ros2/cyclonedds_ws/install/cyclonedds:/opt/ros/foxy LD_LIBRARY_PATH=/home/xk/go2_slam_nav/install/rviz_imu_plugin/lib:/home/xk/go2_slam_nav/install/imu_filter_madgwick/lib:/home/xk/unitree_ros2/cyclonedds_ws/install/unitree_hg/lib:/home/xk/unitree_ros2/cyclonedds_ws/install/unitree_go/lib:/home/xk/unitree_ros2/cyclonedds_ws/install/unitree_api/lib:/home/xk/unitree_ros2/cyclonedds_ws/install/rmw_cyclonedds_cpp/lib:/home/xk/unitree_ros2/cyclonedds_ws/install/cyclonedds/lib:/usr/lib/x86_64-linux-gnu/gazebo-11/plugins:/opt/ros/foxy/opt/yaml_cpp_vendor/lib:/opt/ros/foxy/opt/rviz_ogre_vendor/lib:/opt/ros/foxy/lib/x86_64-linux-gnu:/opt/ros/foxy/lib:/usr/local/lib /usr/bin/cmake --build /home/xk/go2_slam_nav/build/imu_tools -- -j8 -l8
[75.349s] DEBUG:colcon.colcon_core.event_handler.log_command:Invoking command in '/home/xk/go2_slam_nav/build/imu_tools': AMENT_PREFIX_PATH=/home/xk/go2_slam_nav/install/rviz_imu_plugin:/home/xk/go2_slam_nav/install/imu_filter_madgwick:/home/xk/go2_slam_nav/install/imu_complementary_filter:${AMENT_PREFIX_PATH} CMAKE_PREFIX_PATH=/home/xk/go2_slam_nav/install/rviz_imu_plugin:/home/xk/go2_slam_nav/install/imu_filter_madgwick:/home/xk/go2_slam_nav/install/imu_complementary_filter:/home/xk/unitree_ros2/cyclonedds_ws/install/unitree_hg:/home/xk/unitree_ros2/cyclonedds_ws/install/unitree_go:/home/xk/unitree_ros2/cyclonedds_ws/install/unitree_api:/home/xk/unitree_ros2/cyclonedds_ws/install/rmw_cyclonedds_cpp:/home/xk/unitree_ros2/cyclonedds_ws/install/cyclonedds:/opt/ros/foxy LD_LIBRARY_PATH=/home/xk/go2_slam_nav/install/rviz_imu_plugin/lib:/home/xk/go2_slam_nav/install/imu_filter_madgwick/lib:/home/xk/unitree_ros2/cyclonedds_ws/install/unitree_hg/lib:/home/xk/unitree_ros2/cyclonedds_ws/install/unitree_go/lib:/home/xk/unitree_ros2/cyclonedds_ws/install/unitree_api/lib:/home/xk/unitree_ros2/cyclonedds_ws/install/rmw_cyclonedds_cpp/lib:/home/xk/unitree_ros2/cyclonedds_ws/install/cyclonedds/lib:/usr/lib/x86_64-linux-gnu/gazebo-11/plugins:/opt/ros/foxy/opt/yaml_cpp_vendor/lib:/opt/ros/foxy/opt/rviz_ogre_vendor/lib:/opt/ros/foxy/lib/x86_64-linux-gnu:/opt/ros/foxy/lib:/usr/local/lib /usr/bin/cmake --install /home/xk/go2_slam_nav/build/imu_tools
[75.577s] Level 1:colcon.colcon_core.environment:create_environment_scripts_only(imu_tools)
[75.577s] Level 1:colcon.colcon_core.environment:checking '/home/xk/go2_slam_nav/install/imu_tools' for CMake module files
[75.579s] DEBUG:colcon.colcon_core.event_handler.log_command:Invoked command in '/home/xk/go2_slam_nav/build/imu_tools' returned '0': AMENT_PREFIX_PATH=/home/xk/go2_slam_nav/install/rviz_imu_plugin:/home/xk/go2_slam_nav/install/imu_filter_madgwick:/home/xk/go2_slam_nav/install/imu_complementary_filter:${AMENT_PREFIX_PATH} CMAKE_PREFIX_PATH=/home/xk/go2_slam_nav/install/rviz_imu_plugin:/home/xk/go2_slam_nav/install/imu_filter_madgwick:/home/xk/go2_slam_nav/install/imu_complementary_filter:/home/xk/unitree_ros2/cyclonedds_ws/install/unitree_hg:/home/xk/unitree_ros2/cyclonedds_ws/install/unitree_go:/home/xk/unitree_ros2/cyclonedds_ws/install/unitree_api:/home/xk/unitree_ros2/cyclonedds_ws/install/rmw_cyclonedds_cpp:/home/xk/unitree_ros2/cyclonedds_ws/install/cyclonedds:/opt/ros/foxy LD_LIBRARY_PATH=/home/xk/go2_slam_nav/install/rviz_imu_plugin/lib:/home/xk/go2_slam_nav/install/imu_filter_madgwick/lib:/home/xk/unitree_ros2/cyclonedds_ws/install/unitree_hg/lib:/home/xk/unitree_ros2/cyclonedds_ws/install/unitree_go/lib:/home/xk/unitree_ros2/cyclonedds_ws/install/unitree_api/lib:/home/xk/unitree_ros2/cyclonedds_ws/install/rmw_cyclonedds_cpp/lib:/home/xk/unitree_ros2/cyclonedds_ws/install/cyclonedds/lib:/usr/lib/x86_64-linux-gnu/gazebo-11/plugins:/opt/ros/foxy/opt/yaml_cpp_vendor/lib:/opt/ros/foxy/opt/rviz_ogre_vendor/lib:/opt/ros/foxy/lib/x86_64-linux-gnu:/opt/ros/foxy/lib:/usr/local/lib /usr/bin/cmake --install /home/xk/go2_slam_nav/build/imu_tools
[75.579s] Level 1:colcon.colcon_core.environment:checking '/home/xk/go2_slam_nav/install/imu_tools' for CMake config files
[75.579s] Level 1:colcon.colcon_core.shell:create_environment_hook('imu_tools', 'cmake_prefix_path')
[75.580s] INFO:colcon.colcon_core.shell:Creating environment hook '/home/xk/go2_slam_nav/install/imu_tools/share/imu_tools/hook/cmake_prefix_path.ps1'
[75.581s] INFO:colcon.colcon_core.shell:Creating environment descriptor '/home/xk/go2_slam_nav/install/imu_tools/share/imu_tools/hook/cmake_prefix_path.dsv'
[75.581s] INFO:colcon.colcon_core.shell:Creating environment hook '/home/xk/go2_slam_nav/install/imu_tools/share/imu_tools/hook/cmake_prefix_path.sh'
[75.582s] Level 1:colcon.colcon_core.environment:checking '/home/xk/go2_slam_nav/install/imu_tools/bin'
[75.582s] Level 1:colcon.colcon_core.environment:checking '/home/xk/go2_slam_nav/install/imu_tools/lib/pkgconfig/imu_tools.pc'
[75.583s] Level 1:colcon.colcon_core.environment:checking '/home/xk/go2_slam_nav/install/imu_tools/lib/python3.8/site-packages'
[75.583s] Level 1:colcon.colcon_core.environment:checking '/home/xk/go2_slam_nav/install/imu_tools/bin'
[75.583s] INFO:colcon.colcon_core.shell:Creating package script '/home/xk/go2_slam_nav/install/imu_tools/share/imu_tools/package.ps1'
[75.584s] INFO:colcon.colcon_core.shell:Creating package descriptor '/home/xk/go2_slam_nav/install/imu_tools/share/imu_tools/package.dsv'
[75.585s] INFO:colcon.colcon_core.shell:Creating package script '/home/xk/go2_slam_nav/install/imu_tools/share/imu_tools/package.sh'
[75.585s] INFO:colcon.colcon_core.shell:Creating package script '/home/xk/go2_slam_nav/install/imu_tools/share/imu_tools/package.bash'
[75.586s] INFO:colcon.colcon_core.shell:Creating package script '/home/xk/go2_slam_nav/install/imu_tools/share/imu_tools/package.zsh'
[75.586s] Level 1:colcon.colcon_core.environment:create_file_with_runtime_dependencies(/home/xk/go2_slam_nav/install/imu_tools/share/colcon-core/packages/imu_tools)
[75.587s] Level 1:colcon.colcon_core.environment:create_environment_scripts_only(imu_tools)
[75.588s] Level 1:colcon.colcon_core.environment:checking '/home/xk/go2_slam_nav/install/imu_tools' for CMake module files
[75.588s] Level 1:colcon.colcon_core.environment:checking '/home/xk/go2_slam_nav/install/imu_tools' for CMake config files
[75.589s] Level 1:colcon.colcon_core.shell:create_environment_hook('imu_tools', 'cmake_prefix_path')
[75.589s] INFO:colcon.colcon_core.shell:Creating environment hook '/home/xk/go2_slam_nav/install/imu_tools/share/imu_tools/hook/cmake_prefix_path.ps1'
[75.590s] INFO:colcon.colcon_core.shell:Creating environment descriptor '/home/xk/go2_slam_nav/install/imu_tools/share/imu_tools/hook/cmake_prefix_path.dsv'
[75.590s] INFO:colcon.colcon_core.shell:Creating environment hook '/home/xk/go2_slam_nav/install/imu_tools/share/imu_tools/hook/cmake_prefix_path.sh'
[75.591s] Level 1:colcon.colcon_core.environment:checking '/home/xk/go2_slam_nav/install/imu_tools/bin'
[75.591s] Level 1:colcon.colcon_core.environment:checking '/home/xk/go2_slam_nav/install/imu_tools/lib/pkgconfig/imu_tools.pc'
[75.591s] Level 1:colcon.colcon_core.environment:checking '/home/xk/go2_slam_nav/install/imu_tools/lib/python3.8/site-packages'
[75.592s] Level 1:colcon.colcon_core.environment:checking '/home/xk/go2_slam_nav/install/imu_tools/bin'
[75.592s] INFO:colcon.colcon_core.shell:Creating package script '/home/xk/go2_slam_nav/install/imu_tools/share/imu_tools/package.ps1'
[75.593s] INFO:colcon.colcon_core.shell:Creating package descriptor '/home/xk/go2_slam_nav/install/imu_tools/share/imu_tools/package.dsv'
[75.594s] INFO:colcon.colcon_core.shell:Creating package script '/home/xk/go2_slam_nav/install/imu_tools/share/imu_tools/package.sh'
[75.594s] INFO:colcon.colcon_core.shell:Creating package script '/home/xk/go2_slam_nav/install/imu_tools/share/imu_tools/package.bash'
[75.595s] INFO:colcon.colcon_core.shell:Creating package script '/home/xk/go2_slam_nav/install/imu_tools/share/imu_tools/package.zsh'
[75.595s] Level 1:colcon.colcon_core.environment:create_file_with_runtime_dependencies(/home/xk/go2_slam_nav/install/imu_tools/share/colcon-core/packages/imu_tools)
[75.596s] DEBUG:colcon.colcon_parallel_executor.executor.parallel:closing loop
[75.596s] DEBUG:colcon.colcon_parallel_executor.executor.parallel:loop closed
[75.596s] DEBUG:colcon.colcon_parallel_executor.executor.parallel:run_until_complete finished with '0'
[75.596s] DEBUG:colcon.colcon_core.event_reactor:joining thread
[75.605s] INFO:colcon.colcon_core.plugin_system:Skipping extension 'colcon_notification.desktop_notification.terminal_notifier': Not used on non-Darwin systems
[75.605s] INFO:colcon.colcon_core.plugin_system:Skipping extension 'colcon_notification.desktop_notification.win32': Not used on non-Windows systems
[75.605s] INFO:colcon.colcon_notification.desktop_notification:Sending desktop notification using 'notify2'
[75.628s] DEBUG:colcon.colcon_core.event_reactor:joined thread
[75.629s] INFO:colcon.colcon_core.shell:Creating prefix script '/home/xk/go2_slam_nav/install/local_setup.ps1'
[75.630s] INFO:colcon.colcon_core.shell:Creating prefix util module '/home/xk/go2_slam_nav/install/_local_setup_util_ps1.py'
[75.632s] INFO:colcon.colcon_core.shell:Creating prefix chain script '/home/xk/go2_slam_nav/install/setup.ps1'
[75.634s] INFO:colcon.colcon_core.shell:Creating prefix script '/home/xk/go2_slam_nav/install/local_setup.sh'
[75.636s] INFO:colcon.colcon_core.shell:Creating prefix util module '/home/xk/go2_slam_nav/install/_local_setup_util_sh.py'
[75.637s] INFO:colcon.colcon_core.shell:Creating prefix chain script '/home/xk/go2_slam_nav/install/setup.sh'
[75.639s] INFO:colcon.colcon_core.shell:Creating prefix script '/home/xk/go2_slam_nav/install/local_setup.bash'
[75.639s] INFO:colcon.colcon_core.shell:Creating prefix chain script '/home/xk/go2_slam_nav/install/setup.bash'
[75.641s] INFO:colcon.colcon_core.shell:Creating prefix script '/home/xk/go2_slam_nav/install/local_setup.zsh'
[75.642s] INFO:colcon.colcon_core.shell:Creating prefix chain script '/home/xk/go2_slam_nav/install/setup.zsh'
