[1.041s] Invoking command in '/home/xk/go2_slam_nav/build/go2_rtabmap': PYTHONPATH=/home/xk/go2_slam_nav/build/go2_rtabmap/prefix_override:/usr/lib/python3/dist-packages/colcon_core/task/python/colcon_distutils_commands:/home/xk/go2_slam_nav/install/go2_rtabmap/lib/python3.8/site-packages: /usr/bin/python3 -W ignore:setup.py install is deprecated -W ignore:easy_install command is deprecated setup.py develop --editable --build-directory /home/xk/go2_slam_nav/build/go2_rtabmap/build --no-deps symlink_data
[1.255s] running develop
[1.369s] running egg_info
[1.369s] creating go2_rtabmap.egg-info
[1.369s] writing go2_rtabmap.egg-info/PKG-INFO
[1.369s] writing dependency_links to go2_rtabmap.egg-info/dependency_links.txt
[1.369s] writing entry points to go2_rtabmap.egg-info/entry_points.txt
[1.369s] writing requirements to go2_rtabmap.egg-info/requires.txt
[1.370s] writing top-level names to go2_rtabmap.egg-info/top_level.txt
[1.370s] writing manifest file 'go2_rtabmap.egg-info/SOURCES.txt'
[1.400s] reading manifest file 'go2_rtabmap.egg-info/SOURCES.txt'
[1.400s] writing manifest file 'go2_rtabmap.egg-info/SOURCES.txt'
[1.438s] running build_ext
[1.439s] Creating /home/xk/go2_slam_nav/install/go2_rtabmap/lib/python3.8/site-packages/site.py
[1.441s] Creating /home/xk/go2_slam_nav/install/go2_rtabmap/lib/python3.8/site-packages/go2-rtabmap.egg-link (link to .)
[1.442s] 
[1.442s] Installed /home/xk/go2_slam_nav/build/go2_rtabmap
[1.442s] running symlink_data
[1.442s] creating /home/xk/go2_slam_nav/install/go2_rtabmap/share/ament_index
[1.442s] creating /home/xk/go2_slam_nav/install/go2_rtabmap/share/ament_index/resource_index
[1.442s] creating /home/xk/go2_slam_nav/install/go2_rtabmap/share/ament_index/resource_index/packages
[1.442s] symbolically linking /home/xk/go2_slam_nav/build/go2_rtabmap/resource/go2_rtabmap -> /home/xk/go2_slam_nav/install/go2_rtabmap/share/ament_index/resource_index/packages
[1.443s] symbolically linking /home/xk/go2_slam_nav/build/go2_rtabmap/package.xml -> /home/xk/go2_slam_nav/install/go2_rtabmap/share/go2_rtabmap
[1.443s] creating /home/xk/go2_slam_nav/install/go2_rtabmap/share/go2_rtabmap/launch
[1.443s] symbolically linking /home/xk/go2_slam_nav/build/go2_rtabmap/launch/mapping.launch.py -> /home/xk/go2_slam_nav/install/go2_rtabmap/share/go2_rtabmap/launch
[1.443s] symbolically linking /home/xk/go2_slam_nav/build/go2_rtabmap/launch/camera_mapping.launch.py -> /home/xk/go2_slam_nav/install/go2_rtabmap/share/go2_rtabmap/launch
[1.443s] symbolically linking /home/xk/go2_slam_nav/build/go2_rtabmap/launch/rtabmap_lidar.launch.py -> /home/xk/go2_slam_nav/install/go2_rtabmap/share/go2_rtabmap/launch
[1.443s] symbolically linking /home/xk/go2_slam_nav/build/go2_rtabmap/launch/rtabmap_camera.launch.py -> /home/xk/go2_slam_nav/install/go2_rtabmap/share/go2_rtabmap/launch
[1.512s] Invoked command in '/home/xk/go2_slam_nav/build/go2_rtabmap' returned '0': PYTHONPATH=/home/xk/go2_slam_nav/build/go2_rtabmap/prefix_override:/usr/lib/python3/dist-packages/colcon_core/task/python/colcon_distutils_commands:/home/xk/go2_slam_nav/install/go2_rtabmap/lib/python3.8/site-packages: /usr/bin/python3 -W ignore:setup.py install is deprecated -W ignore:easy_install command is deprecated setup.py develop --editable --build-directory /home/xk/go2_slam_nav/build/go2_rtabmap/build --no-deps symlink_data
