running develop
running egg_info
creating go2_rtabmap.egg-info
writing go2_rtabmap.egg-info/PKG-INFO
writing dependency_links to go2_rtabmap.egg-info/dependency_links.txt
writing entry points to go2_rtabmap.egg-info/entry_points.txt
writing requirements to go2_rtabmap.egg-info/requires.txt
writing top-level names to go2_rtabmap.egg-info/top_level.txt
writing manifest file 'go2_rtabmap.egg-info/SOURCES.txt'
reading manifest file 'go2_rtabmap.egg-info/SOURCES.txt'
writing manifest file 'go2_rtabmap.egg-info/SOURCES.txt'
running build_ext
Creating /home/xk/go2_slam_nav/install/go2_rtabmap/lib/python3.8/site-packages/site.py
Creating /home/xk/go2_slam_nav/install/go2_rtabmap/lib/python3.8/site-packages/go2-rtabmap.egg-link (link to .)

Installed /home/xk/go2_slam_nav/build/go2_rtabmap
running symlink_data
creating /home/xk/go2_slam_nav/install/go2_rtabmap/share/ament_index
creating /home/xk/go2_slam_nav/install/go2_rtabmap/share/ament_index/resource_index
creating /home/xk/go2_slam_nav/install/go2_rtabmap/share/ament_index/resource_index/packages
symbolically linking /home/xk/go2_slam_nav/build/go2_rtabmap/resource/go2_rtabmap -> /home/xk/go2_slam_nav/install/go2_rtabmap/share/ament_index/resource_index/packages
symbolically linking /home/xk/go2_slam_nav/build/go2_rtabmap/package.xml -> /home/xk/go2_slam_nav/install/go2_rtabmap/share/go2_rtabmap
creating /home/xk/go2_slam_nav/install/go2_rtabmap/share/go2_rtabmap/launch
symbolically linking /home/xk/go2_slam_nav/build/go2_rtabmap/launch/mapping.launch.py -> /home/xk/go2_slam_nav/install/go2_rtabmap/share/go2_rtabmap/launch
symbolically linking /home/xk/go2_slam_nav/build/go2_rtabmap/launch/camera_mapping.launch.py -> /home/xk/go2_slam_nav/install/go2_rtabmap/share/go2_rtabmap/launch
symbolically linking /home/xk/go2_slam_nav/build/go2_rtabmap/launch/rtabmap_lidar.launch.py -> /home/xk/go2_slam_nav/install/go2_rtabmap/share/go2_rtabmap/launch
symbolically linking /home/xk/go2_slam_nav/build/go2_rtabmap/launch/rtabmap_camera.launch.py -> /home/xk/go2_slam_nav/install/go2_rtabmap/share/go2_rtabmap/launch
