[2.304s] Invoking command in '/home/xk/go2_slam_nav/build/go2_rtabmap': PYTHONPATH=/home/xk/go2_slam_nav/build/go2_rtabmap/prefix_override:/usr/lib/python3/dist-packages/colcon_core/task/python/colcon_distutils_commands:/home/xk/go2_slam_nav/install/go2_rtabmap/lib/python3.8/site-packages:${PYTHONPATH} /usr/bin/python3 -W ignore:setup.py install is deprecated -W ignore:easy_install command is deprecated setup.py develop --editable --build-directory /home/xk/go2_slam_nav/build/go2_rtabmap/build --no-deps symlink_data
[4.404s] running develop
[5.745s] running egg_info
[5.746s] creating go2_rtabmap.egg-info
[5.747s] writing go2_rtabmap.egg-info/PKG-INFO
[5.749s] writing dependency_links to go2_rtabmap.egg-info/dependency_links.txt
[5.749s] writing entry points to go2_rtabmap.egg-info/entry_points.txt
[5.751s] writing requirements to go2_rtabmap.egg-info/requires.txt
[5.752s] writing top-level names to go2_rtabmap.egg-info/top_level.txt
[5.757s] writing manifest file 'go2_rtabmap.egg-info/SOURCES.txt'
[6.035s] reading manifest file 'go2_rtabmap.egg-info/SOURCES.txt'
[6.040s] writing manifest file 'go2_rtabmap.egg-info/SOURCES.txt'
[6.336s] running build_ext
[6.345s] Creating /home/xk/go2_slam_nav/install/go2_rtabmap/lib/python3.8/site-packages/site.py
[6.358s] Creating /home/xk/go2_slam_nav/install/go2_rtabmap/lib/python3.8/site-packages/go2-rtabmap.egg-link (link to .)
[6.364s] 
[6.365s] Installed /home/xk/go2_slam_nav/build/go2_rtabmap
[6.368s] running symlink_data
[6.369s] creating /home/xk/go2_slam_nav/install/go2_rtabmap/share/ament_index
[6.370s] creating /home/xk/go2_slam_nav/install/go2_rtabmap/share/ament_index/resource_index
[6.371s] creating /home/xk/go2_slam_nav/install/go2_rtabmap/share/ament_index/resource_index/packages
[6.372s] symbolically linking /home/xk/go2_slam_nav/build/go2_rtabmap/resource/go2_rtabmap -> /home/xk/go2_slam_nav/install/go2_rtabmap/share/ament_index/resource_index/packages
[6.373s] symbolically linking /home/xk/go2_slam_nav/build/go2_rtabmap/package.xml -> /home/xk/go2_slam_nav/install/go2_rtabmap/share/go2_rtabmap
[6.374s] creating /home/xk/go2_slam_nav/install/go2_rtabmap/share/go2_rtabmap/launch
[6.374s] symbolically linking /home/xk/go2_slam_nav/build/go2_rtabmap/launch/mapping.launch.py -> /home/xk/go2_slam_nav/install/go2_rtabmap/share/go2_rtabmap/launch
[6.375s] symbolically linking /home/xk/go2_slam_nav/build/go2_rtabmap/launch/camera_mapping.launch.py -> /home/xk/go2_slam_nav/install/go2_rtabmap/share/go2_rtabmap/launch
[6.376s] symbolically linking /home/xk/go2_slam_nav/build/go2_rtabmap/launch/rtabmap_lidar.launch.py -> /home/xk/go2_slam_nav/install/go2_rtabmap/share/go2_rtabmap/launch
[6.376s] symbolically linking /home/xk/go2_slam_nav/build/go2_rtabmap/launch/rtabmap_camera.launch.py -> /home/xk/go2_slam_nav/install/go2_rtabmap/share/go2_rtabmap/launch
[6.551s] Invoked command in '/home/xk/go2_slam_nav/build/go2_rtabmap' returned '0': PYTHONPATH=/home/xk/go2_slam_nav/build/go2_rtabmap/prefix_override:/usr/lib/python3/dist-packages/colcon_core/task/python/colcon_distutils_commands:/home/xk/go2_slam_nav/install/go2_rtabmap/lib/python3.8/site-packages:${PYTHONPATH} /usr/bin/python3 -W ignore:setup.py install is deprecated -W ignore:easy_install command is deprecated setup.py develop --editable --build-directory /home/xk/go2_slam_nav/build/go2_rtabmap/build --no-deps symlink_data
