[1.031s] Invoking command in '/home/xk/go2_slam_nav/build/go2_nav2': PYTHONPATH=/home/xk/go2_slam_nav/build/go2_nav2/prefix_override:/usr/lib/python3/dist-packages/colcon_core/task/python/colcon_distutils_commands:/home/xk/go2_slam_nav/install/go2_nav2/lib/python3.8/site-packages: /usr/bin/python3 -W ignore:setup.py install is deprecated -W ignore:easy_install command is deprecated setup.py develop --editable --build-directory /home/xk/go2_slam_nav/build/go2_nav2/build --no-deps symlink_data
[1.255s] running develop
[1.368s] running egg_info
[1.368s] creating go2_nav2.egg-info
[1.368s] writing go2_nav2.egg-info/PKG-INFO
[1.368s] writing dependency_links to go2_nav2.egg-info/dependency_links.txt
[1.368s] writing entry points to go2_nav2.egg-info/entry_points.txt
[1.368s] writing requirements to go2_nav2.egg-info/requires.txt
[1.368s] writing top-level names to go2_nav2.egg-info/top_level.txt
[1.369s] writing manifest file 'go2_nav2.egg-info/SOURCES.txt'
[1.401s] reading manifest file 'go2_nav2.egg-info/SOURCES.txt'
[1.401s] writing manifest file 'go2_nav2.egg-info/SOURCES.txt'
[1.443s] running build_ext
[1.444s] Creating /home/xk/go2_slam_nav/install/go2_nav2/lib/python3.8/site-packages/site.py
[1.447s] Creating /home/xk/go2_slam_nav/install/go2_nav2/lib/python3.8/site-packages/go2-nav2.egg-link (link to .)
[1.448s] 
[1.448s] Installed /home/xk/go2_slam_nav/build/go2_nav2
[1.448s] running symlink_data
[1.448s] creating /home/xk/go2_slam_nav/install/go2_nav2/share/ament_index
[1.448s] creating /home/xk/go2_slam_nav/install/go2_nav2/share/ament_index/resource_index
[1.449s] creating /home/xk/go2_slam_nav/install/go2_nav2/share/ament_index/resource_index/packages
[1.449s] symbolically linking /home/xk/go2_slam_nav/build/go2_nav2/resource/go2_nav2 -> /home/xk/go2_slam_nav/install/go2_nav2/share/ament_index/resource_index/packages
[1.449s] symbolically linking /home/xk/go2_slam_nav/build/go2_nav2/package.xml -> /home/xk/go2_slam_nav/install/go2_nav2/share/go2_nav2
[1.449s] creating /home/xk/go2_slam_nav/install/go2_nav2/share/go2_nav2/launch
[1.449s] symbolically linking /home/xk/go2_slam_nav/build/go2_nav2/launch/bringup.launch.py -> /home/xk/go2_slam_nav/install/go2_nav2/share/go2_nav2/launch
[1.509s] Invoked command in '/home/xk/go2_slam_nav/build/go2_nav2' returned '0': PYTHONPATH=/home/xk/go2_slam_nav/build/go2_nav2/prefix_override:/usr/lib/python3/dist-packages/colcon_core/task/python/colcon_distutils_commands:/home/xk/go2_slam_nav/install/go2_nav2/lib/python3.8/site-packages: /usr/bin/python3 -W ignore:setup.py install is deprecated -W ignore:easy_install command is deprecated setup.py develop --editable --build-directory /home/xk/go2_slam_nav/build/go2_nav2/build --no-deps symlink_data
