running develop
running egg_info
creating go2_nav2.egg-info
writing go2_nav2.egg-info/PKG-INFO
writing dependency_links to go2_nav2.egg-info/dependency_links.txt
writing entry points to go2_nav2.egg-info/entry_points.txt
writing requirements to go2_nav2.egg-info/requires.txt
writing top-level names to go2_nav2.egg-info/top_level.txt
writing manifest file 'go2_nav2.egg-info/SOURCES.txt'
reading manifest file 'go2_nav2.egg-info/SOURCES.txt'
writing manifest file 'go2_nav2.egg-info/SOURCES.txt'
running build_ext
Creating /home/xk/go2_slam_nav/src/install/go2_nav2/lib/python3.8/site-packages/site.py
Creating /home/xk/go2_slam_nav/src/install/go2_nav2/lib/python3.8/site-packages/go2-nav2.egg-link (link to .)

Installed /home/xk/go2_slam_nav/src/build/go2_nav2
running symlink_data
creating /home/xk/go2_slam_nav/src/install/go2_nav2/share/ament_index
creating /home/xk/go2_slam_nav/src/install/go2_nav2/share/ament_index/resource_index
creating /home/xk/go2_slam_nav/src/install/go2_nav2/share/ament_index/resource_index/packages
symbolically linking /home/xk/go2_slam_nav/src/build/go2_nav2/resource/go2_nav2 -> /home/xk/go2_slam_nav/src/install/go2_nav2/share/ament_index/resource_index/packages
symbolically linking /home/xk/go2_slam_nav/src/build/go2_nav2/package.xml -> /home/xk/go2_slam_nav/src/install/go2_nav2/share/go2_nav2
