[1.029s] Invoking command in '/home/xk/go2_slam_nav/build/my_unitree_controller': PYTHONPATH=/home/xk/go2_slam_nav/build/my_unitree_controller/prefix_override:/usr/lib/python3/dist-packages/colcon_core/task/python/colcon_distutils_commands:/home/xk/go2_slam_nav/install/my_unitree_controller/lib/python3.8/site-packages: /usr/bin/python3 -W ignore:setup.py install is deprecated -W ignore:easy_install command is deprecated setup.py develop --editable --build-directory /home/xk/go2_slam_nav/build/my_unitree_controller/build --no-deps symlink_data
[1.249s] running develop
[1.362s] running egg_info
[1.363s] creating my_unitree_controller.egg-info
[1.363s] writing my_unitree_controller.egg-info/PKG-INFO
[1.363s] writing dependency_links to my_unitree_controller.egg-info/dependency_links.txt
[1.363s] writing entry points to my_unitree_controller.egg-info/entry_points.txt
[1.363s] writing requirements to my_unitree_controller.egg-info/requires.txt
[1.363s] writing top-level names to my_unitree_controller.egg-info/top_level.txt
[1.364s] writing manifest file 'my_unitree_controller.egg-info/SOURCES.txt'
[1.394s] reading manifest file 'my_unitree_controller.egg-info/SOURCES.txt'
[1.394s] writing manifest file 'my_unitree_controller.egg-info/SOURCES.txt'
[1.434s] running build_ext
[1.434s] Creating /home/xk/go2_slam_nav/install/my_unitree_controller/lib/python3.8/site-packages/site.py
[1.437s] Creating /home/xk/go2_slam_nav/install/my_unitree_controller/lib/python3.8/site-packages/my-unitree-controller.egg-link (link to .)
[1.437s] Installing sport_controller script to /home/xk/go2_slam_nav/install/my_unitree_controller/lib/my_unitree_controller
[1.437s] 
[1.437s] Installed /home/xk/go2_slam_nav/build/my_unitree_controller
[1.437s] running symlink_data
[1.438s] creating /home/xk/go2_slam_nav/install/my_unitree_controller/share/ament_index
[1.438s] creating /home/xk/go2_slam_nav/install/my_unitree_controller/share/ament_index/resource_index
[1.438s] creating /home/xk/go2_slam_nav/install/my_unitree_controller/share/ament_index/resource_index/packages
[1.438s] symbolically linking /home/xk/go2_slam_nav/build/my_unitree_controller/resource/my_unitree_controller -> /home/xk/go2_slam_nav/install/my_unitree_controller/share/ament_index/resource_index/packages
[1.438s] symbolically linking /home/xk/go2_slam_nav/build/my_unitree_controller/package.xml -> /home/xk/go2_slam_nav/install/my_unitree_controller/share/my_unitree_controller
[1.475s] Invoked command in '/home/xk/go2_slam_nav/build/my_unitree_controller' returned '0': PYTHONPATH=/home/xk/go2_slam_nav/build/my_unitree_controller/prefix_override:/usr/lib/python3/dist-packages/colcon_core/task/python/colcon_distutils_commands:/home/xk/go2_slam_nav/install/my_unitree_controller/lib/python3.8/site-packages: /usr/bin/python3 -W ignore:setup.py install is deprecated -W ignore:easy_install command is deprecated setup.py develop --editable --build-directory /home/xk/go2_slam_nav/build/my_unitree_controller/build --no-deps symlink_data
