[1.233s] Invoking command in '/home/xk/go2_slam_nav/src/build/go2_rtabmap': PYTHONPATH=/home/xk/go2_slam_nav/src/build/go2_rtabmap/prefix_override:/usr/lib/python3/dist-packages/colcon_core/task/python/colcon_distutils_commands:/home/xk/go2_slam_nav/src/install/go2_rtabmap/lib/python3.8/site-packages:${PYTHONPATH} /usr/bin/python3 -W ignore:setup.py install is deprecated -W ignore:easy_install command is deprecated setup.py develop --editable --build-directory /home/xk/go2_slam_nav/src/build/go2_rtabmap/build --no-deps symlink_data
[1.625s] running develop
[1.813s] running egg_info
[1.814s] creating go2_rtabmap.egg-info
[1.814s] writing go2_rtabmap.egg-info/PKG-INFO
[1.814s] writing dependency_links to go2_rtabmap.egg-info/dependency_links.txt
[1.814s] writing entry points to go2_rtabmap.egg-info/entry_points.txt
[1.814s] writing requirements to go2_rtabmap.egg-info/requires.txt
[1.814s] writing top-level names to go2_rtabmap.egg-info/top_level.txt
[1.816s] writing manifest file 'go2_rtabmap.egg-info/SOURCES.txt'
[1.851s] reading manifest file 'go2_rtabmap.egg-info/SOURCES.txt'
[1.851s] writing manifest file 'go2_rtabmap.egg-info/SOURCES.txt'
[1.898s] running build_ext
[1.898s] Creating /home/xk/go2_slam_nav/src/install/go2_rtabmap/lib/python3.8/site-packages/site.py
[1.902s] Creating /home/xk/go2_slam_nav/src/install/go2_rtabmap/lib/python3.8/site-packages/go2-rtabmap.egg-link (link to .)
[1.903s] 
[1.903s] Installed /home/xk/go2_slam_nav/src/build/go2_rtabmap
[1.903s] running symlink_data
[1.903s] creating /home/xk/go2_slam_nav/src/install/go2_rtabmap/share/ament_index
[1.903s] creating /home/xk/go2_slam_nav/src/install/go2_rtabmap/share/ament_index/resource_index
[1.903s] creating /home/xk/go2_slam_nav/src/install/go2_rtabmap/share/ament_index/resource_index/packages
[1.904s] symbolically linking /home/xk/go2_slam_nav/src/build/go2_rtabmap/resource/go2_rtabmap -> /home/xk/go2_slam_nav/src/install/go2_rtabmap/share/ament_index/resource_index/packages
[1.904s] symbolically linking /home/xk/go2_slam_nav/src/build/go2_rtabmap/package.xml -> /home/xk/go2_slam_nav/src/install/go2_rtabmap/share/go2_rtabmap
[1.904s] creating /home/xk/go2_slam_nav/src/install/go2_rtabmap/share/go2_rtabmap/launch
[1.904s] symbolically linking /home/xk/go2_slam_nav/src/build/go2_rtabmap/launch/mapping.launch.py -> /home/xk/go2_slam_nav/src/install/go2_rtabmap/share/go2_rtabmap/launch
[1.904s] symbolically linking /home/xk/go2_slam_nav/src/build/go2_rtabmap/launch/camera_mapping.launch.py -> /home/xk/go2_slam_nav/src/install/go2_rtabmap/share/go2_rtabmap/launch
[1.904s] symbolically linking /home/xk/go2_slam_nav/src/build/go2_rtabmap/launch/rtabmap_lidar.launch.py -> /home/xk/go2_slam_nav/src/install/go2_rtabmap/share/go2_rtabmap/launch
[1.904s] symbolically linking /home/xk/go2_slam_nav/src/build/go2_rtabmap/launch/rtabmap_camera.launch.py -> /home/xk/go2_slam_nav/src/install/go2_rtabmap/share/go2_rtabmap/launch
[1.967s] Invoked command in '/home/xk/go2_slam_nav/src/build/go2_rtabmap' returned '0': PYTHONPATH=/home/xk/go2_slam_nav/src/build/go2_rtabmap/prefix_override:/usr/lib/python3/dist-packages/colcon_core/task/python/colcon_distutils_commands:/home/xk/go2_slam_nav/src/install/go2_rtabmap/lib/python3.8/site-packages:${PYTHONPATH} /usr/bin/python3 -W ignore:setup.py install is deprecated -W ignore:easy_install command is deprecated setup.py develop --editable --build-directory /home/xk/go2_slam_nav/src/build/go2_rtabmap/build --no-deps symlink_data
