[0.187s] DEBUG:colcon:Command line arguments: ['/usr/bin/colcon', 'build', '--symlink-install']
[0.187s] DEBUG:colcon:Parsed command line arguments: Namespace(allow_overriding=[], ament_cmake_args=None, base_paths=['.'], build_base='build', catkin_cmake_args=None, catkin_skip_building_tests=False, cmake_args=None, cmake_clean_cache=False, cmake_clean_first=False, cmake_force_configure=False, cmake_target=None, cmake_target_skip_unavailable=False, continue_on_error=False, event_handlers=None, executor='parallel', ignore_user_meta=False, install_base='install', log_base=None, log_level=None, main=<bound method BuildVerb.main of <colcon_core.verb.build.BuildVerb object at 0x7fee869542b0>>, merge_install=False, metas=['./colcon.meta'], mixin=None, mixin_files=None, mixin_verb=('build',), packages_above=None, packages_above_and_dependencies=None, packages_above_depth=None, packages_end=None, packages_ignore=None, packages_ignore_regex=None, packages_select=None, packages_select_build_failed=False, packages_select_by_dep=None, packages_select_regex=None, packages_select_test_failures=False, packages_skip=None, packages_skip_build_finished=False, packages_skip_by_dep=None, packages_skip_regex=None, packages_skip_test_passed=False, packages_skip_up_to=None, packages_start=None, packages_up_to=None, packages_up_to_regex=None, parallel_workers=8, paths=None, symlink_install=True, test_result_base=None, verb_extension=<colcon_core.verb.build.BuildVerb object at 0x7fee869542b0>, verb_name='build', verb_parser=<colcon_mixin.mixin.mixin_argument.MixinArgumentDecorator object at 0x7fee86800730>)
[0.324s] Level 1:colcon.colcon_core.package_discovery:discover_packages(colcon_meta) check parameters
[0.324s] Level 1:colcon.colcon_core.package_discovery:discover_packages(recursive) check parameters
[0.324s] Level 1:colcon.colcon_core.package_discovery:discover_packages(ignore) check parameters
[0.324s] Level 1:colcon.colcon_core.package_discovery:discover_packages(path) check parameters
[0.324s] Level 1:colcon.colcon_core.package_discovery:discover_packages(colcon_meta) discover
[0.324s] Level 1:colcon.colcon_core.package_discovery:discover_packages(recursive) discover
[0.324s] INFO:colcon.colcon_core.package_discovery:Crawling recursively for packages in '/home/xk/go2_slam_nav'
[0.324s] Level 1:colcon.colcon_core.package_identification:_identify(.) by extensions ['ignore', 'ignore_ament_install']
[0.324s] Level 1:colcon.colcon_core.package_identification:_identify(.) by extension 'ignore'
[0.324s] Level 1:colcon.colcon_core.package_identification:_identify(.) by extension 'ignore_ament_install'
[0.324s] Level 1:colcon.colcon_core.package_identification:_identify(.) by extensions ['colcon_pkg']
[0.324s] Level 1:colcon.colcon_core.package_identification:_identify(.) by extension 'colcon_pkg'
[0.324s] Level 1:colcon.colcon_core.package_identification:_identify(.) by extensions ['colcon_meta']
[0.324s] Level 1:colcon.colcon_core.package_identification:_identify(.) by extension 'colcon_meta'
[0.324s] Level 1:colcon.colcon_core.package_identification:_identify(.) by extensions ['ros']
[0.324s] Level 1:colcon.colcon_core.package_identification:_identify(.) by extension 'ros'
[0.335s] Level 1:colcon.colcon_core.package_identification:_identify(.) by extensions ['cmake', 'python']
[0.335s] Level 1:colcon.colcon_core.package_identification:_identify(.) by extension 'cmake'
[0.335s] Level 1:colcon.colcon_core.package_identification:_identify(.) by extension 'python'
[0.335s] Level 1:colcon.colcon_core.package_identification:_identify(.) by extensions ['python_setup_py']
[0.335s] Level 1:colcon.colcon_core.package_identification:_identify(.) by extension 'python_setup_py'
[0.335s] Level 1:colcon.colcon_core.package_identification:_identify(build) by extensions ['ignore', 'ignore_ament_install']
[0.335s] Level 1:colcon.colcon_core.package_identification:_identify(build) by extension 'ignore'
[0.335s] Level 1:colcon.colcon_core.package_identification:_identify(build) ignored
[0.335s] Level 1:colcon.colcon_core.package_identification:_identify(install) by extensions ['ignore', 'ignore_ament_install']
[0.335s] Level 1:colcon.colcon_core.package_identification:_identify(install) by extension 'ignore'
[0.335s] Level 1:colcon.colcon_core.package_identification:_identify(install) ignored
[0.335s] Level 1:colcon.colcon_core.package_identification:_identify(log) by extensions ['ignore', 'ignore_ament_install']
[0.335s] Level 1:colcon.colcon_core.package_identification:_identify(log) by extension 'ignore'
[0.335s] Level 1:colcon.colcon_core.package_identification:_identify(log) ignored
[0.336s] Level 1:colcon.colcon_core.package_identification:_identify(src) by extensions ['ignore', 'ignore_ament_install']
[0.336s] Level 1:colcon.colcon_core.package_identification:_identify(src) by extension 'ignore'
[0.336s] Level 1:colcon.colcon_core.package_identification:_identify(src) by extension 'ignore_ament_install'
[0.336s] Level 1:colcon.colcon_core.package_identification:_identify(src) by extensions ['colcon_pkg']
[0.336s] Level 1:colcon.colcon_core.package_identification:_identify(src) by extension 'colcon_pkg'
[0.336s] Level 1:colcon.colcon_core.package_identification:_identify(src) by extensions ['colcon_meta']
[0.336s] Level 1:colcon.colcon_core.package_identification:_identify(src) by extension 'colcon_meta'
[0.336s] Level 1:colcon.colcon_core.package_identification:_identify(src) by extensions ['ros']
[0.336s] Level 1:colcon.colcon_core.package_identification:_identify(src) by extension 'ros'
[0.336s] Level 1:colcon.colcon_core.package_identification:_identify(src) by extensions ['cmake', 'python']
[0.336s] Level 1:colcon.colcon_core.package_identification:_identify(src) by extension 'cmake'
[0.336s] Level 1:colcon.colcon_core.package_identification:_identify(src) by extension 'python'
[0.336s] Level 1:colcon.colcon_core.package_identification:_identify(src) by extensions ['python_setup_py']
[0.336s] Level 1:colcon.colcon_core.package_identification:_identify(src) by extension 'python_setup_py'
[0.336s] Level 1:colcon.colcon_core.package_identification:_identify(src/go2_nav2) by extensions ['ignore', 'ignore_ament_install']
[0.336s] Level 1:colcon.colcon_core.package_identification:_identify(src/go2_nav2) by extension 'ignore'
[0.336s] Level 1:colcon.colcon_core.package_identification:_identify(src/go2_nav2) by extension 'ignore_ament_install'
[0.336s] Level 1:colcon.colcon_core.package_identification:_identify(src/go2_nav2) by extensions ['colcon_pkg']
[0.336s] Level 1:colcon.colcon_core.package_identification:_identify(src/go2_nav2) by extension 'colcon_pkg'
[0.336s] Level 1:colcon.colcon_core.package_identification:_identify(src/go2_nav2) by extensions ['colcon_meta']
[0.336s] Level 1:colcon.colcon_core.package_identification:_identify(src/go2_nav2) by extension 'colcon_meta'
[0.337s] Level 1:colcon.colcon_core.package_identification:_identify(src/go2_nav2) by extensions ['ros']
[0.337s] Level 1:colcon.colcon_core.package_identification:_identify(src/go2_nav2) by extension 'ros'
[0.339s] DEBUG:colcon.colcon_core.package_identification:Package 'src/go2_nav2' with type 'ros.ament_python' and name 'go2_nav2'
[0.339s] Level 1:colcon.colcon_core.package_identification:_identify(src/go2_rtabmap) by extensions ['ignore', 'ignore_ament_install']
[0.339s] Level 1:colcon.colcon_core.package_identification:_identify(src/go2_rtabmap) by extension 'ignore'
[0.339s] Level 1:colcon.colcon_core.package_identification:_identify(src/go2_rtabmap) by extension 'ignore_ament_install'
[0.339s] Level 1:colcon.colcon_core.package_identification:_identify(src/go2_rtabmap) by extensions ['colcon_pkg']
[0.339s] Level 1:colcon.colcon_core.package_identification:_identify(src/go2_rtabmap) by extension 'colcon_pkg'
[0.339s] Level 1:colcon.colcon_core.package_identification:_identify(src/go2_rtabmap) by extensions ['colcon_meta']
[0.339s] Level 1:colcon.colcon_core.package_identification:_identify(src/go2_rtabmap) by extension 'colcon_meta'
[0.339s] Level 1:colcon.colcon_core.package_identification:_identify(src/go2_rtabmap) by extensions ['ros']
[0.339s] Level 1:colcon.colcon_core.package_identification:_identify(src/go2_rtabmap) by extension 'ros'
[0.340s] DEBUG:colcon.colcon_core.package_identification:Package 'src/go2_rtabmap' with type 'ros.ament_python' and name 'go2_rtabmap'
[0.340s] Level 1:colcon.colcon_core.package_identification:_identify(src/my_unitree_controller) by extensions ['ignore', 'ignore_ament_install']
[0.340s] Level 1:colcon.colcon_core.package_identification:_identify(src/my_unitree_controller) by extension 'ignore'
[0.340s] Level 1:colcon.colcon_core.package_identification:_identify(src/my_unitree_controller) by extension 'ignore_ament_install'
[0.340s] Level 1:colcon.colcon_core.package_identification:_identify(src/my_unitree_controller) by extensions ['colcon_pkg']
[0.340s] Level 1:colcon.colcon_core.package_identification:_identify(src/my_unitree_controller) by extension 'colcon_pkg'
[0.340s] Level 1:colcon.colcon_core.package_identification:_identify(src/my_unitree_controller) by extensions ['colcon_meta']
[0.340s] Level 1:colcon.colcon_core.package_identification:_identify(src/my_unitree_controller) by extension 'colcon_meta'
[0.340s] Level 1:colcon.colcon_core.package_identification:_identify(src/my_unitree_controller) by extensions ['ros']
[0.340s] Level 1:colcon.colcon_core.package_identification:_identify(src/my_unitree_controller) by extension 'ros'
[0.341s] DEBUG:colcon.colcon_core.package_identification:Package 'src/my_unitree_controller' with type 'ros.ament_python' and name 'my_unitree_controller'
[0.341s] Level 1:colcon.colcon_core.package_discovery:discover_packages(recursive) using defaults
[0.341s] Level 1:colcon.colcon_core.package_discovery:discover_packages(ignore) discover
[0.341s] Level 1:colcon.colcon_core.package_discovery:discover_packages(ignore) using defaults
[0.341s] Level 1:colcon.colcon_core.package_discovery:discover_packages(path) discover
[0.341s] Level 1:colcon.colcon_core.package_discovery:discover_packages(path) using defaults
[0.356s] Level 1:colcon.colcon_core.package_discovery:discover_packages(prefix_path) check parameters
[0.356s] Level 1:colcon.colcon_core.package_discovery:discover_packages(prefix_path) discover
[0.357s] Level 1:colcon.colcon_core.package_discovery:discover_packages(prefix_path) using defaults
[0.358s] Level 5:colcon.colcon_core.verb:set package 'go2_nav2' build argument 'cmake_args' from command line to 'None'
[0.358s] Level 5:colcon.colcon_core.verb:set package 'go2_nav2' build argument 'cmake_target' from command line to 'None'
[0.358s] Level 5:colcon.colcon_core.verb:set package 'go2_nav2' build argument 'cmake_target_skip_unavailable' from command line to 'False'
[0.358s] Level 5:colcon.colcon_core.verb:set package 'go2_nav2' build argument 'cmake_clean_cache' from command line to 'False'
[0.358s] Level 5:colcon.colcon_core.verb:set package 'go2_nav2' build argument 'cmake_clean_first' from command line to 'False'
[0.358s] Level 5:colcon.colcon_core.verb:set package 'go2_nav2' build argument 'cmake_force_configure' from command line to 'False'
[0.358s] Level 5:colcon.colcon_core.verb:set package 'go2_nav2' build argument 'ament_cmake_args' from command line to 'None'
[0.358s] Level 5:colcon.colcon_core.verb:set package 'go2_nav2' build argument 'catkin_cmake_args' from command line to 'None'
[0.358s] Level 5:colcon.colcon_core.verb:set package 'go2_nav2' build argument 'catkin_skip_building_tests' from command line to 'False'
[0.359s] DEBUG:colcon.colcon_core.verb:Building package 'go2_nav2' with the following arguments: {'ament_cmake_args': None, 'build_base': '/home/xk/go2_slam_nav/build/go2_nav2', 'catkin_cmake_args': None, 'catkin_skip_building_tests': False, 'cmake_args': None, 'cmake_clean_cache': False, 'cmake_clean_first': False, 'cmake_force_configure': False, 'cmake_target': None, 'cmake_target_skip_unavailable': False, 'install_base': '/home/xk/go2_slam_nav/install/go2_nav2', 'merge_install': False, 'path': '/home/xk/go2_slam_nav/src/go2_nav2', 'symlink_install': True, 'test_result_base': None}
[0.359s] Level 5:colcon.colcon_core.verb:set package 'go2_rtabmap' build argument 'cmake_args' from command line to 'None'
[0.359s] Level 5:colcon.colcon_core.verb:set package 'go2_rtabmap' build argument 'cmake_target' from command line to 'None'
[0.359s] Level 5:colcon.colcon_core.verb:set package 'go2_rtabmap' build argument 'cmake_target_skip_unavailable' from command line to 'False'
[0.359s] Level 5:colcon.colcon_core.verb:set package 'go2_rtabmap' build argument 'cmake_clean_cache' from command line to 'False'
[0.359s] Level 5:colcon.colcon_core.verb:set package 'go2_rtabmap' build argument 'cmake_clean_first' from command line to 'False'
[0.359s] Level 5:colcon.colcon_core.verb:set package 'go2_rtabmap' build argument 'cmake_force_configure' from command line to 'False'
[0.359s] Level 5:colcon.colcon_core.verb:set package 'go2_rtabmap' build argument 'ament_cmake_args' from command line to 'None'
[0.359s] Level 5:colcon.colcon_core.verb:set package 'go2_rtabmap' build argument 'catkin_cmake_args' from command line to 'None'
[0.359s] Level 5:colcon.colcon_core.verb:set package 'go2_rtabmap' build argument 'catkin_skip_building_tests' from command line to 'False'
[0.359s] DEBUG:colcon.colcon_core.verb:Building package 'go2_rtabmap' with the following arguments: {'ament_cmake_args': None, 'build_base': '/home/xk/go2_slam_nav/build/go2_rtabmap', 'catkin_cmake_args': None, 'catkin_skip_building_tests': False, 'cmake_args': None, 'cmake_clean_cache': False, 'cmake_clean_first': False, 'cmake_force_configure': False, 'cmake_target': None, 'cmake_target_skip_unavailable': False, 'install_base': '/home/xk/go2_slam_nav/install/go2_rtabmap', 'merge_install': False, 'path': '/home/xk/go2_slam_nav/src/go2_rtabmap', 'symlink_install': True, 'test_result_base': None}
[0.359s] Level 5:colcon.colcon_core.verb:set package 'my_unitree_controller' build argument 'cmake_args' from command line to 'None'
[0.360s] Level 5:colcon.colcon_core.verb:set package 'my_unitree_controller' build argument 'cmake_target' from command line to 'None'
[0.360s] Level 5:colcon.colcon_core.verb:set package 'my_unitree_controller' build argument 'cmake_target_skip_unavailable' from command line to 'False'
[0.360s] Level 5:colcon.colcon_core.verb:set package 'my_unitree_controller' build argument 'cmake_clean_cache' from command line to 'False'
[0.360s] Level 5:colcon.colcon_core.verb:set package 'my_unitree_controller' build argument 'cmake_clean_first' from command line to 'False'
[0.360s] Level 5:colcon.colcon_core.verb:set package 'my_unitree_controller' build argument 'cmake_force_configure' from command line to 'False'
[0.360s] Level 5:colcon.colcon_core.verb:set package 'my_unitree_controller' build argument 'ament_cmake_args' from command line to 'None'
[0.360s] Level 5:colcon.colcon_core.verb:set package 'my_unitree_controller' build argument 'catkin_cmake_args' from command line to 'None'
[0.360s] Level 5:colcon.colcon_core.verb:set package 'my_unitree_controller' build argument 'catkin_skip_building_tests' from command line to 'False'
[0.360s] DEBUG:colcon.colcon_core.verb:Building package 'my_unitree_controller' with the following arguments: {'ament_cmake_args': None, 'build_base': '/home/xk/go2_slam_nav/build/my_unitree_controller', 'catkin_cmake_args': None, 'catkin_skip_building_tests': False, 'cmake_args': None, 'cmake_clean_cache': False, 'cmake_clean_first': False, 'cmake_force_configure': False, 'cmake_target': None, 'cmake_target_skip_unavailable': False, 'install_base': '/home/xk/go2_slam_nav/install/my_unitree_controller', 'merge_install': False, 'path': '/home/xk/go2_slam_nav/src/my_unitree_controller', 'symlink_install': True, 'test_result_base': None}
[0.360s] INFO:colcon.colcon_core.executor:Executing jobs using 'parallel' executor
[0.361s] DEBUG:colcon.colcon_parallel_executor.executor.parallel:run_until_complete
[0.361s] INFO:colcon.colcon_ros.task.ament_python.build:Building ROS package in '/home/xk/go2_slam_nav/src/go2_nav2' with build type 'ament_python'
[0.361s] Level 1:colcon.colcon_core.shell:create_environment_hook('go2_nav2', 'ament_prefix_path')
[0.363s] INFO:colcon.colcon_core.plugin_system:Skipping extension 'colcon_core.shell.bat': Not used on non-Windows systems
[0.363s] INFO:colcon.colcon_core.shell:Creating environment hook '/home/xk/go2_slam_nav/install/go2_nav2/share/go2_nav2/hook/ament_prefix_path.ps1'
[0.364s] INFO:colcon.colcon_core.shell:Creating environment descriptor '/home/xk/go2_slam_nav/install/go2_nav2/share/go2_nav2/hook/ament_prefix_path.dsv'
[0.364s] INFO:colcon.colcon_core.shell:Creating environment hook '/home/xk/go2_slam_nav/install/go2_nav2/share/go2_nav2/hook/ament_prefix_path.sh'
[0.365s] INFO:colcon.colcon_core.shell:Skip shell extension 'powershell' for command environment: Not usable outside of PowerShell
[0.365s] DEBUG:colcon.colcon_core.shell:Skip shell extension 'dsv' for command environment
[0.367s] INFO:colcon.colcon_ros.task.ament_python.build:Building ROS package in '/home/xk/go2_slam_nav/src/go2_rtabmap' with build type 'ament_python'
[0.368s] Level 1:colcon.colcon_core.shell:create_environment_hook('go2_rtabmap', 'ament_prefix_path')
[0.368s] INFO:colcon.colcon_core.shell:Creating environment hook '/home/xk/go2_slam_nav/install/go2_rtabmap/share/go2_rtabmap/hook/ament_prefix_path.ps1'
[0.369s] INFO:colcon.colcon_core.shell:Creating environment descriptor '/home/xk/go2_slam_nav/install/go2_rtabmap/share/go2_rtabmap/hook/ament_prefix_path.dsv'
[0.370s] INFO:colcon.colcon_core.shell:Creating environment hook '/home/xk/go2_slam_nav/install/go2_rtabmap/share/go2_rtabmap/hook/ament_prefix_path.sh'
[0.370s] INFO:colcon.colcon_core.shell:Skip shell extension 'powershell' for command environment: Not usable outside of PowerShell
[0.371s] DEBUG:colcon.colcon_core.shell:Skip shell extension 'dsv' for command environment
[0.373s] INFO:colcon.colcon_ros.task.ament_python.build:Building ROS package in '/home/xk/go2_slam_nav/src/my_unitree_controller' with build type 'ament_python'
[0.374s] Level 1:colcon.colcon_core.shell:create_environment_hook('my_unitree_controller', 'ament_prefix_path')
[0.374s] INFO:colcon.colcon_core.shell:Creating environment hook '/home/xk/go2_slam_nav/install/my_unitree_controller/share/my_unitree_controller/hook/ament_prefix_path.ps1'
[0.375s] INFO:colcon.colcon_core.shell:Creating environment descriptor '/home/xk/go2_slam_nav/install/my_unitree_controller/share/my_unitree_controller/hook/ament_prefix_path.dsv'
[0.376s] INFO:colcon.colcon_core.shell:Creating environment hook '/home/xk/go2_slam_nav/install/my_unitree_controller/share/my_unitree_controller/hook/ament_prefix_path.sh'
[0.377s] INFO:colcon.colcon_core.shell:Skip shell extension 'powershell' for command environment: Not usable outside of PowerShell
[0.377s] DEBUG:colcon.colcon_core.shell:Skip shell extension 'dsv' for command environment
[0.592s] INFO:colcon.colcon_core.task.python.build:Building Python package in '/home/xk/go2_slam_nav/src/go2_nav2'
[0.593s] INFO:colcon.colcon_core.shell:Skip shell extension 'powershell' for command environment: Not usable outside of PowerShell
[0.593s] DEBUG:colcon.colcon_core.shell:Skip shell extension 'dsv' for command environment
[0.798s] INFO:colcon.colcon_core.task.python.build:Building Python package in '/home/xk/go2_slam_nav/src/go2_rtabmap'
[0.799s] INFO:colcon.colcon_core.shell:Skip shell extension 'powershell' for command environment: Not usable outside of PowerShell
[0.799s] DEBUG:colcon.colcon_core.shell:Skip shell extension 'dsv' for command environment
[1.015s] INFO:colcon.colcon_core.task.python.build:Building Python package in '/home/xk/go2_slam_nav/src/my_unitree_controller'
[1.015s] INFO:colcon.colcon_core.shell:Skip shell extension 'powershell' for command environment: Not usable outside of PowerShell
[1.015s] DEBUG:colcon.colcon_core.shell:Skip shell extension 'dsv' for command environment
[1.393s] DEBUG:colcon.colcon_core.event_handler.log_command:Invoking command in '/home/xk/go2_slam_nav/build/go2_nav2': PYTHONPATH=/home/xk/go2_slam_nav/build/go2_nav2/prefix_override:/usr/lib/python3/dist-packages/colcon_core/task/python/colcon_distutils_commands:/home/xk/go2_slam_nav/install/go2_nav2/lib/python3.8/site-packages: /usr/bin/python3 -W ignore:setup.py install is deprecated -W ignore:easy_install command is deprecated setup.py develop --editable --build-directory /home/xk/go2_slam_nav/build/go2_nav2/build --no-deps symlink_data
[1.404s] DEBUG:colcon.colcon_core.event_handler.log_command:Invoking command in '/home/xk/go2_slam_nav/build/my_unitree_controller': PYTHONPATH=/home/xk/go2_slam_nav/build/my_unitree_controller/prefix_override:/usr/lib/python3/dist-packages/colcon_core/task/python/colcon_distutils_commands:/home/xk/go2_slam_nav/install/my_unitree_controller/lib/python3.8/site-packages: /usr/bin/python3 -W ignore:setup.py install is deprecated -W ignore:easy_install command is deprecated setup.py develop --editable --build-directory /home/xk/go2_slam_nav/build/my_unitree_controller/build --no-deps symlink_data
[1.410s] DEBUG:colcon.colcon_core.event_handler.log_command:Invoking command in '/home/xk/go2_slam_nav/build/go2_rtabmap': PYTHONPATH=/home/xk/go2_slam_nav/build/go2_rtabmap/prefix_override:/usr/lib/python3/dist-packages/colcon_core/task/python/colcon_distutils_commands:/home/xk/go2_slam_nav/install/go2_rtabmap/lib/python3.8/site-packages: /usr/bin/python3 -W ignore:setup.py install is deprecated -W ignore:easy_install command is deprecated setup.py develop --editable --build-directory /home/xk/go2_slam_nav/build/go2_rtabmap/build --no-deps symlink_data
[1.848s] Level 1:colcon.colcon_core.shell:create_environment_hook('my_unitree_controller', 'pythonpath_develop')
[1.849s] INFO:colcon.colcon_core.shell:Creating environment hook '/home/xk/go2_slam_nav/build/my_unitree_controller/share/my_unitree_controller/hook/pythonpath_develop.ps1'
[1.850s] DEBUG:colcon.colcon_core.event_handler.log_command:Invoked command in '/home/xk/go2_slam_nav/build/my_unitree_controller' returned '0': PYTHONPATH=/home/xk/go2_slam_nav/build/my_unitree_controller/prefix_override:/usr/lib/python3/dist-packages/colcon_core/task/python/colcon_distutils_commands:/home/xk/go2_slam_nav/install/my_unitree_controller/lib/python3.8/site-packages: /usr/bin/python3 -W ignore:setup.py install is deprecated -W ignore:easy_install command is deprecated setup.py develop --editable --build-directory /home/xk/go2_slam_nav/build/my_unitree_controller/build --no-deps symlink_data
[1.851s] INFO:colcon.colcon_core.shell:Creating environment descriptor '/home/xk/go2_slam_nav/build/my_unitree_controller/share/my_unitree_controller/hook/pythonpath_develop.dsv'
[1.851s] INFO:colcon.colcon_core.shell:Creating environment hook '/home/xk/go2_slam_nav/build/my_unitree_controller/share/my_unitree_controller/hook/pythonpath_develop.sh'
[1.856s] Level 1:colcon.colcon_core.environment:checking '/home/xk/go2_slam_nav/install/my_unitree_controller' for CMake module files
[1.857s] Level 1:colcon.colcon_core.environment:checking '/home/xk/go2_slam_nav/install/my_unitree_controller' for CMake config files
[1.858s] Level 1:colcon.colcon_core.environment:checking '/home/xk/go2_slam_nav/install/my_unitree_controller/lib'
[1.858s] Level 1:colcon.colcon_core.environment:checking '/home/xk/go2_slam_nav/install/my_unitree_controller/bin'
[1.858s] Level 1:colcon.colcon_core.environment:checking '/home/xk/go2_slam_nav/install/my_unitree_controller/lib/pkgconfig/my_unitree_controller.pc'
[1.858s] Level 1:colcon.colcon_core.environment:checking '/home/xk/go2_slam_nav/install/my_unitree_controller/lib/python3.8/site-packages'
[1.859s] Level 1:colcon.colcon_core.shell:create_environment_hook('my_unitree_controller', 'pythonpath')
[1.859s] INFO:colcon.colcon_core.shell:Creating environment hook '/home/xk/go2_slam_nav/install/my_unitree_controller/share/my_unitree_controller/hook/pythonpath.ps1'
[1.860s] INFO:colcon.colcon_core.shell:Creating environment descriptor '/home/xk/go2_slam_nav/install/my_unitree_controller/share/my_unitree_controller/hook/pythonpath.dsv'
[1.860s] INFO:colcon.colcon_core.shell:Creating environment hook '/home/xk/go2_slam_nav/install/my_unitree_controller/share/my_unitree_controller/hook/pythonpath.sh'
[1.861s] Level 1:colcon.colcon_core.environment:checking '/home/xk/go2_slam_nav/install/my_unitree_controller/bin'
[1.861s] Level 1:colcon.colcon_core.environment:create_environment_scripts_only(my_unitree_controller)
[1.861s] INFO:colcon.colcon_core.shell:Creating package script '/home/xk/go2_slam_nav/install/my_unitree_controller/share/my_unitree_controller/package.ps1'
[1.863s] INFO:colcon.colcon_core.shell:Creating package descriptor '/home/xk/go2_slam_nav/install/my_unitree_controller/share/my_unitree_controller/package.dsv'
[1.863s] INFO:colcon.colcon_core.shell:Creating package script '/home/xk/go2_slam_nav/install/my_unitree_controller/share/my_unitree_controller/package.sh'
[1.865s] INFO:colcon.colcon_core.shell:Creating package script '/home/xk/go2_slam_nav/install/my_unitree_controller/share/my_unitree_controller/package.bash'
[1.866s] INFO:colcon.colcon_core.shell:Creating package script '/home/xk/go2_slam_nav/install/my_unitree_controller/share/my_unitree_controller/package.zsh'
[1.867s] Level 1:colcon.colcon_core.environment:create_file_with_runtime_dependencies(/home/xk/go2_slam_nav/install/my_unitree_controller/share/colcon-core/packages/my_unitree_controller)
[1.868s] Level 1:colcon.colcon_core.shell:create_environment_hook('go2_nav2', 'pythonpath_develop')
[1.869s] INFO:colcon.colcon_core.shell:Creating environment hook '/home/xk/go2_slam_nav/build/go2_nav2/share/go2_nav2/hook/pythonpath_develop.ps1'
[1.870s] DEBUG:colcon.colcon_core.event_handler.log_command:Invoked command in '/home/xk/go2_slam_nav/build/go2_nav2' returned '0': PYTHONPATH=/home/xk/go2_slam_nav/build/go2_nav2/prefix_override:/usr/lib/python3/dist-packages/colcon_core/task/python/colcon_distutils_commands:/home/xk/go2_slam_nav/install/go2_nav2/lib/python3.8/site-packages: /usr/bin/python3 -W ignore:setup.py install is deprecated -W ignore:easy_install command is deprecated setup.py develop --editable --build-directory /home/xk/go2_slam_nav/build/go2_nav2/build --no-deps symlink_data
[1.870s] INFO:colcon.colcon_core.shell:Creating environment descriptor '/home/xk/go2_slam_nav/build/go2_nav2/share/go2_nav2/hook/pythonpath_develop.dsv'
[1.871s] INFO:colcon.colcon_core.shell:Creating environment hook '/home/xk/go2_slam_nav/build/go2_nav2/share/go2_nav2/hook/pythonpath_develop.sh'
[1.872s] Level 1:colcon.colcon_core.environment:checking '/home/xk/go2_slam_nav/install/go2_nav2' for CMake module files
[1.872s] Level 1:colcon.colcon_core.environment:checking '/home/xk/go2_slam_nav/install/go2_nav2' for CMake config files
[1.873s] Level 1:colcon.colcon_core.environment:checking '/home/xk/go2_slam_nav/install/go2_nav2/lib'
[1.873s] Level 1:colcon.colcon_core.environment:checking '/home/xk/go2_slam_nav/install/go2_nav2/bin'
[1.873s] Level 1:colcon.colcon_core.environment:checking '/home/xk/go2_slam_nav/install/go2_nav2/lib/pkgconfig/go2_nav2.pc'
[1.873s] Level 1:colcon.colcon_core.environment:checking '/home/xk/go2_slam_nav/install/go2_nav2/lib/python3.8/site-packages'
[1.873s] Level 1:colcon.colcon_core.shell:create_environment_hook('go2_nav2', 'pythonpath')
[1.874s] INFO:colcon.colcon_core.shell:Creating environment hook '/home/xk/go2_slam_nav/install/go2_nav2/share/go2_nav2/hook/pythonpath.ps1'
[1.874s] INFO:colcon.colcon_core.shell:Creating environment descriptor '/home/xk/go2_slam_nav/install/go2_nav2/share/go2_nav2/hook/pythonpath.dsv'
[1.875s] INFO:colcon.colcon_core.shell:Creating environment hook '/home/xk/go2_slam_nav/install/go2_nav2/share/go2_nav2/hook/pythonpath.sh'
[1.876s] Level 1:colcon.colcon_core.environment:checking '/home/xk/go2_slam_nav/install/go2_nav2/bin'
[1.876s] Level 1:colcon.colcon_core.environment:create_environment_scripts_only(go2_nav2)
[1.876s] INFO:colcon.colcon_core.shell:Creating package script '/home/xk/go2_slam_nav/install/go2_nav2/share/go2_nav2/package.ps1'
[1.877s] INFO:colcon.colcon_core.shell:Creating package descriptor '/home/xk/go2_slam_nav/install/go2_nav2/share/go2_nav2/package.dsv'
[1.878s] INFO:colcon.colcon_core.shell:Creating package script '/home/xk/go2_slam_nav/install/go2_nav2/share/go2_nav2/package.sh'
[1.878s] INFO:colcon.colcon_core.shell:Creating package script '/home/xk/go2_slam_nav/install/go2_nav2/share/go2_nav2/package.bash'
[1.879s] INFO:colcon.colcon_core.shell:Creating package script '/home/xk/go2_slam_nav/install/go2_nav2/share/go2_nav2/package.zsh'
[1.879s] Level 1:colcon.colcon_core.environment:create_file_with_runtime_dependencies(/home/xk/go2_slam_nav/install/go2_nav2/share/colcon-core/packages/go2_nav2)
[1.879s] Level 1:colcon.colcon_core.shell:create_environment_hook('go2_rtabmap', 'pythonpath_develop')
[1.880s] INFO:colcon.colcon_core.shell:Creating environment hook '/home/xk/go2_slam_nav/build/go2_rtabmap/share/go2_rtabmap/hook/pythonpath_develop.ps1'
[1.881s] DEBUG:colcon.colcon_core.event_handler.log_command:Invoked command in '/home/xk/go2_slam_nav/build/go2_rtabmap' returned '0': PYTHONPATH=/home/xk/go2_slam_nav/build/go2_rtabmap/prefix_override:/usr/lib/python3/dist-packages/colcon_core/task/python/colcon_distutils_commands:/home/xk/go2_slam_nav/install/go2_rtabmap/lib/python3.8/site-packages: /usr/bin/python3 -W ignore:setup.py install is deprecated -W ignore:easy_install command is deprecated setup.py develop --editable --build-directory /home/xk/go2_slam_nav/build/go2_rtabmap/build --no-deps symlink_data
[1.882s] INFO:colcon.colcon_core.shell:Creating environment descriptor '/home/xk/go2_slam_nav/build/go2_rtabmap/share/go2_rtabmap/hook/pythonpath_develop.dsv'
[1.882s] INFO:colcon.colcon_core.shell:Creating environment hook '/home/xk/go2_slam_nav/build/go2_rtabmap/share/go2_rtabmap/hook/pythonpath_develop.sh'
[1.883s] Level 1:colcon.colcon_core.environment:checking '/home/xk/go2_slam_nav/install/go2_rtabmap' for CMake module files
[1.883s] Level 1:colcon.colcon_core.environment:checking '/home/xk/go2_slam_nav/install/go2_rtabmap' for CMake config files
[1.884s] Level 1:colcon.colcon_core.environment:checking '/home/xk/go2_slam_nav/install/go2_rtabmap/lib'
[1.884s] Level 1:colcon.colcon_core.environment:checking '/home/xk/go2_slam_nav/install/go2_rtabmap/bin'
[1.884s] Level 1:colcon.colcon_core.environment:checking '/home/xk/go2_slam_nav/install/go2_rtabmap/lib/pkgconfig/go2_rtabmap.pc'
[1.884s] Level 1:colcon.colcon_core.environment:checking '/home/xk/go2_slam_nav/install/go2_rtabmap/lib/python3.8/site-packages'
[1.884s] Level 1:colcon.colcon_core.shell:create_environment_hook('go2_rtabmap', 'pythonpath')
[1.885s] INFO:colcon.colcon_core.shell:Creating environment hook '/home/xk/go2_slam_nav/install/go2_rtabmap/share/go2_rtabmap/hook/pythonpath.ps1'
[1.885s] INFO:colcon.colcon_core.shell:Creating environment descriptor '/home/xk/go2_slam_nav/install/go2_rtabmap/share/go2_rtabmap/hook/pythonpath.dsv'
[1.885s] INFO:colcon.colcon_core.shell:Creating environment hook '/home/xk/go2_slam_nav/install/go2_rtabmap/share/go2_rtabmap/hook/pythonpath.sh'
[1.886s] Level 1:colcon.colcon_core.environment:checking '/home/xk/go2_slam_nav/install/go2_rtabmap/bin'
[1.886s] Level 1:colcon.colcon_core.environment:create_environment_scripts_only(go2_rtabmap)
[1.887s] INFO:colcon.colcon_core.shell:Creating package script '/home/xk/go2_slam_nav/install/go2_rtabmap/share/go2_rtabmap/package.ps1'
[1.887s] INFO:colcon.colcon_core.shell:Creating package descriptor '/home/xk/go2_slam_nav/install/go2_rtabmap/share/go2_rtabmap/package.dsv'
[1.888s] INFO:colcon.colcon_core.shell:Creating package script '/home/xk/go2_slam_nav/install/go2_rtabmap/share/go2_rtabmap/package.sh'
[1.888s] INFO:colcon.colcon_core.shell:Creating package script '/home/xk/go2_slam_nav/install/go2_rtabmap/share/go2_rtabmap/package.bash'
[1.889s] INFO:colcon.colcon_core.shell:Creating package script '/home/xk/go2_slam_nav/install/go2_rtabmap/share/go2_rtabmap/package.zsh'
[1.889s] Level 1:colcon.colcon_core.environment:create_file_with_runtime_dependencies(/home/xk/go2_slam_nav/install/go2_rtabmap/share/colcon-core/packages/go2_rtabmap)
[1.889s] DEBUG:colcon.colcon_parallel_executor.executor.parallel:closing loop
[1.890s] DEBUG:colcon.colcon_parallel_executor.executor.parallel:loop closed
[1.890s] DEBUG:colcon.colcon_parallel_executor.executor.parallel:run_until_complete finished with '0'
[1.890s] DEBUG:colcon.colcon_core.event_reactor:joining thread
[1.896s] INFO:colcon.colcon_core.plugin_system:Skipping extension 'colcon_notification.desktop_notification.terminal_notifier': Not used on non-Darwin systems
[1.896s] INFO:colcon.colcon_core.plugin_system:Skipping extension 'colcon_notification.desktop_notification.win32': Not used on non-Windows systems
[1.897s] INFO:colcon.colcon_notification.desktop_notification:Sending desktop notification using 'notify2'
[1.911s] DEBUG:colcon.colcon_core.event_reactor:joined thread
[1.912s] INFO:colcon.colcon_core.shell:Creating prefix script '/home/xk/go2_slam_nav/install/local_setup.ps1'
[1.913s] INFO:colcon.colcon_core.shell:Creating prefix util module '/home/xk/go2_slam_nav/install/_local_setup_util_ps1.py'
[1.916s] INFO:colcon.colcon_core.shell:Creating prefix chain script '/home/xk/go2_slam_nav/install/setup.ps1'
[1.917s] INFO:colcon.colcon_core.shell:Creating prefix script '/home/xk/go2_slam_nav/install/local_setup.sh'
[1.918s] INFO:colcon.colcon_core.shell:Creating prefix util module '/home/xk/go2_slam_nav/install/_local_setup_util_sh.py'
[1.919s] INFO:colcon.colcon_core.shell:Creating prefix chain script '/home/xk/go2_slam_nav/install/setup.sh'
[1.921s] INFO:colcon.colcon_core.shell:Creating prefix script '/home/xk/go2_slam_nav/install/local_setup.bash'
[1.921s] INFO:colcon.colcon_core.shell:Creating prefix chain script '/home/xk/go2_slam_nav/install/setup.bash'
[1.922s] INFO:colcon.colcon_core.shell:Creating prefix script '/home/xk/go2_slam_nav/install/local_setup.zsh'
[1.923s] INFO:colcon.colcon_core.shell:Creating prefix chain script '/home/xk/go2_slam_nav/install/setup.zsh'
