-- The C compiler identification is GNU 8.4.0
-- The CXX compiler identification is GNU 8.4.0
-- Check for working C compiler: /usr/bin/cc
-- Check for working C compiler: /usr/bin/cc -- works
-- Detecting C compiler ABI info
-- Detecting C compiler ABI info - done
-- Detecting C compile features
-- Detecting C compile features - done
-- Check for working CXX compiler: /usr/bin/c++
-- Check for working CXX compiler: /usr/bin/c++ -- works
-- Detecting CXX compiler ABI info
-- Detecting CXX compiler ABI info - done
-- Detecting CXX compile features
-- Detecting CXX compile features - done
-- Found ament_cmake: 0.9.12 (/opt/ros/foxy/share/ament_cmake/cmake)
-- Found PythonInterp: /usr/bin/python3 (found suitable version "3.8.10", minimum required is "3") 
-- Using PYTHON_EXECUTABLE: /usr/bin/python3
-- Override CMake install command with custom implementation using symlinks instead of copying resources
-- Configuring done
-- Generating done
-- Build files have been written to: /home/xk/go2_slam_nav/build/imu_tools
-- Install configuration: ""
-- Execute custom install script
-- Symlinking: /home/xk/go2_slam_nav/install/imu_tools/share/ament_index/resource_index/package_run_dependencies/imu_tools
-- Symlinking: /home/xk/go2_slam_nav/install/imu_tools/share/ament_index/resource_index/parent_prefix_path/imu_tools
-- Symlinking: /home/xk/go2_slam_nav/install/imu_tools/share/imu_tools/environment/ament_prefix_path.sh
-- Symlinking: /home/xk/go2_slam_nav/install/imu_tools/share/imu_tools/environment/ament_prefix_path.dsv
-- Symlinking: /home/xk/go2_slam_nav/install/imu_tools/share/imu_tools/environment/path.sh
-- Symlinking: /home/xk/go2_slam_nav/install/imu_tools/share/imu_tools/environment/path.dsv
-- Symlinking: /home/xk/go2_slam_nav/install/imu_tools/share/imu_tools/local_setup.bash
-- Symlinking: /home/xk/go2_slam_nav/install/imu_tools/share/imu_tools/local_setup.sh
-- Symlinking: /home/xk/go2_slam_nav/install/imu_tools/share/imu_tools/local_setup.zsh
-- Symlinking: /home/xk/go2_slam_nav/install/imu_tools/share/imu_tools/local_setup.dsv
-- Symlinking: /home/xk/go2_slam_nav/install/imu_tools/share/imu_tools/package.dsv
-- Symlinking: /home/xk/go2_slam_nav/install/imu_tools/share/ament_index/resource_index/packages/imu_tools
-- Symlinking: /home/xk/go2_slam_nav/install/imu_tools/share/imu_tools/cmake/imu_toolsConfig.cmake
-- Symlinking: /home/xk/go2_slam_nav/install/imu_tools/share/imu_tools/cmake/imu_toolsConfig-version.cmake
-- Symlinking: /home/xk/go2_slam_nav/install/imu_tools/share/imu_tools/package.xml
