[0.023s] Invoking command in '/home/xk/go2_slam_nav/build/imu_tools': AMENT_PREFIX_PATH=/home/xk/go2_slam_nav/install/rviz_imu_plugin:/home/xk/go2_slam_nav/install/imu_filter_madgwick:/home/xk/go2_slam_nav/install/imu_complementary_filter:${AMENT_PREFIX_PATH} CMAKE_PREFIX_PATH=/home/xk/go2_slam_nav/install/rviz_imu_plugin:/home/xk/go2_slam_nav/install/imu_filter_madgwick:/home/xk/go2_slam_nav/install/imu_complementary_filter:/home/xk/unitree_ros2/cyclonedds_ws/install/unitree_hg:/home/xk/unitree_ros2/cyclonedds_ws/install/unitree_go:/home/xk/unitree_ros2/cyclonedds_ws/install/unitree_api:/home/xk/unitree_ros2/cyclonedds_ws/install/rmw_cyclonedds_cpp:/home/xk/unitree_ros2/cyclonedds_ws/install/cyclonedds:/opt/ros/foxy LD_LIBRARY_PATH=/home/xk/go2_slam_nav/install/rviz_imu_plugin/lib:/home/xk/go2_slam_nav/install/imu_filter_madgwick/lib:/home/xk/unitree_ros2/cyclonedds_ws/install/unitree_hg/lib:/home/xk/unitree_ros2/cyclonedds_ws/install/unitree_go/lib:/home/xk/unitree_ros2/cyclonedds_ws/install/unitree_api/lib:/home/xk/unitree_ros2/cyclonedds_ws/install/rmw_cyclonedds_cpp/lib:/home/xk/unitree_ros2/cyclonedds_ws/install/cyclonedds/lib:/usr/lib/x86_64-linux-gnu/gazebo-11/plugins:/opt/ros/foxy/opt/yaml_cpp_vendor/lib:/opt/ros/foxy/opt/rviz_ogre_vendor/lib:/opt/ros/foxy/lib/x86_64-linux-gnu:/opt/ros/foxy/lib:/usr/local/lib /usr/bin/cmake /home/xk/go2_slam_nav/src/imu_tools/imu_tools -DAMENT_CMAKE_SYMLINK_INSTALL=1 -DCMAKE_INSTALL_PREFIX=/home/xk/go2_slam_nav/install/imu_tools
[0.110s] -- The C compiler identification is GNU 8.4.0
[0.197s] -- The CXX compiler identification is GNU 8.4.0
[0.205s] -- Check for working C compiler: /usr/bin/cc
[0.312s] -- Check for working C compiler: /usr/bin/cc -- works
[0.313s] -- Detecting C compiler ABI info
[0.422s] -- Detecting C compiler ABI info - done
[0.442s] -- Detecting C compile features
[0.443s] -- Detecting C compile features - done
[0.447s] -- Check for working CXX compiler: /usr/bin/c++
[0.571s] -- Check for working CXX compiler: /usr/bin/c++ -- works
[0.573s] -- Detecting CXX compiler ABI info
[0.697s] -- Detecting CXX compiler ABI info - done
[0.720s] -- Detecting CXX compile features
[0.721s] -- Detecting CXX compile features - done
[0.726s] -- Found ament_cmake: 0.9.12 (/opt/ros/foxy/share/ament_cmake/cmake)
[0.770s] -- Found PythonInterp: /usr/bin/python3 (found suitable version "3.8.10", minimum required is "3") 
[0.771s] -- Using PYTHON_EXECUTABLE: /usr/bin/python3
[1.088s] -- Override CMake install command with custom implementation using symlinks instead of copying resources
[1.238s] -- Configuring done
[1.241s] -- Generating done
[1.243s] -- Build files have been written to: /home/xk/go2_slam_nav/build/imu_tools
[1.247s] Invoked command in '/home/xk/go2_slam_nav/build/imu_tools' returned '0': AMENT_PREFIX_PATH=/home/xk/go2_slam_nav/install/rviz_imu_plugin:/home/xk/go2_slam_nav/install/imu_filter_madgwick:/home/xk/go2_slam_nav/install/imu_complementary_filter:${AMENT_PREFIX_PATH} CMAKE_PREFIX_PATH=/home/xk/go2_slam_nav/install/rviz_imu_plugin:/home/xk/go2_slam_nav/install/imu_filter_madgwick:/home/xk/go2_slam_nav/install/imu_complementary_filter:/home/xk/unitree_ros2/cyclonedds_ws/install/unitree_hg:/home/xk/unitree_ros2/cyclonedds_ws/install/unitree_go:/home/xk/unitree_ros2/cyclonedds_ws/install/unitree_api:/home/xk/unitree_ros2/cyclonedds_ws/install/rmw_cyclonedds_cpp:/home/xk/unitree_ros2/cyclonedds_ws/install/cyclonedds:/opt/ros/foxy LD_LIBRARY_PATH=/home/xk/go2_slam_nav/install/rviz_imu_plugin/lib:/home/xk/go2_slam_nav/install/imu_filter_madgwick/lib:/home/xk/unitree_ros2/cyclonedds_ws/install/unitree_hg/lib:/home/xk/unitree_ros2/cyclonedds_ws/install/unitree_go/lib:/home/xk/unitree_ros2/cyclonedds_ws/install/unitree_api/lib:/home/xk/unitree_ros2/cyclonedds_ws/install/rmw_cyclonedds_cpp/lib:/home/xk/unitree_ros2/cyclonedds_ws/install/cyclonedds/lib:/usr/lib/x86_64-linux-gnu/gazebo-11/plugins:/opt/ros/foxy/opt/yaml_cpp_vendor/lib:/opt/ros/foxy/opt/rviz_ogre_vendor/lib:/opt/ros/foxy/lib/x86_64-linux-gnu:/opt/ros/foxy/lib:/usr/local/lib /usr/bin/cmake /home/xk/go2_slam_nav/src/imu_tools/imu_tools -DAMENT_CMAKE_SYMLINK_INSTALL=1 -DCMAKE_INSTALL_PREFIX=/home/xk/go2_slam_nav/install/imu_tools
[1.251s] Invoking command in '/home/xk/go2_slam_nav/build/imu_tools': AMENT_PREFIX_PATH=/home/xk/go2_slam_nav/install/rviz_imu_plugin:/home/xk/go2_slam_nav/install/imu_filter_madgwick:/home/xk/go2_slam_nav/install/imu_complementary_filter:${AMENT_PREFIX_PATH} CMAKE_PREFIX_PATH=/home/xk/go2_slam_nav/install/rviz_imu_plugin:/home/xk/go2_slam_nav/install/imu_filter_madgwick:/home/xk/go2_slam_nav/install/imu_complementary_filter:/home/xk/unitree_ros2/cyclonedds_ws/install/unitree_hg:/home/xk/unitree_ros2/cyclonedds_ws/install/unitree_go:/home/xk/unitree_ros2/cyclonedds_ws/install/unitree_api:/home/xk/unitree_ros2/cyclonedds_ws/install/rmw_cyclonedds_cpp:/home/xk/unitree_ros2/cyclonedds_ws/install/cyclonedds:/opt/ros/foxy LD_LIBRARY_PATH=/home/xk/go2_slam_nav/install/rviz_imu_plugin/lib:/home/xk/go2_slam_nav/install/imu_filter_madgwick/lib:/home/xk/unitree_ros2/cyclonedds_ws/install/unitree_hg/lib:/home/xk/unitree_ros2/cyclonedds_ws/install/unitree_go/lib:/home/xk/unitree_ros2/cyclonedds_ws/install/unitree_api/lib:/home/xk/unitree_ros2/cyclonedds_ws/install/rmw_cyclonedds_cpp/lib:/home/xk/unitree_ros2/cyclonedds_ws/install/cyclonedds/lib:/usr/lib/x86_64-linux-gnu/gazebo-11/plugins:/opt/ros/foxy/opt/yaml_cpp_vendor/lib:/opt/ros/foxy/opt/rviz_ogre_vendor/lib:/opt/ros/foxy/lib/x86_64-linux-gnu:/opt/ros/foxy/lib:/usr/local/lib /usr/bin/cmake --build /home/xk/go2_slam_nav/build/imu_tools -- -j8 -l8
[1.310s] Invoked command in '/home/xk/go2_slam_nav/build/imu_tools' returned '0': AMENT_PREFIX_PATH=/home/xk/go2_slam_nav/install/rviz_imu_plugin:/home/xk/go2_slam_nav/install/imu_filter_madgwick:/home/xk/go2_slam_nav/install/imu_complementary_filter:${AMENT_PREFIX_PATH} CMAKE_PREFIX_PATH=/home/xk/go2_slam_nav/install/rviz_imu_plugin:/home/xk/go2_slam_nav/install/imu_filter_madgwick:/home/xk/go2_slam_nav/install/imu_complementary_filter:/home/xk/unitree_ros2/cyclonedds_ws/install/unitree_hg:/home/xk/unitree_ros2/cyclonedds_ws/install/unitree_go:/home/xk/unitree_ros2/cyclonedds_ws/install/unitree_api:/home/xk/unitree_ros2/cyclonedds_ws/install/rmw_cyclonedds_cpp:/home/xk/unitree_ros2/cyclonedds_ws/install/cyclonedds:/opt/ros/foxy LD_LIBRARY_PATH=/home/xk/go2_slam_nav/install/rviz_imu_plugin/lib:/home/xk/go2_slam_nav/install/imu_filter_madgwick/lib:/home/xk/unitree_ros2/cyclonedds_ws/install/unitree_hg/lib:/home/xk/unitree_ros2/cyclonedds_ws/install/unitree_go/lib:/home/xk/unitree_ros2/cyclonedds_ws/install/unitree_api/lib:/home/xk/unitree_ros2/cyclonedds_ws/install/rmw_cyclonedds_cpp/lib:/home/xk/unitree_ros2/cyclonedds_ws/install/cyclonedds/lib:/usr/lib/x86_64-linux-gnu/gazebo-11/plugins:/opt/ros/foxy/opt/yaml_cpp_vendor/lib:/opt/ros/foxy/opt/rviz_ogre_vendor/lib:/opt/ros/foxy/lib/x86_64-linux-gnu:/opt/ros/foxy/lib:/usr/local/lib /usr/bin/cmake --build /home/xk/go2_slam_nav/build/imu_tools -- -j8 -l8
[1.314s] Invoking command in '/home/xk/go2_slam_nav/build/imu_tools': AMENT_PREFIX_PATH=/home/xk/go2_slam_nav/install/rviz_imu_plugin:/home/xk/go2_slam_nav/install/imu_filter_madgwick:/home/xk/go2_slam_nav/install/imu_complementary_filter:${AMENT_PREFIX_PATH} CMAKE_PREFIX_PATH=/home/xk/go2_slam_nav/install/rviz_imu_plugin:/home/xk/go2_slam_nav/install/imu_filter_madgwick:/home/xk/go2_slam_nav/install/imu_complementary_filter:/home/xk/unitree_ros2/cyclonedds_ws/install/unitree_hg:/home/xk/unitree_ros2/cyclonedds_ws/install/unitree_go:/home/xk/unitree_ros2/cyclonedds_ws/install/unitree_api:/home/xk/unitree_ros2/cyclonedds_ws/install/rmw_cyclonedds_cpp:/home/xk/unitree_ros2/cyclonedds_ws/install/cyclonedds:/opt/ros/foxy LD_LIBRARY_PATH=/home/xk/go2_slam_nav/install/rviz_imu_plugin/lib:/home/xk/go2_slam_nav/install/imu_filter_madgwick/lib:/home/xk/unitree_ros2/cyclonedds_ws/install/unitree_hg/lib:/home/xk/unitree_ros2/cyclonedds_ws/install/unitree_go/lib:/home/xk/unitree_ros2/cyclonedds_ws/install/unitree_api/lib:/home/xk/unitree_ros2/cyclonedds_ws/install/rmw_cyclonedds_cpp/lib:/home/xk/unitree_ros2/cyclonedds_ws/install/cyclonedds/lib:/usr/lib/x86_64-linux-gnu/gazebo-11/plugins:/opt/ros/foxy/opt/yaml_cpp_vendor/lib:/opt/ros/foxy/opt/rviz_ogre_vendor/lib:/opt/ros/foxy/lib/x86_64-linux-gnu:/opt/ros/foxy/lib:/usr/local/lib /usr/bin/cmake --install /home/xk/go2_slam_nav/build/imu_tools
[1.327s] -- Install configuration: ""
[1.327s] -- Execute custom install script
[1.328s] -- Symlinking: /home/xk/go2_slam_nav/install/imu_tools/share/ament_index/resource_index/package_run_dependencies/imu_tools
[1.342s] -- Symlinking: /home/xk/go2_slam_nav/install/imu_tools/share/ament_index/resource_index/parent_prefix_path/imu_tools
[1.356s] -- Symlinking: /home/xk/go2_slam_nav/install/imu_tools/share/imu_tools/environment/ament_prefix_path.sh
[1.370s] -- Symlinking: /home/xk/go2_slam_nav/install/imu_tools/share/imu_tools/environment/ament_prefix_path.dsv
[1.384s] -- Symlinking: /home/xk/go2_slam_nav/install/imu_tools/share/imu_tools/environment/path.sh
[1.398s] -- Symlinking: /home/xk/go2_slam_nav/install/imu_tools/share/imu_tools/environment/path.dsv
[1.412s] -- Symlinking: /home/xk/go2_slam_nav/install/imu_tools/share/imu_tools/local_setup.bash
[1.426s] -- Symlinking: /home/xk/go2_slam_nav/install/imu_tools/share/imu_tools/local_setup.sh
[1.441s] -- Symlinking: /home/xk/go2_slam_nav/install/imu_tools/share/imu_tools/local_setup.zsh
[1.456s] -- Symlinking: /home/xk/go2_slam_nav/install/imu_tools/share/imu_tools/local_setup.dsv
[1.470s] -- Symlinking: /home/xk/go2_slam_nav/install/imu_tools/share/imu_tools/package.dsv
[1.484s] -- Symlinking: /home/xk/go2_slam_nav/install/imu_tools/share/ament_index/resource_index/packages/imu_tools
[1.499s] -- Symlinking: /home/xk/go2_slam_nav/install/imu_tools/share/imu_tools/cmake/imu_toolsConfig.cmake
[1.512s] -- Symlinking: /home/xk/go2_slam_nav/install/imu_tools/share/imu_tools/cmake/imu_toolsConfig-version.cmake
[1.526s] -- Symlinking: /home/xk/go2_slam_nav/install/imu_tools/share/imu_tools/package.xml
[1.544s] Invoked command in '/home/xk/go2_slam_nav/build/imu_tools' returned '0': AMENT_PREFIX_PATH=/home/xk/go2_slam_nav/install/rviz_imu_plugin:/home/xk/go2_slam_nav/install/imu_filter_madgwick:/home/xk/go2_slam_nav/install/imu_complementary_filter:${AMENT_PREFIX_PATH} CMAKE_PREFIX_PATH=/home/xk/go2_slam_nav/install/rviz_imu_plugin:/home/xk/go2_slam_nav/install/imu_filter_madgwick:/home/xk/go2_slam_nav/install/imu_complementary_filter:/home/xk/unitree_ros2/cyclonedds_ws/install/unitree_hg:/home/xk/unitree_ros2/cyclonedds_ws/install/unitree_go:/home/xk/unitree_ros2/cyclonedds_ws/install/unitree_api:/home/xk/unitree_ros2/cyclonedds_ws/install/rmw_cyclonedds_cpp:/home/xk/unitree_ros2/cyclonedds_ws/install/cyclonedds:/opt/ros/foxy LD_LIBRARY_PATH=/home/xk/go2_slam_nav/install/rviz_imu_plugin/lib:/home/xk/go2_slam_nav/install/imu_filter_madgwick/lib:/home/xk/unitree_ros2/cyclonedds_ws/install/unitree_hg/lib:/home/xk/unitree_ros2/cyclonedds_ws/install/unitree_go/lib:/home/xk/unitree_ros2/cyclonedds_ws/install/unitree_api/lib:/home/xk/unitree_ros2/cyclonedds_ws/install/rmw_cyclonedds_cpp/lib:/home/xk/unitree_ros2/cyclonedds_ws/install/cyclonedds/lib:/usr/lib/x86_64-linux-gnu/gazebo-11/plugins:/opt/ros/foxy/opt/yaml_cpp_vendor/lib:/opt/ros/foxy/opt/rviz_ogre_vendor/lib:/opt/ros/foxy/lib/x86_64-linux-gnu:/opt/ros/foxy/lib:/usr/local/lib /usr/bin/cmake --install /home/xk/go2_slam_nav/build/imu_tools
