-- The C compiler identification is GNU 8.4.0
-- The CXX compiler identification is GNU 8.4.0
-- Check for working C compiler: /usr/bin/cc
-- Check for working C compiler: /usr/bin/cc -- works
-- Detecting C compiler ABI info
-- Detecting C compiler ABI info - done
-- Detecting C compile features
-- Detecting C compile features - done
-- Check for working CXX compiler: /usr/bin/c++
-- Check for working CXX compiler: /usr/bin/c++ -- works
-- Detecting CXX compiler ABI info
-- Detecting CXX compiler ABI info - done
-- Detecting CXX compile features
-- Detecting CXX compile features - done
-- Found ament_cmake: 0.9.12 (/opt/ros/foxy/share/ament_cmake/cmake)
-- Found PythonInterp: /usr/bin/python3 (found suitable version "3.8.10", minimum required is "3") 
-- Using PYTHON_EXECUTABLE: /usr/bin/python3
-- Override CMake install command with custom implementation using symlinks instead of copying resources
-- Found rclcpp: 2.4.3 (/opt/ros/foxy/share/rclcpp/cmake)
-- Using all available rosidl_typesupport_c: rosidl_typesupport_fastrtps_c;rosidl_typesupport_introspection_c
-- Found rosidl_adapter: 1.3.1 (/opt/ros/foxy/share/rosidl_adapter/cmake)
-- Found OpenSSL: /usr/lib/x86_64-linux-gnu/libcrypto.so (found version "1.1.1f")  
-- Found FastRTPS: /opt/ros/foxy/include  
-- Using all available rosidl_typesupport_cpp: rosidl_typesupport_fastrtps_cpp;rosidl_typesupport_introspection_cpp
-- Found rmw_implementation_cmake: 1.0.4 (/opt/ros/foxy/share/rmw_implementation_cmake/cmake)
-- Using RMW implementation 'rmw_cyclonedds_cpp' as default
-- Looking for pthread.h
-- Looking for pthread.h - found
-- Performing Test CMAKE_HAVE_LIBC_PTHREAD
-- Performing Test CMAKE_HAVE_LIBC_PTHREAD - Failed
-- Looking for pthread_create in pthreads
-- Looking for pthread_create in pthreads - not found
-- Looking for pthread_create in pthread
-- Looking for pthread_create in pthread - found
-- Found Threads: TRUE  
-- Found rclcpp_components: 2.4.3 (/opt/ros/foxy/share/rclcpp_components/cmake)
-- Found geometry_msgs: 2.0.5 (/opt/ros/foxy/share/geometry_msgs/cmake)
-- Found tf2_geometry_msgs: 0.13.14 (/opt/ros/foxy/share/tf2_geometry_msgs/cmake)
-- Found eigen3_cmake_module: 0.1.1 (/opt/ros/foxy/share/eigen3_cmake_module/cmake)
-- Found Eigen3: TRUE (found version "3.3.7") 
-- Found sensor_msgs: 2.0.5 (/opt/ros/foxy/share/sensor_msgs/cmake)
-- Found ament_cmake_gtest: 0.9.12 (/opt/ros/foxy/share/ament_cmake_gtest/cmake)
-- Found gtest sources under '/opt/ros/foxy/src/gtest_vendor': C++ tests using 'Google Test' will be built
-- Check if compiler accepts -pthread
-- Check if compiler accepts -pthread - yes
-- Configuring done
-- Generating done
-- Build files have been written to: /home/xk/go2_slam_nav/build/imu_filter_madgwick
[35m[1mScanning dependencies of target imu_filter_madgwick[0m
[35m[1mScanning dependencies of target gtest[0m
[35m[1mScanning dependencies of target gtest_main[0m
[  7%] [32mBuilding CXX object gtest/CMakeFiles/gtest_main.dir/src/gtest_main.cc.o[0m
[ 14%] [32mBuilding CXX object gtest/CMakeFiles/gtest.dir/src/gtest-all.cc.o[0m
[ 21%] [32mBuilding CXX object CMakeFiles/imu_filter_madgwick.dir/src/imu_filter.cpp.o[0m
[ 28%] [32mBuilding CXX object CMakeFiles/imu_filter_madgwick.dir/src/imu_filter_ros.cpp.o[0m
[ 35%] [32mBuilding CXX object CMakeFiles/imu_filter_madgwick.dir/src/stateless_orientation.cpp.o[0m
[ 42%] [32m[1mLinking CXX static library libgtest_main.a[0m
[ 42%] Built target gtest_main
[ 50%] [32m[1mLinking CXX static library libgtest.a[0m
[ 50%] Built target gtest
[ 57%] [32m[1mLinking CXX shared library libimu_filter_madgwick.so[0m
[ 57%] Built target imu_filter_madgwick
[35m[1mScanning dependencies of target imu_filter_madgwick_node[0m
[35m[1mScanning dependencies of target stateless_orientation_test[0m
[35m[1mScanning dependencies of target madgwick_test[0m
[ 64%] [32mBuilding CXX object test/CMakeFiles/madgwick_test.dir/madgwick_test.cpp.o[0m
[ 71%] [32mBuilding CXX object test/CMakeFiles/stateless_orientation_test.dir/stateless_orientation_test.cpp.o[0m
[ 78%] [32mBuilding CXX object CMakeFiles/imu_filter_madgwick_node.dir/src/imu_filter_node.cpp.o[0m
[ 85%] [32m[1mLinking CXX executable madgwick_test[0m
[ 92%] [32m[1mLinking CXX executable stateless_orientation_test[0m
[ 92%] Built target madgwick_test
[ 92%] Built target stateless_orientation_test
[100%] [32m[1mLinking CXX executable imu_filter_madgwick_node[0m
[100%] Built target imu_filter_madgwick_node
-- Install configuration: ""
-- Execute custom install script
-- Symlinking: /home/xk/go2_slam_nav/install/imu_filter_madgwick/include/imu_filter_madgwick/base_node.hpp
-- Symlinking: /home/xk/go2_slam_nav/install/imu_filter_madgwick/include/imu_filter_madgwick/imu_filter.h
-- Symlinking: /home/xk/go2_slam_nav/install/imu_filter_madgwick/include/imu_filter_madgwick/imu_filter_ros.h
-- Symlinking: /home/xk/go2_slam_nav/install/imu_filter_madgwick/include/imu_filter_madgwick/stateless_orientation.h
-- Symlinking: /home/xk/go2_slam_nav/install/imu_filter_madgwick/include/imu_filter_madgwick/visibility_control.h
-- Symlinking: /home/xk/go2_slam_nav/install/imu_filter_madgwick/include/imu_filter_madgwick/world_frame.h
-- Symlinking: /home/xk/go2_slam_nav/install/imu_filter_madgwick/lib/imu_filter_madgwick/imu_filter_madgwick_node
-- Symlinking: /home/xk/go2_slam_nav/install/imu_filter_madgwick/share/imu_filter_madgwick/launch/imu_filter.launch.py
-- Symlinking: /home/xk/go2_slam_nav/install/imu_filter_madgwick/share/imu_filter_madgwick/launch/imu_filter_component.launch.py
-- Symlinking: /home/xk/go2_slam_nav/install/imu_filter_madgwick/share/imu_filter_madgwick/config/imu_filter.yaml
-- Symlinking: /home/xk/go2_slam_nav/install/imu_filter_madgwick/share/imu_filter_madgwick/environment/library_path.sh
-- Symlinking: /home/xk/go2_slam_nav/install/imu_filter_madgwick/share/imu_filter_madgwick/environment/library_path.dsv
-- Symlinking: /home/xk/go2_slam_nav/install/imu_filter_madgwick/share/ament_index/resource_index/package_run_dependencies/imu_filter_madgwick
-- Symlinking: /home/xk/go2_slam_nav/install/imu_filter_madgwick/share/ament_index/resource_index/parent_prefix_path/imu_filter_madgwick
-- Symlinking: /home/xk/go2_slam_nav/install/imu_filter_madgwick/share/imu_filter_madgwick/environment/ament_prefix_path.sh
-- Symlinking: /home/xk/go2_slam_nav/install/imu_filter_madgwick/share/imu_filter_madgwick/environment/ament_prefix_path.dsv
-- Symlinking: /home/xk/go2_slam_nav/install/imu_filter_madgwick/share/imu_filter_madgwick/environment/path.sh
-- Symlinking: /home/xk/go2_slam_nav/install/imu_filter_madgwick/share/imu_filter_madgwick/environment/path.dsv
-- Symlinking: /home/xk/go2_slam_nav/install/imu_filter_madgwick/share/imu_filter_madgwick/local_setup.bash
-- Symlinking: /home/xk/go2_slam_nav/install/imu_filter_madgwick/share/imu_filter_madgwick/local_setup.sh
-- Symlinking: /home/xk/go2_slam_nav/install/imu_filter_madgwick/share/imu_filter_madgwick/local_setup.zsh
-- Symlinking: /home/xk/go2_slam_nav/install/imu_filter_madgwick/share/imu_filter_madgwick/local_setup.dsv
-- Symlinking: /home/xk/go2_slam_nav/install/imu_filter_madgwick/share/imu_filter_madgwick/package.dsv
-- Symlinking: /home/xk/go2_slam_nav/install/imu_filter_madgwick/share/ament_index/resource_index/packages/imu_filter_madgwick
-- Symlinking: /home/xk/go2_slam_nav/install/imu_filter_madgwick/share/ament_index/resource_index/rclcpp_components/imu_filter_madgwick
-- Symlinking: /home/xk/go2_slam_nav/install/imu_filter_madgwick/share/imu_filter_madgwick/cmake/ament_cmake_export_include_directories-extras.cmake
-- Symlinking: /home/xk/go2_slam_nav/install/imu_filter_madgwick/share/imu_filter_madgwick/cmake/ament_cmake_export_libraries-extras.cmake
-- Symlinking: /home/xk/go2_slam_nav/install/imu_filter_madgwick/share/imu_filter_madgwick/cmake/imu_filter_madgwickConfig.cmake
-- Symlinking: /home/xk/go2_slam_nav/install/imu_filter_madgwick/share/imu_filter_madgwick/cmake/imu_filter_madgwickConfig-version.cmake
-- Symlinking: /home/xk/go2_slam_nav/install/imu_filter_madgwick/share/imu_filter_madgwick/package.xml
-- Installing: /home/xk/go2_slam_nav/install/imu_filter_madgwick/lib/libimu_filter_madgwick.so
-- Set runtime path of "/home/xk/go2_slam_nav/install/imu_filter_madgwick/lib/libimu_filter_madgwick.so" to ""
