[3.245s] Invoking command in '/home/xk/go2_slam_nav/build/my_unitree_controller': PYTHONPATH=/home/xk/go2_slam_nav/build/my_unitree_controller/prefix_override:/usr/lib/python3/dist-packages/colcon_core/task/python/colcon_distutils_commands:/home/xk/go2_slam_nav/install/my_unitree_controller/lib/python3.8/site-packages:${PYTHONPATH} /usr/bin/python3 -W ignore:setup.py install is deprecated -W ignore:easy_install command is deprecated setup.py develop --editable --build-directory /home/xk/go2_slam_nav/build/my_unitree_controller/build --no-deps symlink_data
[4.992s] running develop
[5.864s] running egg_info
[5.866s] creating my_unitree_controller.egg-info
[5.867s] writing my_unitree_controller.egg-info/PKG-INFO
[5.868s] writing dependency_links to my_unitree_controller.egg-info/dependency_links.txt
[5.869s] writing entry points to my_unitree_controller.egg-info/entry_points.txt
[5.869s] writing requirements to my_unitree_controller.egg-info/requires.txt
[5.870s] writing top-level names to my_unitree_controller.egg-info/top_level.txt
[5.874s] writing manifest file 'my_unitree_controller.egg-info/SOURCES.txt'
[6.045s] reading manifest file 'my_unitree_controller.egg-info/SOURCES.txt'
[6.048s] writing manifest file 'my_unitree_controller.egg-info/SOURCES.txt'
[6.237s] running build_ext
[6.238s] Creating /home/xk/go2_slam_nav/install/my_unitree_controller/lib/python3.8/site-packages/site.py
[6.249s] Creating /home/xk/go2_slam_nav/install/my_unitree_controller/lib/python3.8/site-packages/my-unitree-controller.egg-link (link to .)
[6.252s] Installing sport_controller script to /home/xk/go2_slam_nav/install/my_unitree_controller/lib/my_unitree_controller
[6.254s] 
[6.254s] Installed /home/xk/go2_slam_nav/build/my_unitree_controller
[6.255s] running symlink_data
[6.257s] creating /home/xk/go2_slam_nav/install/my_unitree_controller/share/ament_index
[6.257s] creating /home/xk/go2_slam_nav/install/my_unitree_controller/share/ament_index/resource_index
[6.258s] creating /home/xk/go2_slam_nav/install/my_unitree_controller/share/ament_index/resource_index/packages
[6.259s] symbolically linking /home/xk/go2_slam_nav/build/my_unitree_controller/resource/my_unitree_controller -> /home/xk/go2_slam_nav/install/my_unitree_controller/share/ament_index/resource_index/packages
[6.259s] symbolically linking /home/xk/go2_slam_nav/build/my_unitree_controller/package.xml -> /home/xk/go2_slam_nav/install/my_unitree_controller/share/my_unitree_controller
[6.399s] Invoked command in '/home/xk/go2_slam_nav/build/my_unitree_controller' returned '0': PYTHONPATH=/home/xk/go2_slam_nav/build/my_unitree_controller/prefix_override:/usr/lib/python3/dist-packages/colcon_core/task/python/colcon_distutils_commands:/home/xk/go2_slam_nav/install/my_unitree_controller/lib/python3.8/site-packages:${PYTHONPATH} /usr/bin/python3 -W ignore:setup.py install is deprecated -W ignore:easy_install command is deprecated setup.py develop --editable --build-directory /home/xk/go2_slam_nav/build/my_unitree_controller/build --no-deps symlink_data
