[0.218s] DEBUG:colcon:Command line arguments: ['/usr/bin/colcon', 'build', '--symlink-install', '--packages-select', 'go2_nav2', 'go2_rtabmap', 'my_unitree_controller']
[0.218s] DEBUG:colcon:Parsed command line arguments: Namespace(allow_overriding=[], ament_cmake_args=None, base_paths=['.'], build_base='build', catkin_cmake_args=None, catkin_skip_building_tests=False, cmake_args=None, cmake_clean_cache=False, cmake_clean_first=False, cmake_force_configure=False, cmake_target=None, cmake_target_skip_unavailable=False, continue_on_error=False, event_handlers=None, executor='parallel', ignore_user_meta=False, install_base='install', log_base=None, log_level=None, main=<bound method BuildVerb.main of <colcon_core.verb.build.BuildVerb object at 0x7fec33ae20a0>>, merge_install=False, metas=['./colcon.meta'], mixin=None, mixin_files=None, mixin_verb=('build',), packages_above=None, packages_above_and_dependencies=None, packages_above_depth=None, packages_end=None, packages_ignore=None, packages_ignore_regex=None, packages_select=['go2_nav2', 'go2_rtabmap', 'my_unitree_controller'], packages_select_build_failed=False, packages_select_by_dep=None, packages_select_regex=None, packages_select_test_failures=False, packages_skip=None, packages_skip_build_finished=False, packages_skip_by_dep=None, packages_skip_regex=None, packages_skip_test_passed=False, packages_skip_up_to=None, packages_start=None, packages_up_to=None, packages_up_to_regex=None, parallel_workers=8, paths=None, symlink_install=True, test_result_base=None, verb_extension=<colcon_core.verb.build.BuildVerb object at 0x7fec33ae20a0>, verb_name='build', verb_parser=<colcon_mixin.mixin.mixin_argument.MixinArgumentDecorator object at 0x7fec33a43520>)
[0.377s] Level 1:colcon.colcon_core.package_discovery:discover_packages(colcon_meta) check parameters
[0.377s] Level 1:colcon.colcon_core.package_discovery:discover_packages(recursive) check parameters
[0.377s] Level 1:colcon.colcon_core.package_discovery:discover_packages(ignore) check parameters
[0.377s] Level 1:colcon.colcon_core.package_discovery:discover_packages(path) check parameters
[0.377s] Level 1:colcon.colcon_core.package_discovery:discover_packages(colcon_meta) discover
[0.377s] Level 1:colcon.colcon_core.package_discovery:discover_packages(recursive) discover
[0.377s] INFO:colcon.colcon_core.package_discovery:Crawling recursively for packages in '/home/xk/go2_slam_nav/src'
[0.377s] Level 1:colcon.colcon_core.package_identification:_identify(.) by extensions ['ignore', 'ignore_ament_install']
[0.377s] Level 1:colcon.colcon_core.package_identification:_identify(.) by extension 'ignore'
[0.377s] Level 1:colcon.colcon_core.package_identification:_identify(.) by extension 'ignore_ament_install'
[0.378s] Level 1:colcon.colcon_core.package_identification:_identify(.) by extensions ['colcon_pkg']
[0.378s] Level 1:colcon.colcon_core.package_identification:_identify(.) by extension 'colcon_pkg'
[0.378s] Level 1:colcon.colcon_core.package_identification:_identify(.) by extensions ['colcon_meta']
[0.378s] Level 1:colcon.colcon_core.package_identification:_identify(.) by extension 'colcon_meta'
[0.378s] Level 1:colcon.colcon_core.package_identification:_identify(.) by extensions ['ros']
[0.378s] Level 1:colcon.colcon_core.package_identification:_identify(.) by extension 'ros'
[0.388s] Level 1:colcon.colcon_core.package_identification:_identify(.) by extensions ['cmake', 'python']
[0.388s] Level 1:colcon.colcon_core.package_identification:_identify(.) by extension 'cmake'
[0.388s] Level 1:colcon.colcon_core.package_identification:_identify(.) by extension 'python'
[0.388s] Level 1:colcon.colcon_core.package_identification:_identify(.) by extensions ['python_setup_py']
[0.388s] Level 1:colcon.colcon_core.package_identification:_identify(.) by extension 'python_setup_py'
[0.389s] Level 1:colcon.colcon_core.package_identification:_identify(build) by extensions ['ignore', 'ignore_ament_install']
[0.389s] Level 1:colcon.colcon_core.package_identification:_identify(build) by extension 'ignore'
[0.389s] Level 1:colcon.colcon_core.package_identification:_identify(build) ignored
[0.389s] Level 1:colcon.colcon_core.package_identification:_identify(go2_nav2) by extensions ['ignore', 'ignore_ament_install']
[0.389s] Level 1:colcon.colcon_core.package_identification:_identify(go2_nav2) by extension 'ignore'
[0.389s] Level 1:colcon.colcon_core.package_identification:_identify(go2_nav2) by extension 'ignore_ament_install'
[0.389s] Level 1:colcon.colcon_core.package_identification:_identify(go2_nav2) by extensions ['colcon_pkg']
[0.389s] Level 1:colcon.colcon_core.package_identification:_identify(go2_nav2) by extension 'colcon_pkg'
[0.389s] Level 1:colcon.colcon_core.package_identification:_identify(go2_nav2) by extensions ['colcon_meta']
[0.389s] Level 1:colcon.colcon_core.package_identification:_identify(go2_nav2) by extension 'colcon_meta'
[0.389s] Level 1:colcon.colcon_core.package_identification:_identify(go2_nav2) by extensions ['ros']
[0.389s] Level 1:colcon.colcon_core.package_identification:_identify(go2_nav2) by extension 'ros'
[0.392s] DEBUG:colcon.colcon_core.package_identification:Package 'go2_nav2' with type 'ros.ament_python' and name 'go2_nav2'
[0.392s] Level 1:colcon.colcon_core.package_identification:_identify(go2_rtabmap) by extensions ['ignore', 'ignore_ament_install']
[0.392s] Level 1:colcon.colcon_core.package_identification:_identify(go2_rtabmap) by extension 'ignore'
[0.392s] Level 1:colcon.colcon_core.package_identification:_identify(go2_rtabmap) by extension 'ignore_ament_install'
[0.392s] Level 1:colcon.colcon_core.package_identification:_identify(go2_rtabmap) by extensions ['colcon_pkg']
[0.392s] Level 1:colcon.colcon_core.package_identification:_identify(go2_rtabmap) by extension 'colcon_pkg'
[0.392s] Level 1:colcon.colcon_core.package_identification:_identify(go2_rtabmap) by extensions ['colcon_meta']
[0.392s] Level 1:colcon.colcon_core.package_identification:_identify(go2_rtabmap) by extension 'colcon_meta'
[0.392s] Level 1:colcon.colcon_core.package_identification:_identify(go2_rtabmap) by extensions ['ros']
[0.392s] Level 1:colcon.colcon_core.package_identification:_identify(go2_rtabmap) by extension 'ros'
[0.393s] DEBUG:colcon.colcon_core.package_identification:Package 'go2_rtabmap' with type 'ros.ament_python' and name 'go2_rtabmap'
[0.393s] Level 1:colcon.colcon_core.package_identification:_identify(imu_tools) by extensions ['ignore', 'ignore_ament_install']
[0.393s] Level 1:colcon.colcon_core.package_identification:_identify(imu_tools) by extension 'ignore'
[0.393s] Level 1:colcon.colcon_core.package_identification:_identify(imu_tools) by extension 'ignore_ament_install'
[0.393s] Level 1:colcon.colcon_core.package_identification:_identify(imu_tools) by extensions ['colcon_pkg']
[0.393s] Level 1:colcon.colcon_core.package_identification:_identify(imu_tools) by extension 'colcon_pkg'
[0.393s] Level 1:colcon.colcon_core.package_identification:_identify(imu_tools) by extensions ['colcon_meta']
[0.393s] Level 1:colcon.colcon_core.package_identification:_identify(imu_tools) by extension 'colcon_meta'
[0.393s] Level 1:colcon.colcon_core.package_identification:_identify(imu_tools) by extensions ['ros']
[0.393s] Level 1:colcon.colcon_core.package_identification:_identify(imu_tools) by extension 'ros'
[0.393s] Level 1:colcon.colcon_core.package_identification:_identify(imu_tools) by extensions ['cmake', 'python']
[0.393s] Level 1:colcon.colcon_core.package_identification:_identify(imu_tools) by extension 'cmake'
[0.393s] Level 1:colcon.colcon_core.package_identification:_identify(imu_tools) by extension 'python'
[0.393s] Level 1:colcon.colcon_core.package_identification:_identify(imu_tools) by extensions ['python_setup_py']
[0.393s] Level 1:colcon.colcon_core.package_identification:_identify(imu_tools) by extension 'python_setup_py'
[0.393s] Level 1:colcon.colcon_core.package_identification:_identify(imu_tools/imu_complementary_filter) by extensions ['ignore', 'ignore_ament_install']
[0.394s] Level 1:colcon.colcon_core.package_identification:_identify(imu_tools/imu_complementary_filter) by extension 'ignore'
[0.394s] Level 1:colcon.colcon_core.package_identification:_identify(imu_tools/imu_complementary_filter) by extension 'ignore_ament_install'
[0.394s] Level 1:colcon.colcon_core.package_identification:_identify(imu_tools/imu_complementary_filter) by extensions ['colcon_pkg']
[0.394s] Level 1:colcon.colcon_core.package_identification:_identify(imu_tools/imu_complementary_filter) by extension 'colcon_pkg'
[0.394s] Level 1:colcon.colcon_core.package_identification:_identify(imu_tools/imu_complementary_filter) by extensions ['colcon_meta']
[0.394s] Level 1:colcon.colcon_core.package_identification:_identify(imu_tools/imu_complementary_filter) by extension 'colcon_meta'
[0.394s] Level 1:colcon.colcon_core.package_identification:_identify(imu_tools/imu_complementary_filter) by extensions ['ros']
[0.394s] Level 1:colcon.colcon_core.package_identification:_identify(imu_tools/imu_complementary_filter) by extension 'ros'
[0.394s] DEBUG:colcon.colcon_core.package_identification:Package 'imu_tools/imu_complementary_filter' with type 'ros.ament_cmake' and name 'imu_complementary_filter'
[0.395s] Level 1:colcon.colcon_core.package_identification:_identify(imu_tools/imu_filter_madgwick) by extensions ['ignore', 'ignore_ament_install']
[0.395s] Level 1:colcon.colcon_core.package_identification:_identify(imu_tools/imu_filter_madgwick) by extension 'ignore'
[0.395s] Level 1:colcon.colcon_core.package_identification:_identify(imu_tools/imu_filter_madgwick) by extension 'ignore_ament_install'
[0.395s] Level 1:colcon.colcon_core.package_identification:_identify(imu_tools/imu_filter_madgwick) by extensions ['colcon_pkg']
[0.395s] Level 1:colcon.colcon_core.package_identification:_identify(imu_tools/imu_filter_madgwick) by extension 'colcon_pkg'
[0.395s] Level 1:colcon.colcon_core.package_identification:_identify(imu_tools/imu_filter_madgwick) by extensions ['colcon_meta']
[0.395s] Level 1:colcon.colcon_core.package_identification:_identify(imu_tools/imu_filter_madgwick) by extension 'colcon_meta'
[0.395s] Level 1:colcon.colcon_core.package_identification:_identify(imu_tools/imu_filter_madgwick) by extensions ['ros']
[0.395s] Level 1:colcon.colcon_core.package_identification:_identify(imu_tools/imu_filter_madgwick) by extension 'ros'
[0.396s] DEBUG:colcon.colcon_core.package_identification:Package 'imu_tools/imu_filter_madgwick' with type 'ros.ament_cmake' and name 'imu_filter_madgwick'
[0.396s] Level 1:colcon.colcon_core.package_identification:_identify(imu_tools/imu_tools) by extensions ['ignore', 'ignore_ament_install']
[0.396s] Level 1:colcon.colcon_core.package_identification:_identify(imu_tools/imu_tools) by extension 'ignore'
[0.397s] Level 1:colcon.colcon_core.package_identification:_identify(imu_tools/imu_tools) by extension 'ignore_ament_install'
[0.397s] Level 1:colcon.colcon_core.package_identification:_identify(imu_tools/imu_tools) by extensions ['colcon_pkg']
[0.397s] Level 1:colcon.colcon_core.package_identification:_identify(imu_tools/imu_tools) by extension 'colcon_pkg'
[0.397s] Level 1:colcon.colcon_core.package_identification:_identify(imu_tools/imu_tools) by extensions ['colcon_meta']
[0.397s] Level 1:colcon.colcon_core.package_identification:_identify(imu_tools/imu_tools) by extension 'colcon_meta'
[0.397s] Level 1:colcon.colcon_core.package_identification:_identify(imu_tools/imu_tools) by extensions ['ros']
[0.397s] Level 1:colcon.colcon_core.package_identification:_identify(imu_tools/imu_tools) by extension 'ros'
[0.397s] DEBUG:colcon.colcon_core.package_identification:Package 'imu_tools/imu_tools' with type 'ros.ament_cmake' and name 'imu_tools'
[0.397s] Level 1:colcon.colcon_core.package_identification:_identify(imu_tools/rviz_imu_plugin) by extensions ['ignore', 'ignore_ament_install']
[0.397s] Level 1:colcon.colcon_core.package_identification:_identify(imu_tools/rviz_imu_plugin) by extension 'ignore'
[0.398s] Level 1:colcon.colcon_core.package_identification:_identify(imu_tools/rviz_imu_plugin) by extension 'ignore_ament_install'
[0.398s] Level 1:colcon.colcon_core.package_identification:_identify(imu_tools/rviz_imu_plugin) by extensions ['colcon_pkg']
[0.398s] Level 1:colcon.colcon_core.package_identification:_identify(imu_tools/rviz_imu_plugin) by extension 'colcon_pkg'
[0.398s] Level 1:colcon.colcon_core.package_identification:_identify(imu_tools/rviz_imu_plugin) by extensions ['colcon_meta']
[0.398s] Level 1:colcon.colcon_core.package_identification:_identify(imu_tools/rviz_imu_plugin) by extension 'colcon_meta'
[0.398s] Level 1:colcon.colcon_core.package_identification:_identify(imu_tools/rviz_imu_plugin) by extensions ['ros']
[0.398s] Level 1:colcon.colcon_core.package_identification:_identify(imu_tools/rviz_imu_plugin) by extension 'ros'
[0.399s] DEBUG:colcon.colcon_core.package_identification:Package 'imu_tools/rviz_imu_plugin' with type 'ros.ament_cmake' and name 'rviz_imu_plugin'
[0.399s] Level 1:colcon.colcon_core.package_identification:_identify(install) by extensions ['ignore', 'ignore_ament_install']
[0.399s] Level 1:colcon.colcon_core.package_identification:_identify(install) by extension 'ignore'
[0.399s] Level 1:colcon.colcon_core.package_identification:_identify(install) ignored
[0.399s] Level 1:colcon.colcon_core.package_identification:_identify(log) by extensions ['ignore', 'ignore_ament_install']
[0.399s] Level 1:colcon.colcon_core.package_identification:_identify(log) by extension 'ignore'
[0.399s] Level 1:colcon.colcon_core.package_identification:_identify(log) ignored
[0.400s] Level 1:colcon.colcon_core.package_identification:_identify(my_unitree_controller) by extensions ['ignore', 'ignore_ament_install']
[0.400s] Level 1:colcon.colcon_core.package_identification:_identify(my_unitree_controller) by extension 'ignore'
[0.400s] Level 1:colcon.colcon_core.package_identification:_identify(my_unitree_controller) by extension 'ignore_ament_install'
[0.400s] Level 1:colcon.colcon_core.package_identification:_identify(my_unitree_controller) by extensions ['colcon_pkg']
[0.400s] Level 1:colcon.colcon_core.package_identification:_identify(my_unitree_controller) by extension 'colcon_pkg'
[0.400s] Level 1:colcon.colcon_core.package_identification:_identify(my_unitree_controller) by extensions ['colcon_meta']
[0.400s] Level 1:colcon.colcon_core.package_identification:_identify(my_unitree_controller) by extension 'colcon_meta'
[0.400s] Level 1:colcon.colcon_core.package_identification:_identify(my_unitree_controller) by extensions ['ros']
[0.400s] Level 1:colcon.colcon_core.package_identification:_identify(my_unitree_controller) by extension 'ros'
[0.401s] DEBUG:colcon.colcon_core.package_identification:Package 'my_unitree_controller' with type 'ros.ament_python' and name 'my_unitree_controller'
[0.401s] Level 1:colcon.colcon_core.package_discovery:discover_packages(recursive) using defaults
[0.401s] Level 1:colcon.colcon_core.package_discovery:discover_packages(ignore) discover
[0.401s] Level 1:colcon.colcon_core.package_discovery:discover_packages(ignore) using defaults
[0.401s] Level 1:colcon.colcon_core.package_discovery:discover_packages(path) discover
[0.401s] Level 1:colcon.colcon_core.package_discovery:discover_packages(path) using defaults
[0.426s] INFO:colcon.colcon_core.package_selection:Skipping not selected package 'imu_complementary_filter' in 'imu_tools/imu_complementary_filter'
[0.426s] INFO:colcon.colcon_core.package_selection:Skipping not selected package 'imu_filter_madgwick' in 'imu_tools/imu_filter_madgwick'
[0.426s] INFO:colcon.colcon_core.package_selection:Skipping not selected package 'rviz_imu_plugin' in 'imu_tools/rviz_imu_plugin'
[0.427s] INFO:colcon.colcon_core.package_selection:Skipping not selected package 'imu_tools' in 'imu_tools/imu_tools'
[0.427s] Level 1:colcon.colcon_core.package_discovery:discover_packages(prefix_path) check parameters
[0.427s] Level 1:colcon.colcon_core.package_discovery:discover_packages(prefix_path) discover
[0.429s] DEBUG:colcon.colcon_installed_package_information.package_discovery:Found 3 installed packages in /home/xk/realsense_ros_ws/install
[0.430s] DEBUG:colcon.colcon_installed_package_information.package_discovery:Found 1 installed packages in /home/xk/hesai_ws/install
[0.430s] DEBUG:colcon.colcon_installed_package_information.package_discovery:Found 14 installed packages in /home/xk/rtab_ws/install
[0.431s] DEBUG:colcon.colcon_installed_package_information.package_discovery:Found 5 installed packages in /home/xk/unitree_ros2/cyclonedds_ws/install
[0.432s] DEBUG:colcon.colcon_installed_package_information.package_discovery:Found 381 installed packages in /opt/ros/foxy
[0.434s] Level 1:colcon.colcon_core.package_discovery:discover_packages(prefix_path) using defaults
[0.510s] Level 5:colcon.colcon_core.verb:set package 'go2_nav2' build argument 'cmake_args' from command line to 'None'
[0.510s] Level 5:colcon.colcon_core.verb:set package 'go2_nav2' build argument 'cmake_target' from command line to 'None'
[0.510s] Level 5:colcon.colcon_core.verb:set package 'go2_nav2' build argument 'cmake_target_skip_unavailable' from command line to 'False'
[0.510s] Level 5:colcon.colcon_core.verb:set package 'go2_nav2' build argument 'cmake_clean_cache' from command line to 'False'
[0.510s] Level 5:colcon.colcon_core.verb:set package 'go2_nav2' build argument 'cmake_clean_first' from command line to 'False'
[0.510s] Level 5:colcon.colcon_core.verb:set package 'go2_nav2' build argument 'cmake_force_configure' from command line to 'False'
[0.510s] Level 5:colcon.colcon_core.verb:set package 'go2_nav2' build argument 'ament_cmake_args' from command line to 'None'
[0.510s] Level 5:colcon.colcon_core.verb:set package 'go2_nav2' build argument 'catkin_cmake_args' from command line to 'None'
[0.510s] Level 5:colcon.colcon_core.verb:set package 'go2_nav2' build argument 'catkin_skip_building_tests' from command line to 'False'
[0.510s] DEBUG:colcon.colcon_core.verb:Building package 'go2_nav2' with the following arguments: {'ament_cmake_args': None, 'build_base': '/home/xk/go2_slam_nav/src/build/go2_nav2', 'catkin_cmake_args': None, 'catkin_skip_building_tests': False, 'cmake_args': None, 'cmake_clean_cache': False, 'cmake_clean_first': False, 'cmake_force_configure': False, 'cmake_target': None, 'cmake_target_skip_unavailable': False, 'install_base': '/home/xk/go2_slam_nav/src/install/go2_nav2', 'merge_install': False, 'path': '/home/xk/go2_slam_nav/src/go2_nav2', 'symlink_install': True, 'test_result_base': None}
[0.511s] Level 5:colcon.colcon_core.verb:set package 'go2_rtabmap' build argument 'cmake_args' from command line to 'None'
[0.511s] Level 5:colcon.colcon_core.verb:set package 'go2_rtabmap' build argument 'cmake_target' from command line to 'None'
[0.511s] Level 5:colcon.colcon_core.verb:set package 'go2_rtabmap' build argument 'cmake_target_skip_unavailable' from command line to 'False'
[0.511s] Level 5:colcon.colcon_core.verb:set package 'go2_rtabmap' build argument 'cmake_clean_cache' from command line to 'False'
[0.511s] Level 5:colcon.colcon_core.verb:set package 'go2_rtabmap' build argument 'cmake_clean_first' from command line to 'False'
[0.511s] Level 5:colcon.colcon_core.verb:set package 'go2_rtabmap' build argument 'cmake_force_configure' from command line to 'False'
[0.511s] Level 5:colcon.colcon_core.verb:set package 'go2_rtabmap' build argument 'ament_cmake_args' from command line to 'None'
[0.511s] Level 5:colcon.colcon_core.verb:set package 'go2_rtabmap' build argument 'catkin_cmake_args' from command line to 'None'
[0.511s] Level 5:colcon.colcon_core.verb:set package 'go2_rtabmap' build argument 'catkin_skip_building_tests' from command line to 'False'
[0.511s] DEBUG:colcon.colcon_core.verb:Building package 'go2_rtabmap' with the following arguments: {'ament_cmake_args': None, 'build_base': '/home/xk/go2_slam_nav/src/build/go2_rtabmap', 'catkin_cmake_args': None, 'catkin_skip_building_tests': False, 'cmake_args': None, 'cmake_clean_cache': False, 'cmake_clean_first': False, 'cmake_force_configure': False, 'cmake_target': None, 'cmake_target_skip_unavailable': False, 'install_base': '/home/xk/go2_slam_nav/src/install/go2_rtabmap', 'merge_install': False, 'path': '/home/xk/go2_slam_nav/src/go2_rtabmap', 'symlink_install': True, 'test_result_base': None}
[0.511s] Level 5:colcon.colcon_core.verb:set package 'my_unitree_controller' build argument 'cmake_args' from command line to 'None'
[0.511s] Level 5:colcon.colcon_core.verb:set package 'my_unitree_controller' build argument 'cmake_target' from command line to 'None'
[0.511s] Level 5:colcon.colcon_core.verb:set package 'my_unitree_controller' build argument 'cmake_target_skip_unavailable' from command line to 'False'
[0.511s] Level 5:colcon.colcon_core.verb:set package 'my_unitree_controller' build argument 'cmake_clean_cache' from command line to 'False'
[0.511s] Level 5:colcon.colcon_core.verb:set package 'my_unitree_controller' build argument 'cmake_clean_first' from command line to 'False'
[0.511s] Level 5:colcon.colcon_core.verb:set package 'my_unitree_controller' build argument 'cmake_force_configure' from command line to 'False'
[0.511s] Level 5:colcon.colcon_core.verb:set package 'my_unitree_controller' build argument 'ament_cmake_args' from command line to 'None'
[0.511s] Level 5:colcon.colcon_core.verb:set package 'my_unitree_controller' build argument 'catkin_cmake_args' from command line to 'None'
[0.511s] Level 5:colcon.colcon_core.verb:set package 'my_unitree_controller' build argument 'catkin_skip_building_tests' from command line to 'False'
[0.511s] DEBUG:colcon.colcon_core.verb:Building package 'my_unitree_controller' with the following arguments: {'ament_cmake_args': None, 'build_base': '/home/xk/go2_slam_nav/src/build/my_unitree_controller', 'catkin_cmake_args': None, 'catkin_skip_building_tests': False, 'cmake_args': None, 'cmake_clean_cache': False, 'cmake_clean_first': False, 'cmake_force_configure': False, 'cmake_target': None, 'cmake_target_skip_unavailable': False, 'install_base': '/home/xk/go2_slam_nav/src/install/my_unitree_controller', 'merge_install': False, 'path': '/home/xk/go2_slam_nav/src/my_unitree_controller', 'symlink_install': True, 'test_result_base': None}
[0.512s] INFO:colcon.colcon_core.executor:Executing jobs using 'parallel' executor
[0.512s] DEBUG:colcon.colcon_parallel_executor.executor.parallel:run_until_complete
[0.513s] INFO:colcon.colcon_ros.task.ament_python.build:Building ROS package in '/home/xk/go2_slam_nav/src/go2_nav2' with build type 'ament_python'
[0.513s] Level 1:colcon.colcon_core.shell:create_environment_hook('go2_nav2', 'ament_prefix_path')
[0.515s] INFO:colcon.colcon_core.plugin_system:Skipping extension 'colcon_core.shell.bat': Not used on non-Windows systems
[0.515s] INFO:colcon.colcon_core.shell:Creating environment hook '/home/xk/go2_slam_nav/src/install/go2_nav2/share/go2_nav2/hook/ament_prefix_path.ps1'
[0.516s] INFO:colcon.colcon_core.shell:Creating environment descriptor '/home/xk/go2_slam_nav/src/install/go2_nav2/share/go2_nav2/hook/ament_prefix_path.dsv'
[0.516s] INFO:colcon.colcon_core.shell:Creating environment hook '/home/xk/go2_slam_nav/src/install/go2_nav2/share/go2_nav2/hook/ament_prefix_path.sh'
[0.517s] INFO:colcon.colcon_core.shell:Skip shell extension 'powershell' for command environment: Not usable outside of PowerShell
[0.517s] DEBUG:colcon.colcon_core.shell:Skip shell extension 'dsv' for command environment
[0.524s] INFO:colcon.colcon_ros.task.ament_python.build:Building ROS package in '/home/xk/go2_slam_nav/src/go2_rtabmap' with build type 'ament_python'
[0.524s] Level 1:colcon.colcon_core.shell:create_environment_hook('go2_rtabmap', 'ament_prefix_path')
[0.525s] INFO:colcon.colcon_core.shell:Creating environment hook '/home/xk/go2_slam_nav/src/install/go2_rtabmap/share/go2_rtabmap/hook/ament_prefix_path.ps1'
[0.526s] INFO:colcon.colcon_core.shell:Creating environment descriptor '/home/xk/go2_slam_nav/src/install/go2_rtabmap/share/go2_rtabmap/hook/ament_prefix_path.dsv'
[0.526s] INFO:colcon.colcon_core.shell:Creating environment hook '/home/xk/go2_slam_nav/src/install/go2_rtabmap/share/go2_rtabmap/hook/ament_prefix_path.sh'
[0.527s] INFO:colcon.colcon_core.shell:Skip shell extension 'powershell' for command environment: Not usable outside of PowerShell
[0.527s] DEBUG:colcon.colcon_core.shell:Skip shell extension 'dsv' for command environment
[0.535s] INFO:colcon.colcon_ros.task.ament_python.build:Building ROS package in '/home/xk/go2_slam_nav/src/my_unitree_controller' with build type 'ament_python'
[0.536s] Level 1:colcon.colcon_core.shell:create_environment_hook('my_unitree_controller', 'ament_prefix_path')
[0.536s] INFO:colcon.colcon_core.shell:Creating environment hook '/home/xk/go2_slam_nav/src/install/my_unitree_controller/share/my_unitree_controller/hook/ament_prefix_path.ps1'
[0.537s] INFO:colcon.colcon_core.shell:Creating environment descriptor '/home/xk/go2_slam_nav/src/install/my_unitree_controller/share/my_unitree_controller/hook/ament_prefix_path.dsv'
[0.537s] INFO:colcon.colcon_core.shell:Creating environment hook '/home/xk/go2_slam_nav/src/install/my_unitree_controller/share/my_unitree_controller/hook/ament_prefix_path.sh'
[0.538s] INFO:colcon.colcon_core.shell:Skip shell extension 'powershell' for command environment: Not usable outside of PowerShell
[0.538s] DEBUG:colcon.colcon_core.shell:Skip shell extension 'dsv' for command environment
[0.788s] INFO:colcon.colcon_core.task.python.build:Building Python package in '/home/xk/go2_slam_nav/src/go2_nav2'
[0.789s] INFO:colcon.colcon_core.shell:Skip shell extension 'powershell' for command environment: Not usable outside of PowerShell
[0.789s] DEBUG:colcon.colcon_core.shell:Skip shell extension 'dsv' for command environment
[1.049s] INFO:colcon.colcon_core.task.python.build:Building Python package in '/home/xk/go2_slam_nav/src/go2_rtabmap'
[1.049s] INFO:colcon.colcon_core.shell:Skip shell extension 'powershell' for command environment: Not usable outside of PowerShell
[1.049s] DEBUG:colcon.colcon_core.shell:Skip shell extension 'dsv' for command environment
[1.296s] INFO:colcon.colcon_core.task.python.build:Building Python package in '/home/xk/go2_slam_nav/src/my_unitree_controller'
[1.297s] INFO:colcon.colcon_core.shell:Skip shell extension 'powershell' for command environment: Not usable outside of PowerShell
[1.297s] DEBUG:colcon.colcon_core.shell:Skip shell extension 'dsv' for command environment
[1.758s] DEBUG:colcon.colcon_core.event_handler.log_command:Invoking command in '/home/xk/go2_slam_nav/src/build/go2_rtabmap': PYTHONPATH=/home/xk/go2_slam_nav/src/build/go2_rtabmap/prefix_override:/usr/lib/python3/dist-packages/colcon_core/task/python/colcon_distutils_commands:/home/xk/go2_slam_nav/src/install/go2_rtabmap/lib/python3.8/site-packages:${PYTHONPATH} /usr/bin/python3 -W ignore:setup.py install is deprecated -W ignore:easy_install command is deprecated setup.py develop --editable --build-directory /home/xk/go2_slam_nav/src/build/go2_rtabmap/build --no-deps symlink_data
[1.774s] DEBUG:colcon.colcon_core.event_handler.log_command:Invoking command in '/home/xk/go2_slam_nav/src/build/go2_nav2': PYTHONPATH=/home/xk/go2_slam_nav/src/build/go2_nav2/prefix_override:/usr/lib/python3/dist-packages/colcon_core/task/python/colcon_distutils_commands:/home/xk/go2_slam_nav/src/install/go2_nav2/lib/python3.8/site-packages:${PYTHONPATH} /usr/bin/python3 -W ignore:setup.py install is deprecated -W ignore:easy_install command is deprecated setup.py develop --editable --build-directory /home/xk/go2_slam_nav/src/build/go2_nav2/build --no-deps symlink_data
[1.779s] DEBUG:colcon.colcon_core.event_handler.log_command:Invoking command in '/home/xk/go2_slam_nav/src/build/my_unitree_controller': PYTHONPATH=/home/xk/go2_slam_nav/src/build/my_unitree_controller/prefix_override:/usr/lib/python3/dist-packages/colcon_core/task/python/colcon_distutils_commands:/home/xk/go2_slam_nav/src/install/my_unitree_controller/lib/python3.8/site-packages:${PYTHONPATH} /usr/bin/python3 -W ignore:setup.py install is deprecated -W ignore:easy_install command is deprecated setup.py develop --editable --build-directory /home/xk/go2_slam_nav/src/build/my_unitree_controller/build --no-deps symlink_data
[2.450s] Level 1:colcon.colcon_core.shell:create_environment_hook('my_unitree_controller', 'pythonpath_develop')
[2.451s] INFO:colcon.colcon_core.shell:Creating environment hook '/home/xk/go2_slam_nav/src/build/my_unitree_controller/share/my_unitree_controller/hook/pythonpath_develop.ps1'
[2.452s] INFO:colcon.colcon_core.shell:Creating environment descriptor '/home/xk/go2_slam_nav/src/build/my_unitree_controller/share/my_unitree_controller/hook/pythonpath_develop.dsv'
[2.453s] DEBUG:colcon.colcon_core.event_handler.log_command:Invoked command in '/home/xk/go2_slam_nav/src/build/my_unitree_controller' returned '0': PYTHONPATH=/home/xk/go2_slam_nav/src/build/my_unitree_controller/prefix_override:/usr/lib/python3/dist-packages/colcon_core/task/python/colcon_distutils_commands:/home/xk/go2_slam_nav/src/install/my_unitree_controller/lib/python3.8/site-packages:${PYTHONPATH} /usr/bin/python3 -W ignore:setup.py install is deprecated -W ignore:easy_install command is deprecated setup.py develop --editable --build-directory /home/xk/go2_slam_nav/src/build/my_unitree_controller/build --no-deps symlink_data
[2.453s] INFO:colcon.colcon_core.shell:Creating environment hook '/home/xk/go2_slam_nav/src/build/my_unitree_controller/share/my_unitree_controller/hook/pythonpath_develop.sh'
[2.458s] Level 1:colcon.colcon_core.environment:checking '/home/xk/go2_slam_nav/src/install/my_unitree_controller' for CMake module files
[2.459s] Level 1:colcon.colcon_core.environment:checking '/home/xk/go2_slam_nav/src/install/my_unitree_controller' for CMake config files
[2.460s] Level 1:colcon.colcon_core.environment:checking '/home/xk/go2_slam_nav/src/install/my_unitree_controller/lib'
[2.460s] Level 1:colcon.colcon_core.environment:checking '/home/xk/go2_slam_nav/src/install/my_unitree_controller/bin'
[2.461s] Level 1:colcon.colcon_core.environment:checking '/home/xk/go2_slam_nav/src/install/my_unitree_controller/lib/pkgconfig/my_unitree_controller.pc'
[2.461s] Level 1:colcon.colcon_core.environment:checking '/home/xk/go2_slam_nav/src/install/my_unitree_controller/lib/python3.8/site-packages'
[2.461s] Level 1:colcon.colcon_core.shell:create_environment_hook('my_unitree_controller', 'pythonpath')
[2.461s] INFO:colcon.colcon_core.shell:Creating environment hook '/home/xk/go2_slam_nav/src/install/my_unitree_controller/share/my_unitree_controller/hook/pythonpath.ps1'
[2.462s] INFO:colcon.colcon_core.shell:Creating environment descriptor '/home/xk/go2_slam_nav/src/install/my_unitree_controller/share/my_unitree_controller/hook/pythonpath.dsv'
[2.463s] INFO:colcon.colcon_core.shell:Creating environment hook '/home/xk/go2_slam_nav/src/install/my_unitree_controller/share/my_unitree_controller/hook/pythonpath.sh'
[2.464s] Level 1:colcon.colcon_core.environment:checking '/home/xk/go2_slam_nav/src/install/my_unitree_controller/bin'
[2.464s] Level 1:colcon.colcon_core.environment:create_environment_scripts_only(my_unitree_controller)
[2.465s] INFO:colcon.colcon_core.shell:Creating package script '/home/xk/go2_slam_nav/src/install/my_unitree_controller/share/my_unitree_controller/package.ps1'
[2.467s] INFO:colcon.colcon_core.shell:Creating package descriptor '/home/xk/go2_slam_nav/src/install/my_unitree_controller/share/my_unitree_controller/package.dsv'
[2.469s] INFO:colcon.colcon_core.shell:Creating package script '/home/xk/go2_slam_nav/src/install/my_unitree_controller/share/my_unitree_controller/package.sh'
[2.471s] INFO:colcon.colcon_core.shell:Creating package script '/home/xk/go2_slam_nav/src/install/my_unitree_controller/share/my_unitree_controller/package.bash'
[2.473s] INFO:colcon.colcon_core.shell:Creating package script '/home/xk/go2_slam_nav/src/install/my_unitree_controller/share/my_unitree_controller/package.zsh'
[2.474s] Level 1:colcon.colcon_core.environment:create_file_with_runtime_dependencies(/home/xk/go2_slam_nav/src/install/my_unitree_controller/share/colcon-core/packages/my_unitree_controller)
[2.476s] Level 1:colcon.colcon_core.shell:create_environment_hook('go2_nav2', 'pythonpath_develop')
[2.476s] INFO:colcon.colcon_core.shell:Creating environment hook '/home/xk/go2_slam_nav/src/build/go2_nav2/share/go2_nav2/hook/pythonpath_develop.ps1'
[2.478s] INFO:colcon.colcon_core.shell:Creating environment descriptor '/home/xk/go2_slam_nav/src/build/go2_nav2/share/go2_nav2/hook/pythonpath_develop.dsv'
[2.479s] INFO:colcon.colcon_core.shell:Creating environment hook '/home/xk/go2_slam_nav/src/build/go2_nav2/share/go2_nav2/hook/pythonpath_develop.sh'
[2.480s] Level 1:colcon.colcon_core.environment:checking '/home/xk/go2_slam_nav/src/install/go2_nav2' for CMake module files
[2.481s] DEBUG:colcon.colcon_core.event_handler.log_command:Invoked command in '/home/xk/go2_slam_nav/src/build/go2_nav2' returned '0': PYTHONPATH=/home/xk/go2_slam_nav/src/build/go2_nav2/prefix_override:/usr/lib/python3/dist-packages/colcon_core/task/python/colcon_distutils_commands:/home/xk/go2_slam_nav/src/install/go2_nav2/lib/python3.8/site-packages:${PYTHONPATH} /usr/bin/python3 -W ignore:setup.py install is deprecated -W ignore:easy_install command is deprecated setup.py develop --editable --build-directory /home/xk/go2_slam_nav/src/build/go2_nav2/build --no-deps symlink_data
[2.481s] Level 1:colcon.colcon_core.environment:checking '/home/xk/go2_slam_nav/src/install/go2_nav2' for CMake config files
[2.482s] Level 1:colcon.colcon_core.environment:checking '/home/xk/go2_slam_nav/src/install/go2_nav2/lib'
[2.482s] Level 1:colcon.colcon_core.environment:checking '/home/xk/go2_slam_nav/src/install/go2_nav2/bin'
[2.482s] Level 1:colcon.colcon_core.environment:checking '/home/xk/go2_slam_nav/src/install/go2_nav2/lib/pkgconfig/go2_nav2.pc'
[2.483s] Level 1:colcon.colcon_core.environment:checking '/home/xk/go2_slam_nav/src/install/go2_nav2/lib/python3.8/site-packages'
[2.483s] Level 1:colcon.colcon_core.shell:create_environment_hook('go2_nav2', 'pythonpath')
[2.483s] INFO:colcon.colcon_core.shell:Creating environment hook '/home/xk/go2_slam_nav/src/install/go2_nav2/share/go2_nav2/hook/pythonpath.ps1'
[2.484s] INFO:colcon.colcon_core.shell:Creating environment descriptor '/home/xk/go2_slam_nav/src/install/go2_nav2/share/go2_nav2/hook/pythonpath.dsv'
[2.484s] INFO:colcon.colcon_core.shell:Creating environment hook '/home/xk/go2_slam_nav/src/install/go2_nav2/share/go2_nav2/hook/pythonpath.sh'
[2.485s] Level 1:colcon.colcon_core.environment:checking '/home/xk/go2_slam_nav/src/install/go2_nav2/bin'
[2.485s] Level 1:colcon.colcon_core.environment:create_environment_scripts_only(go2_nav2)
[2.486s] INFO:colcon.colcon_core.shell:Creating package script '/home/xk/go2_slam_nav/src/install/go2_nav2/share/go2_nav2/package.ps1'
[2.487s] INFO:colcon.colcon_core.shell:Creating package descriptor '/home/xk/go2_slam_nav/src/install/go2_nav2/share/go2_nav2/package.dsv'
[2.488s] INFO:colcon.colcon_core.shell:Creating package script '/home/xk/go2_slam_nav/src/install/go2_nav2/share/go2_nav2/package.sh'
[2.488s] INFO:colcon.colcon_core.shell:Creating package script '/home/xk/go2_slam_nav/src/install/go2_nav2/share/go2_nav2/package.bash'
[2.489s] INFO:colcon.colcon_core.shell:Creating package script '/home/xk/go2_slam_nav/src/install/go2_nav2/share/go2_nav2/package.zsh'
[2.489s] Level 1:colcon.colcon_core.environment:create_file_with_runtime_dependencies(/home/xk/go2_slam_nav/src/install/go2_nav2/share/colcon-core/packages/go2_nav2)
[2.491s] Level 1:colcon.colcon_core.shell:create_environment_hook('go2_rtabmap', 'pythonpath_develop')
[2.491s] INFO:colcon.colcon_core.shell:Creating environment hook '/home/xk/go2_slam_nav/src/build/go2_rtabmap/share/go2_rtabmap/hook/pythonpath_develop.ps1'
[2.492s] DEBUG:colcon.colcon_core.event_handler.log_command:Invoked command in '/home/xk/go2_slam_nav/src/build/go2_rtabmap' returned '0': PYTHONPATH=/home/xk/go2_slam_nav/src/build/go2_rtabmap/prefix_override:/usr/lib/python3/dist-packages/colcon_core/task/python/colcon_distutils_commands:/home/xk/go2_slam_nav/src/install/go2_rtabmap/lib/python3.8/site-packages:${PYTHONPATH} /usr/bin/python3 -W ignore:setup.py install is deprecated -W ignore:easy_install command is deprecated setup.py develop --editable --build-directory /home/xk/go2_slam_nav/src/build/go2_rtabmap/build --no-deps symlink_data
[2.493s] INFO:colcon.colcon_core.shell:Creating environment descriptor '/home/xk/go2_slam_nav/src/build/go2_rtabmap/share/go2_rtabmap/hook/pythonpath_develop.dsv'
[2.493s] INFO:colcon.colcon_core.shell:Creating environment hook '/home/xk/go2_slam_nav/src/build/go2_rtabmap/share/go2_rtabmap/hook/pythonpath_develop.sh'
[2.494s] Level 1:colcon.colcon_core.environment:checking '/home/xk/go2_slam_nav/src/install/go2_rtabmap' for CMake module files
[2.495s] Level 1:colcon.colcon_core.environment:checking '/home/xk/go2_slam_nav/src/install/go2_rtabmap' for CMake config files
[2.495s] Level 1:colcon.colcon_core.environment:checking '/home/xk/go2_slam_nav/src/install/go2_rtabmap/lib'
[2.496s] Level 1:colcon.colcon_core.environment:checking '/home/xk/go2_slam_nav/src/install/go2_rtabmap/bin'
[2.496s] Level 1:colcon.colcon_core.environment:checking '/home/xk/go2_slam_nav/src/install/go2_rtabmap/lib/pkgconfig/go2_rtabmap.pc'
[2.496s] Level 1:colcon.colcon_core.environment:checking '/home/xk/go2_slam_nav/src/install/go2_rtabmap/lib/python3.8/site-packages'
[2.496s] Level 1:colcon.colcon_core.shell:create_environment_hook('go2_rtabmap', 'pythonpath')
[2.497s] INFO:colcon.colcon_core.shell:Creating environment hook '/home/xk/go2_slam_nav/src/install/go2_rtabmap/share/go2_rtabmap/hook/pythonpath.ps1'
[2.498s] INFO:colcon.colcon_core.shell:Creating environment descriptor '/home/xk/go2_slam_nav/src/install/go2_rtabmap/share/go2_rtabmap/hook/pythonpath.dsv'
[2.498s] INFO:colcon.colcon_core.shell:Creating environment hook '/home/xk/go2_slam_nav/src/install/go2_rtabmap/share/go2_rtabmap/hook/pythonpath.sh'
[2.500s] Level 1:colcon.colcon_core.environment:checking '/home/xk/go2_slam_nav/src/install/go2_rtabmap/bin'
[2.500s] Level 1:colcon.colcon_core.environment:create_environment_scripts_only(go2_rtabmap)
[2.501s] INFO:colcon.colcon_core.shell:Creating package script '/home/xk/go2_slam_nav/src/install/go2_rtabmap/share/go2_rtabmap/package.ps1'
[2.502s] INFO:colcon.colcon_core.shell:Creating package descriptor '/home/xk/go2_slam_nav/src/install/go2_rtabmap/share/go2_rtabmap/package.dsv'
[2.503s] INFO:colcon.colcon_core.shell:Creating package script '/home/xk/go2_slam_nav/src/install/go2_rtabmap/share/go2_rtabmap/package.sh'
[2.504s] INFO:colcon.colcon_core.shell:Creating package script '/home/xk/go2_slam_nav/src/install/go2_rtabmap/share/go2_rtabmap/package.bash'
[2.504s] INFO:colcon.colcon_core.shell:Creating package script '/home/xk/go2_slam_nav/src/install/go2_rtabmap/share/go2_rtabmap/package.zsh'
[2.504s] Level 1:colcon.colcon_core.environment:create_file_with_runtime_dependencies(/home/xk/go2_slam_nav/src/install/go2_rtabmap/share/colcon-core/packages/go2_rtabmap)
[2.505s] DEBUG:colcon.colcon_parallel_executor.executor.parallel:closing loop
[2.505s] DEBUG:colcon.colcon_parallel_executor.executor.parallel:loop closed
[2.505s] DEBUG:colcon.colcon_parallel_executor.executor.parallel:run_until_complete finished with '0'
[2.505s] DEBUG:colcon.colcon_core.event_reactor:joining thread
[2.514s] INFO:colcon.colcon_core.plugin_system:Skipping extension 'colcon_notification.desktop_notification.terminal_notifier': Not used on non-Darwin systems
[2.514s] INFO:colcon.colcon_core.plugin_system:Skipping extension 'colcon_notification.desktop_notification.win32': Not used on non-Windows systems
[2.514s] INFO:colcon.colcon_notification.desktop_notification:Sending desktop notification using 'notify2'
[2.537s] DEBUG:colcon.colcon_core.event_reactor:joined thread
[2.537s] INFO:colcon.colcon_core.shell:Creating prefix script '/home/xk/go2_slam_nav/src/install/local_setup.ps1'
[2.538s] INFO:colcon.colcon_core.shell:Creating prefix util module '/home/xk/go2_slam_nav/src/install/_local_setup_util_ps1.py'
[2.541s] INFO:colcon.colcon_core.shell:Creating prefix chain script '/home/xk/go2_slam_nav/src/install/setup.ps1'
[2.543s] INFO:colcon.colcon_core.shell:Creating prefix script '/home/xk/go2_slam_nav/src/install/local_setup.sh'
[2.544s] INFO:colcon.colcon_core.shell:Creating prefix util module '/home/xk/go2_slam_nav/src/install/_local_setup_util_sh.py'
[2.545s] INFO:colcon.colcon_core.shell:Creating prefix chain script '/home/xk/go2_slam_nav/src/install/setup.sh'
[2.547s] INFO:colcon.colcon_core.shell:Creating prefix script '/home/xk/go2_slam_nav/src/install/local_setup.bash'
[2.548s] INFO:colcon.colcon_core.shell:Creating prefix chain script '/home/xk/go2_slam_nav/src/install/setup.bash'
[2.551s] INFO:colcon.colcon_core.shell:Creating prefix script '/home/xk/go2_slam_nav/src/install/local_setup.zsh'
[2.551s] INFO:colcon.colcon_core.shell:Creating prefix chain script '/home/xk/go2_slam_nav/src/install/setup.zsh'
